2016-09-23 10:55:04,615 [13] DEBUG PlotService.Services.Helper - PlotTask 0 29 sec
2016-09-23 10:55:05,181 [11] DEBUG PlotService.Services.Helper - PlotTask 0 30 sec
2016-09-23 10:55:08,887 [12] DEBUG PlotService.Services.Helper - PlotTask 0 33 sec
2016-09-23 10:55:16,269 [11] DEBUG PlotService.Services.Helper - PlotTask 0 41 sec
2016-09-23 10:55:19,590 [13] DEBUG PlotService.Services.Helper - PlotTask 0 44 sec
2016-09-23 10:55:33,612 [11] DEBUG PlotService.Services.Helper - PlotTask 0 58 sec
2016-09-23 10:55:34,670 [12] DEBUG PlotService.Services.Helper - PlotTask 0 59 sec
2016-09-23 10:55:36,980 [13] DEBUG PlotService.Services.Helper - PlotTask 0 61 sec
2016-09-23 10:56:23,455 [13] DEBUG PlotService.Services.Helper - PlotTask 0 18 sec
2016-09-23 10:56:24,887 [12] DEBUG PlotService.Services.Helper - PlotTask 0 19 sec
2016-09-23 10:56:27,917 [11] DEBUG PlotService.Services.Helper - PlotTask 0 23 sec
2016-09-23 10:56:35,760 [12] DEBUG PlotService.Services.Helper - PlotTask 0 30 sec
2016-09-23 10:56:39,287 [13] DEBUG PlotService.Services.Helper - PlotTask 0 34 sec
2016-09-23 11:01:24,121 [9] DEBUG PlotService.Services.Helper - PlotTask 1 19 sec
2016-09-23 11:01:25,029 [10] DEBUG PlotService.Services.Helper - PlotTask 2 20 sec
2016-09-23 11:01:28,405 [11] DEBUG PlotService.Services.Helper - PlotTask 3 24 sec
2016-09-23 11:01:37,002 [10] DEBUG PlotService.Services.Helper - PlotTask 4 32 sec
2016-09-23 11:01:39,230 [9] DEBUG PlotService.Services.Helper - PlotTask 5 35 sec
2016-09-23 11:01:49,759 [11] DEBUG PlotService.Services.Helper - PlotTask 6 45 sec
2016-09-23 11:01:52,033 [10] DEBUG PlotService.Services.Helper - PlotTask 7 47 sec
2016-09-23 11:01:52,961 [9] DEBUG PlotService.Services.Helper - PlotTask 8 48 sec
2016-09-23 11:02:05,059 [10] DEBUG PlotService.Services.Helper - PlotTask 9 60 sec
2016-09-23 11:02:05,307 [11] DEBUG PlotService.Services.Helper - PlotTask 10 61 sec
2016-09-23 11:02:06,311 [9] DEBUG PlotService.Services.Helper - PlotTask 11 62 sec
2016-09-23 11:02:20,395 [9] DEBUG PlotService.Services.Helper - PlotTask 12 76 sec
2016-09-23 11:02:29,326 [11] DEBUG PlotService.Services.Helper - PlotTask 13 85 sec
2016-09-23 11:02:29,341 [10] DEBUG PlotService.Services.Helper - PlotTask 14 85 sec
2016-09-23 11:05:03,649 [12] DEBUG PlotService.Services.Helper - Plot ticket:
2016-09-23 11:05:03,649 [14] DEBUG PlotService.Services.Helper - Plot ticket:
2016-09-23 11:05:03,649 [13] DEBUG PlotService.Services.Helper - Plot ticket:
2016-09-23 11:05:24,022 [10] DEBUG PlotService.Services.Helper - Plot ticket:
2016-09-23 11:05:24,023 [13] DEBUG PlotService.Services.Helper - Plot ticket:
2016-09-23 11:05:24,022 [11] DEBUG PlotService.Services.Helper - Plot ticket:
2016-09-23 11:05:50,626 [13] DEBUG PlotService.Services.Helper - Plot ticket: /i "C:\Test\Plot\Plot01\Scripts\Empty.dwg" /s "C:\Test\Plot\Plot01\Scripts\PlotPlanchette.scr" /id "157126C" /r "1000" /z "O" /c "MAP" /e "MP" /f "C:\Home\EnerGis\West\201609\1_2_1665609_31048172\1_1_157126C_MP.pdf" /st "1665609-31048172" /t "24" /n "19" /u "BZT" /imp /d /isolate 
2016-09-23 11:05:50,627 [12] DEBUG PlotService.Services.Helper - Plot ticket: /i "C:\Test\Plot\Plot01\Scripts\Empty.dwg" /s "C:\Test\Plot\Plot01\Scripts\PlotPlanchette.scr" /id "156126H" /r "1000" /z "O" /c "MAP" /e "GAZ,,BP,MP" /f "C:\Home\EnerGis\West\201609\1_2_1665609_31048172\1_1_156126H_GAZBPMP.pdf" /st "1665609-31048172" /t "24" /n "21" /u "BZT" /imp /d /isolate 
2016-09-23 11:05:50,626 [11] DEBUG PlotService.Services.Helper - Plot ticket: /i "C:\Test\Plot\Plot01\Scripts\Empty.dwg" /s "C:\Test\Plot\Plot01\Scripts\PlotPlanchette.scr" /id "157126D" /r "1000" /z "O" /c "MAP" /e "MP" /f "C:\Home\EnerGis\West\201609\1_2_1665609_31048172\1_1_157126D_MP.pdf" /st "1665609-31048172" /t "24" /n "20" /u "BZT" /imp /d /isolate 
2016-09-23 11:06:07,208 [13] DEBUG PlotService.Services.Helper - PlotTask 1 18 sec
2016-09-23 11:06:07,215 [13] DEBUG PlotService.Services.Helper - Plot ticket: /i "C:\Test\Plot\Plot01\Scripts\Empty.dwg" /s "C:\Test\Plot\Plot01\Scripts\PlotPlanchette.scr" /id "156127E" /r "1000" /z "O" /c "MAP" /e "BT" /f "C:\Home\EnerGis\West\201609\1_2_1665609_31048172\1_1_156127E_BT.pdf" /st "1665609-31048172" /t "24" /n "22" /u "BZT" /imp /d /isolate 
2016-09-23 11:06:08,449 [11] DEBUG PlotService.Services.Helper - PlotTask 2 19 sec
2016-09-23 11:06:08,460 [11] DEBUG PlotService.Services.Helper - Plot ticket: /i "C:\Test\Plot\Plot01\Scripts\Empty.dwg" /s "C:\Test\Plot\Plot01\Scripts\PlotPlanchette.scr" /id "157126C" /r "1000" /z "O" /c "MAP" /e "BT" /f "C:\Home\EnerGis\West\201609\1_2_1665609_31048172\1_1_157126C_BT.pdf" /st "1665609-31048172" /t "24" /n "23" /u "BZT" /imp /d /isolate 
2016-09-23 11:06:11,127 [12] DEBUG PlotService.Services.Helper - PlotTask 3 22 sec
2016-09-23 11:06:11,135 [12] DEBUG PlotService.Services.Helper - Plot dwg: /i "W:\RWA005\Cardex\Ouest\EDH\MSS\REPERAGE\EL\368-4.dwg" /s "C:\Test\Plot\Plot01\Scripts\PlotDwg.scr" /f "C:\Home\EnerGis\West\201609\1_2_1665609_31048172\1_1_368_4_29270.pdf" /d /isolate 
2016-09-23 11:07:47,317 [14] DEBUG PlotService.Services.Helper - Plot ticket: /i "C:\Test\Plot\Plot01\Scripts\Empty.dwg" /s "C:\Test\Plot\Plot01\Scripts\PlotPlanchette.scr" /id "157126C" /r "1000" /z "O" /c "MAP" /e "MP" /f "C:\Home\EnerGis\West\201609\1_2_1665609_31048172\1_1_157126C_MP.pdf" /st "1665609-31048172" /t "24" /n "19" /u "BZT" /imp /d /isolate 
2016-09-23 11:07:47,317 [13] DEBUG PlotService.Services.Helper - Plot ticket: /i "C:\Test\Plot\Plot01\Scripts\Empty.dwg" /s "C:\Test\Plot\Plot01\Scripts\PlotPlanchette.scr" /id "156126H" /r "1000" /z "O" /c "MAP" /e "GAZ,,BP,MP" /f "C:\Home\EnerGis\West\201609\1_2_1665609_31048172\1_1_156126H_GAZBPMP.pdf" /st "1665609-31048172" /t "24" /n "21" /u "BZT" /imp /d /isolate 
2016-09-23 11:07:47,320 [12] DEBUG PlotService.Services.Helper - Plot ticket: /i "C:\Test\Plot\Plot01\Scripts\Empty.dwg" /s "C:\Test\Plot\Plot01\Scripts\PlotPlanchette.scr" /id "157126D" /r "1000" /z "O" /c "MAP" /e "MP" /f "C:\Home\EnerGis\West\201609\1_2_1665609_31048172\1_1_157126D_MP.pdf" /st "1665609-31048172" /t "24" /n "20" /u "BZT" /imp /d /isolate 
2016-09-23 11:08:04,728 [14] DEBUG PlotService.Services.Helper - PlotTask 1 19 sec
2016-09-23 11:08:04,735 [14] DEBUG PlotService.Services.Helper - Plot ticket: /i "C:\Test\Plot\Plot01\Scripts\Empty.dwg" /s "C:\Test\Plot\Plot01\Scripts\PlotPlanchette.scr" /id "156127E" /r "1000" /z "O" /c "MAP" /e "BT" /f "C:\Home\EnerGis\West\201609\1_2_1665609_31048172\1_1_156127E_BT.pdf" /st "1665609-31048172" /t "24" /n "22" /u "BZT" /imp /d /isolate 
2016-09-23 11:08:06,669 [12] DEBUG PlotService.Services.Helper - PlotTask 2 21 sec
2016-09-23 11:08:06,704 [12] DEBUG PlotService.Services.Helper - Plot ticket: /i "C:\Test\Plot\Plot01\Scripts\Empty.dwg" /s "C:\Test\Plot\Plot01\Scripts\PlotPlanchette.scr" /id "157126C" /r "1000" /z "O" /c "MAP" /e "BT" /f "C:\Home\EnerGis\West\201609\1_2_1665609_31048172\1_1_157126C_BT.pdf" /st "1665609-31048172" /t "24" /n "23" /u "BZT" /imp /d /isolate 
2016-09-23 11:08:11,651 [13] DEBUG PlotService.Services.Helper - PlotTask 3 26 sec
2016-09-23 11:08:11,659 [13] DEBUG PlotService.Services.Helper - Plot dwg: /i "W:\RWA005\Cardex\Ouest\EDH\MSS\REPERAGE\EL\368-4.dwg" /s "C:\Test\Plot\Plot01\Scripts\PlotDwg.scr" /f "C:\Home\EnerGis\West\201609\1_2_1665609_31048172\1_1_368_4_29270.pdf" /d /isolate 
2016-09-23 11:08:21,280 [12] DEBUG PlotService.Services.Helper - PlotTask 4 35 sec
2016-09-23 11:08:21,283 [12] DEBUG PlotService.Services.Helper - Plot ticket: /i "C:\Test\Plot\Plot01\Scripts\Empty.dwg" /s "C:\Test\Plot\Plot01\Scripts\PlotPlanchette.scr" /id "218043A" /r "1000" /z "E" /c "MAP" /e "BT" /f "C:\Home\EnerGis\East\201609\3_1_1643478_31048179\3_1_218043A_BT.pdf" /st "1643478-31048179" /t "3" /n "1" /u "BZT" /imp /d /isolate 
2016-09-23 11:08:22,704 [14] DEBUG PlotService.Services.Helper - PlotTask 5 37 sec
2016-09-23 11:08:22,711 [14] DEBUG PlotService.Services.Helper - Plot ticket: /i "C:\Test\Plot\Plot01\Scripts\Empty.dwg" /s "C:\Test\Plot\Plot01\Scripts\PlotPlanchette.scr" /id "218043A" /r "1000" /z "E" /c "MAP" /e "EP" /f "C:\Home\EnerGis\East\201609\3_1_1643478_31048179\3_1_218043A_EP.pdf" /st "1643478-31048179" /t "3" /n "2" /u "BZT" /imp /d /isolate 
2016-09-23 11:08:34,220 [13] DEBUG PlotService.Services.Helper - PlotTask 6 48 sec
2016-09-23 11:08:34,227 [13] DEBUG PlotService.Services.Helper - Plot ticket: /i "C:\Test\Plot\Plot01\Scripts\Empty.dwg" /s "C:\Test\Plot\Plot01\Scripts\PlotPlanchette.scr" /id "218043A" /r "1000" /z "E" /c "MAP" /e "MT" /f "C:\Home\EnerGis\East\201609\3_1_1643478_31048179\3_1_218043A_MT.pdf" /st "1643478-31048179" /t "3" /n "3" /u "BZT" /imp /d /isolate 
2016-09-23 11:08:36,472 [12] DEBUG PlotService.Services.Helper - PlotTask 7 51 sec
2016-09-23 11:08:36,481 [12] DEBUG PlotService.Services.Helper - Plot ticket: /i "C:\Test\Plot\Plot01\Scripts\Empty.dwg" /s "C:\Test\Plot\Plot01\Scripts\PlotPlanchette.scr" /id "126144E" /r "1000" /z "O" /c "MAP" /e "MT" /f "C:\Home\EnerGis\West\201609\1_2_1665608_31048167\1_2_126144E_MT.pdf" /st "1665608-31048167" /t "3" /n "1" /u "BZT" /imp /d /isolate 
2016-09-23 11:08:37,140 [14] DEBUG PlotService.Services.Helper - PlotTask 8 51 sec
2016-09-23 11:08:37,141 [14] DEBUG PlotService.Services.Helper - Plot ticket: /i "C:\Test\Plot\Plot01\Scripts\Empty.dwg" /s "C:\Test\Plot\Plot01\Scripts\PlotPlanchette.scr" /id "126144E" /r "1000" /z "O" /c "MAP" /e "MP" /f "C:\Home\EnerGis\West\201609\1_2_1665608_31048167\1_2_126144E_MP.pdf" /st "1665608-31048167" /t "3" /n "2" /u "BZT" /imp /d /isolate 
2016-09-23 11:10:54,450 [11] DEBUG PlotService.Services.Helper - Plot ticket: /i "C:\Test\Plot\Plot01\Scripts\Empty.dwg" /s "C:\Test\Plot\Plot01\Scripts\PlotPlanchette.scr" /id "157126D" /r "1000" /z "O" /c "MAP" /e "MP" /f "C:\Home\EnerGis\West\201609\1_2_1665609_31048172\1_1_157126D_MP.pdf" /st "1665609-31048172" /t "24" /n "20" /u "BZT" /imp /d /isolate 
2016-09-23 11:10:54,450 [12] DEBUG PlotService.Services.Helper - Plot ticket: /i "C:\Test\Plot\Plot01\Scripts\Empty.dwg" /s "C:\Test\Plot\Plot01\Scripts\PlotPlanchette.scr" /id "157126C" /r "1000" /z "O" /c "MAP" /e "MP" /f "C:\Home\EnerGis\West\201609\1_2_1665609_31048172\1_1_157126C_MP.pdf" /st "1665609-31048172" /t "24" /n "19" /u "BZT" /imp /d /isolate 
2016-09-23 11:10:54,450 [13] DEBUG PlotService.Services.Helper - Plot ticket: /i "C:\Test\Plot\Plot01\Scripts\Empty.dwg" /s "C:\Test\Plot\Plot01\Scripts\PlotPlanchette.scr" /id "156126H" /r "1000" /z "O" /c "MAP" /e "GAZ,,BP,MP" /f "C:\Home\EnerGis\West\201609\1_2_1665609_31048172\1_1_156126H_GAZBPMP.pdf" /st "1665609-31048172" /t "24" /n "21" /u "BZT" /imp /d /isolate 
2016-09-23 11:11:12,092 [12] DEBUG PlotService.Services.Helper - PlotTask 1 19 sec
2016-09-23 11:11:12,094 [12] DEBUG PlotService.Services.Helper - Plot ticket: /i "C:\Test\Plot\Plot01\Scripts\Empty.dwg" /s "C:\Test\Plot\Plot01\Scripts\PlotPlanchette.scr" /id "156127E" /r "1000" /z "O" /c "MAP" /e "BT" /f "C:\Home\EnerGis\West\201609\1_2_1665609_31048172\1_1_156127E_BT.pdf" /st "1665609-31048172" /t "24" /n "22" /u "BZT" /imp /d /isolate 
2016-09-23 11:11:13,200 [11] DEBUG PlotService.Services.Helper - PlotTask 2 20 sec
2016-09-23 11:11:13,202 [11] DEBUG PlotService.Services.Helper - Plot ticket: /i "C:\Test\Plot\Plot01\Scripts\Empty.dwg" /s "C:\Test\Plot\Plot01\Scripts\PlotPlanchette.scr" /id "157126C" /r "1000" /z "O" /c "MAP" /e "BT" /f "C:\Home\EnerGis\West\201609\1_2_1665609_31048172\1_1_157126C_BT.pdf" /st "1665609-31048172" /t "24" /n "23" /u "BZT" /imp /d /isolate 
2016-09-23 11:11:16,306 [13] DEBUG PlotService.Services.Helper - PlotTask 3 23 sec
2016-09-23 11:11:16,307 [13] DEBUG PlotService.Services.Helper - Plot dwg: /i "W:\RWA005\Cardex\Ouest\EDH\MSS\REPERAGE\EL\368-4.dwg" /s "C:\Test\Plot\Plot01\Scripts\PlotDwg.scr" /f "C:\Home\EnerGis\West\201609\1_2_1665609_31048172\1_1_368_4_29270.pdf" /d /isolate 
2016-09-23 11:11:24,267 [11] DEBUG PlotService.Services.Helper - PlotTask 4 31 sec
2016-09-23 11:11:24,269 [11] DEBUG PlotService.Services.Helper - Plot ticket: /i "C:\Test\Plot\Plot01\Scripts\Empty.dwg" /s "C:\Test\Plot\Plot01\Scripts\PlotPlanchette.scr" /id "218043A" /r "1000" /z "E" /c "MAP" /e "BT" /f "C:\Home\EnerGis\East\201609\3_1_1643478_31048179\3_1_218043A_BT.pdf" /st "1643478-31048179" /t "3" /n "1" /u "BZT" /imp /d /isolate 
2016-09-23 11:11:26,701 [12] DEBUG PlotService.Services.Helper - PlotTask 5 34 sec
2016-09-23 11:11:26,706 [12] DEBUG PlotService.Services.Helper - Plot ticket: /i "C:\Test\Plot\Plot01\Scripts\Empty.dwg" /s "C:\Test\Plot\Plot01\Scripts\PlotPlanchette.scr" /id "218043A" /r "1000" /z "E" /c "MAP" /e "EP" /f "C:\Home\EnerGis\East\201609\3_1_1643478_31048179\3_1_218043A_EP.pdf" /st "1643478-31048179" /t "3" /n "2" /u "BZT" /imp /d /isolate 
2016-09-23 11:11:36,605 [13] DEBUG PlotService.Services.Helper - PlotTask 6 44 sec
2016-09-23 11:11:36,607 [13] DEBUG PlotService.Services.Helper - Plot ticket: /i "C:\Test\Plot\Plot01\Scripts\Empty.dwg" /s "C:\Test\Plot\Plot01\Scripts\PlotPlanchette.scr" /id "218043A" /r "1000" /z "E" /c "MAP" /e "MT" /f "C:\Home\EnerGis\East\201609\3_1_1643478_31048179\3_1_218043A_MT.pdf" /st "1643478-31048179" /t "3" /n "3" /u "BZT" /imp /d /isolate 
2016-09-23 11:11:38,063 [11] DEBUG PlotService.Services.Helper - PlotTask 7 45 sec
2016-09-23 11:11:38,064 [11] DEBUG PlotService.Services.Helper - Plot ticket: /i "C:\Test\Plot\Plot01\Scripts\Empty.dwg" /s "C:\Test\Plot\Plot01\Scripts\PlotPlanchette.scr" /id "126144E" /r "1000" /z "O" /c "MAP" /e "MT" /f "C:\Home\EnerGis\West\201609\1_2_1665608_31048167\1_2_126144E_MT.pdf" /st "1665608-31048167" /t "3" /n "1" /u "BZT" /imp /d /isolate 
2016-09-23 11:11:40,657 [12] DEBUG PlotService.Services.Helper - PlotTask 8 48 sec
2016-09-23 11:11:40,663 [12] DEBUG PlotService.Services.Helper - Plot ticket: /i "C:\Test\Plot\Plot01\Scripts\Empty.dwg" /s "C:\Test\Plot\Plot01\Scripts\PlotPlanchette.scr" /id "126144E" /r "1000" /z "O" /c "MAP" /e "MP" /f "C:\Home\EnerGis\West\201609\1_2_1665608_31048167\1_2_126144E_MP.pdf" /st "1665608-31048167" /t "3" /n "2" /u "BZT" /imp /d /isolate 
2016-09-23 11:11:49,943 [11] DEBUG PlotService.Services.Helper - PlotTask 9 57 sec
2016-09-23 11:11:49,948 [11] DEBUG PlotService.Services.Helper - Plot dwg: /i "W:\RWA005\Cardex\Ouest\EDH\LVA\REPERAGE\EL\EH3-1.dwg" /s "C:\Test\Plot\Plot01\Scripts\PlotDwg.scr" /f "C:\Home\EnerGis\West\201609\1_2_1665608_31048167\1_2_EH3_1_39737.pdf" /d /isolate 
2016-09-23 11:11:51,573 [13] DEBUG PlotService.Services.Helper - PlotTask 10 59 sec
2016-09-23 11:11:51,575 [13] DEBUG PlotService.Services.Helper - Plot dwg: /i "W:\RWA005\Cardex\Ouest\EDH\MZA\REPERAGE\EL\399-3.dwg" /s "C:\Test\Plot\Plot01\Scripts\PlotDwg.scr" /f "C:\Home\EnerGis\West\201609\1_2_1665613_31048221\1_3_EL399-3_47310.pdf" /d /isolate 
2016-09-23 11:11:52,733 [12] DEBUG PlotService.Services.Helper - PlotTask 11 60 sec
2016-09-23 11:11:52,750 [12] DEBUG PlotService.Services.Helper - Plot ticket: /i "C:\Test\Plot\Plot01\Scripts\Empty.dwg" /s "C:\Test\Plot\Plot01\Scripts\PlotPlanchette.scr" /id "232125E" /r "1000" /z "E" /c "MAP" /e "BT" /f "C:\Home\EnerGis\East\201609\3_1_1643480_31048213\2_2_232125E_BT.pdf" /st "1643480-31048213" /t "4" /n "1" /u "BZT" /imp /d /isolate 
2016-09-23 11:12:06,325 [12] DEBUG PlotService.Services.Helper - PlotTask 12 73 sec
2016-09-23 11:12:06,326 [12] DEBUG PlotService.Services.Helper - Plot ticket: /i "C:\Test\Plot\Plot01\Scripts\Empty.dwg" /s "C:\Test\Plot\Plot01\Scripts\PlotPlanchette.scr" /id "111125E" /r "1000" /z "O" /c "MAP" /e "BP" /f "C:\Home\EnerGis\West\201609\1_2_1665613_31048221\1_3_111125E_BP.pdf" /st "1665613-31048221" /t "7" /n "2" /u "BZT" /imp /d /isolate 
2016-09-23 11:13:23,742 [13] DEBUG PlotService.Services.Helper - Plot ticket: /i "C:\Test\Plot\Plot01\Scripts\Empty.dwg" /s "C:\Test\Plot\Plot01\Scripts\PlotPlanchette.scr" /id "156126H" /r "1000" /z "O" /c "MAP" /e "GAZ,,BP,MP" /f "C:\Home\EnerGis\West\201609\1_2_1665609_31048172\1_1_156126H_GAZBPMP.pdf" /st "1665609-31048172" /t "24" /n "21" /u "BZT" /imp /d /isolate 
2016-09-23 11:13:23,742 [12] DEBUG PlotService.Services.Helper - Plot ticket: /i "C:\Test\Plot\Plot01\Scripts\Empty.dwg" /s "C:\Test\Plot\Plot01\Scripts\PlotPlanchette.scr" /id "157126C" /r "1000" /z "O" /c "MAP" /e "MP" /f "C:\Home\EnerGis\West\201609\1_2_1665609_31048172\1_1_157126C_MP.pdf" /st "1665609-31048172" /t "24" /n "19" /u "BZT" /imp /d /isolate 
2016-09-23 11:13:23,743 [11] DEBUG PlotService.Services.Helper - Plot ticket: /i "C:\Test\Plot\Plot01\Scripts\Empty.dwg" /s "C:\Test\Plot\Plot01\Scripts\PlotPlanchette.scr" /id "157126D" /r "1000" /z "O" /c "MAP" /e "MP" /f "C:\Home\EnerGis\West\201609\1_2_1665609_31048172\1_1_157126D_MP.pdf" /st "1665609-31048172" /t "24" /n "20" /u "BZT" /imp /d /isolate 
2016-09-23 11:13:40,188 [12] DEBUG PlotService.Services.Helper - PlotTask 1 18 sec
2016-09-23 11:13:40,190 [12] DEBUG PlotService.Services.Helper - Plot ticket: /i "C:\Test\Plot\Plot01\Scripts\Empty.dwg" /s "C:\Test\Plot\Plot01\Scripts\PlotPlanchette.scr" /id "156127E" /r "1000" /z "O" /c "MAP" /e "BT" /f "C:\Home\EnerGis\West\201609\1_2_1665609_31048172\1_1_156127E_BT.pdf" /st "1665609-31048172" /t "24" /n "22" /u "BZT" /imp /d /isolate 
2016-09-23 11:13:42,671 [11] DEBUG PlotService.Services.Helper - PlotTask 2 21 sec
2016-09-23 11:13:42,673 [11] DEBUG PlotService.Services.Helper - Plot ticket: /i "C:\Test\Plot\Plot01\Scripts\Empty.dwg" /s "C:\Test\Plot\Plot01\Scripts\PlotPlanchette.scr" /id "157126C" /r "1000" /z "O" /c "MAP" /e "BT" /f "C:\Home\EnerGis\West\201609\1_2_1665609_31048172\1_1_157126C_BT.pdf" /st "1665609-31048172" /t "24" /n "23" /u "BZT" /imp /d /isolate 
2016-09-23 11:13:45,050 [13] DEBUG PlotService.Services.Helper - PlotTask 3 23 sec
2016-09-23 11:13:45,055 [13] DEBUG PlotService.Services.Helper - Plot dwg: /i "W:\RWA005\Cardex\Ouest\EDH\MSS\REPERAGE\EL\368-4.dwg" /s "C:\Test\Plot\Plot01\Scripts\PlotDwg.scr" /f "C:\Home\EnerGis\West\201609\1_2_1665609_31048172\1_1_368_4_29270.pdf" /d /isolate 
2016-09-23 11:13:54,499 [11] DEBUG PlotService.Services.Helper - PlotTask 4 32 sec
2016-09-23 11:13:54,505 [11] DEBUG PlotService.Services.Helper - Plot ticket: /i "C:\Test\Plot\Plot01\Scripts\Empty.dwg" /s "C:\Test\Plot\Plot01\Scripts\PlotPlanchette.scr" /id "218043A" /r "1000" /z "E" /c "MAP" /e "BT" /f "C:\Home\EnerGis\East\201609\3_1_1643478_31048179\3_1_218043A_BT.pdf" /st "1643478-31048179" /t "3" /n "1" /u "BZT" /imp /d /isolate 
2016-09-23 11:14:14,217 [12] DEBUG PlotService.Services.Helper - Plot ticket: /i "C:\Test\Plot\Plot01\Scripts\Empty.dwg" /s "C:\Test\Plot\Plot01\Scripts\PlotPlanchette.scr" /id "156126H" /r "1000" /z "O" /c "MAP" /e "GAZ,,BP,MP" /f "C:\Home\EnerGis\West\201609\1_2_1665609_31048172\1_1_156126H_GAZBPMP.pdf" /st "1665609-31048172" /t "24" /n "21" /u "BZT" /imp /d /isolate 
2016-09-23 11:14:14,217 [10] DEBUG PlotService.Services.Helper - Plot ticket: /i "C:\Test\Plot\Plot01\Scripts\Empty.dwg" /s "C:\Test\Plot\Plot01\Scripts\PlotPlanchette.scr" /id "157126C" /r "1000" /z "O" /c "MAP" /e "MP" /f "C:\Home\EnerGis\West\201609\1_2_1665609_31048172\1_1_157126C_MP.pdf" /st "1665609-31048172" /t "24" /n "19" /u "BZT" /imp /d /isolate 
2016-09-23 11:14:14,220 [11] DEBUG PlotService.Services.Helper - Plot ticket: /i "C:\Test\Plot\Plot01\Scripts\Empty.dwg" /s "C:\Test\Plot\Plot01\Scripts\PlotPlanchette.scr" /id "157126D" /r "1000" /z "O" /c "MAP" /e "MP" /f "C:\Home\EnerGis\West\201609\1_2_1665609_31048172\1_1_157126D_MP.pdf" /st "1665609-31048172" /t "24" /n "20" /u "BZT" /imp /d /isolate 
2016-09-23 11:14:31,017 [10] DEBUG PlotService.Services.Helper - PlotTask 1 18 sec
2016-09-23 11:14:31,020 [10] DEBUG PlotService.Services.Helper - Plot ticket: /i "C:\Test\Plot\Plot01\Scripts\Empty.dwg" /s "C:\Test\Plot\Plot01\Scripts\PlotPlanchette.scr" /id "156127E" /r "1000" /z "O" /c "MAP" /e "BT" /f "C:\Home\EnerGis\West\201609\1_2_1665609_31048172\1_1_156127E_BT.pdf" /st "1665609-31048172" /t "24" /n "22" /u "BZT" /imp /d /isolate 
2016-09-23 11:14:31,872 [11] DEBUG PlotService.Services.Helper - PlotTask 2 19 sec
2016-09-23 11:14:31,876 [11] DEBUG PlotService.Services.Helper - Plot ticket: /i "C:\Test\Plot\Plot01\Scripts\Empty.dwg" /s "C:\Test\Plot\Plot01\Scripts\PlotPlanchette.scr" /id "157126C" /r "1000" /z "O" /c "MAP" /e "BT" /f "C:\Home\EnerGis\West\201609\1_2_1665609_31048172\1_1_157126C_BT.pdf" /st "1665609-31048172" /t "24" /n "23" /u "BZT" /imp /d /isolate 
2016-09-23 11:14:35,093 [12] DEBUG PlotService.Services.Helper - PlotTask 3 22 sec
2016-09-23 11:14:35,100 [12] DEBUG PlotService.Services.Helper - Plot dwg: /i "W:\RWA005\Cardex\Ouest\EDH\MSS\REPERAGE\EL\368-4.dwg" /s "C:\Test\Plot\Plot01\Scripts\PlotDwg.scr" /f "C:\Home\EnerGis\West\201609\1_2_1665609_31048172\1_1_368_4_29270.pdf" /d /isolate 
2016-09-23 11:14:43,969 [11] DEBUG PlotService.Services.Helper - PlotTask 4 31 sec
2016-09-23 11:14:43,971 [11] DEBUG PlotService.Services.Helper - Plot ticket: /i "C:\Test\Plot\Plot01\Scripts\Empty.dwg" /s "C:\Test\Plot\Plot01\Scripts\PlotPlanchette.scr" /id "218043A" /r "1000" /z "E" /c "MAP" /e "BT" /f "C:\Home\EnerGis\East\201609\3_1_1643478_31048179\3_1_218043A_BT.pdf" /st "1643478-31048179" /t "3" /n "1" /u "BZT" /imp /d /isolate 
2016-09-23 11:14:46,345 [10] DEBUG PlotService.Services.Helper - PlotTask 5 33 sec
2016-09-23 11:14:46,348 [10] DEBUG PlotService.Services.Helper - Plot ticket: /i "C:\Test\Plot\Plot01\Scripts\Empty.dwg" /s "C:\Test\Plot\Plot01\Scripts\PlotPlanchette.scr" /id "218043A" /r "1000" /z "E" /c "MAP" /e "EP" /f "C:\Home\EnerGis\East\201609\3_1_1643478_31048179\3_1_218043A_EP.pdf" /st "1643478-31048179" /t "3" /n "2" /u "BZT" /imp /d /isolate 
2016-09-23 11:14:57,619 [12] DEBUG PlotService.Services.Helper - PlotTask 6 45 sec
2016-09-23 11:14:57,622 [12] DEBUG PlotService.Services.Helper - Plot ticket: /i "C:\Test\Plot\Plot01\Scripts\Empty.dwg" /s "C:\Test\Plot\Plot01\Scripts\PlotPlanchette.scr" /id "218043A" /r "1000" /z "E" /c "MAP" /e "MT" /f "C:\Home\EnerGis\East\201609\3_1_1643478_31048179\3_1_218043A_MT.pdf" /st "1643478-31048179" /t "3" /n "3" /u "BZT" /imp /d /isolate 
2016-09-23 11:14:58,291 [11] DEBUG PlotService.Services.Helper - PlotTask 7 45 sec
2016-09-23 11:14:58,294 [11] DEBUG PlotService.Services.Helper - Plot ticket: /i "C:\Test\Plot\Plot01\Scripts\Empty.dwg" /s "C:\Test\Plot\Plot01\Scripts\PlotPlanchette.scr" /id "126144E" /r "1000" /z "O" /c "MAP" /e "MT" /f "C:\Home\EnerGis\West\201609\1_2_1665608_31048167\1_2_126144E_MT.pdf" /st "1665608-31048167" /t "3" /n "1" /u "BZT" /imp /d /isolate 
2016-09-23 11:14:59,698 [10] DEBUG PlotService.Services.Helper - PlotTask 8 47 sec
2016-09-23 11:14:59,701 [10] DEBUG PlotService.Services.Helper - Plot ticket: /i "C:\Test\Plot\Plot01\Scripts\Empty.dwg" /s "C:\Test\Plot\Plot01\Scripts\PlotPlanchette.scr" /id "126144E" /r "1000" /z "O" /c "MAP" /e "MP" /f "C:\Home\EnerGis\West\201609\1_2_1665608_31048167\1_2_126144E_MP.pdf" /st "1665608-31048167" /t "3" /n "2" /u "BZT" /imp /d /isolate 
2016-09-23 11:15:09,938 [11] DEBUG PlotService.Services.Helper - PlotTask 9 57 sec
2016-09-23 11:15:09,941 [11] DEBUG PlotService.Services.Helper - Plot dwg: /i "W:\RWA005\Cardex\Ouest\EDH\LVA\REPERAGE\EL\EH3-1.dwg" /s "C:\Test\Plot\Plot01\Scripts\PlotDwg.scr" /f "C:\Home\EnerGis\West\201609\1_2_1665608_31048167\1_2_EH3_1_39737.pdf" /d /isolate 
2016-09-23 11:15:11,615 [10] DEBUG PlotService.Services.Helper - PlotTask 10 59 sec
2016-09-23 11:15:11,617 [10] DEBUG PlotService.Services.Helper - Plot dwg: /i "W:\RWA005\Cardex\Ouest\EDH\MZA\REPERAGE\EL\399-3.dwg" /s "C:\Test\Plot\Plot01\Scripts\PlotDwg.scr" /f "C:\Home\EnerGis\West\201609\1_2_1665613_31048221\1_3_EL399-3_47310.pdf" /d /isolate 
2016-09-23 11:15:13,391 [12] DEBUG PlotService.Services.Helper - PlotTask 11 60 sec
2016-09-23 11:15:13,395 [12] DEBUG PlotService.Services.Helper - Plot ticket: /i "C:\Test\Plot\Plot01\Scripts\Empty.dwg" /s "C:\Test\Plot\Plot01\Scripts\PlotPlanchette.scr" /id "232125E" /r "1000" /z "E" /c "MAP" /e "BT" /f "C:\Home\EnerGis\East\201609\3_1_1643480_31048213\2_2_232125E_BT.pdf" /st "1643480-31048213" /t "4" /n "1" /u "BZT" /imp /d /isolate 
2016-09-23 11:15:27,264 [12] DEBUG PlotService.Services.Helper - PlotTask 12 74 sec
2016-09-23 11:15:27,269 [12] DEBUG PlotService.Services.Helper - Plot ticket: /i "C:\Test\Plot\Plot01\Scripts\Empty.dwg" /s "C:\Test\Plot\Plot01\Scripts\PlotPlanchette.scr" /id "111125E" /r "1000" /z "O" /c "MAP" /e "BP" /f "C:\Home\EnerGis\West\201609\1_2_1665613_31048221\1_3_111125E_BP.pdf" /st "1665613-31048221" /t "7" /n "2" /u "BZT" /imp /d /isolate 
2016-09-23 11:15:35,026 [11] DEBUG PlotService.Services.Helper - PlotTask 13 82 sec
2016-09-23 11:15:35,031 [11] DEBUG PlotService.Services.Helper - Plot dwg: /i "W:\RWA005\Cardex\Ouest\EDH\MZA\REPERAGE\EL\19-1.dwg" /s "C:\Test\Plot\Plot01\Scripts\PlotDwg.scr" /f "C:\Home\EnerGis\West\201609\1_2_1665613_31048221\1_3_EL19-1_46636.pdf" /d /isolate 
2016-09-23 11:15:36,224 [10] DEBUG PlotService.Services.Helper - PlotTask 14 83 sec
2016-09-23 11:15:36,229 [10] DEBUG PlotService.Services.Helper - Plot ticket: /i "C:\Test\Plot\Plot01\Scripts\Empty.dwg" /s "C:\Test\Plot\Plot01\Scripts\PlotPlanchette.scr" /id "111125E" /r "1000" /z "O" /c "MAP" /e "MP" /f "C:\Home\EnerGis\West\201609\1_2_1665613_31048221\1_3_111125E_MP.pdf" /st "1665613-31048221" /t "7" /n "4" /u "BZT" /imp /d /isolate 
2016-09-23 11:48:47,960 [12] DEBUG PlotService.Services.Helper - Plot ticket: /i "C:\Test\Plot\Plot01\Scripts\Empty.dwg" /s "C:\Test\Plot\Plot01\Scripts\PlotPlanchette.scr" /id "156126H" /r "1000" /z "O" /c "MAP" /e "GAZ,,BP,MP" /f "C:\Home\EnerGis\West\201609\1_2_1665609_31048172\1_1_156126H_GAZBPMP.pdf" /st "1665609-31048172" /t "24" /n "21" /u "BZT" /imp /d /isolate 
2016-09-23 11:48:47,960 [13] DEBUG PlotService.Services.Helper - Plot ticket: /i "C:\Test\Plot\Plot01\Scripts\Empty.dwg" /s "C:\Test\Plot\Plot01\Scripts\PlotPlanchette.scr" /id "157126C" /r "1000" /z "O" /c "MAP" /e "MP" /f "C:\Home\EnerGis\West\201609\1_2_1665609_31048172\1_1_157126C_MP.pdf" /st "1665609-31048172" /t "24" /n "19" /u "BZT" /imp /d /isolate 
2016-09-23 11:48:47,960 [11] DEBUG PlotService.Services.Helper - Plot ticket: /i "C:\Test\Plot\Plot01\Scripts\Empty.dwg" /s "C:\Test\Plot\Plot01\Scripts\PlotPlanchette.scr" /id "157126D" /r "1000" /z "O" /c "MAP" /e "MP" /f "C:\Home\EnerGis\West\201609\1_2_1665609_31048172\1_1_157126D_MP.pdf" /st "1665609-31048172" /t "24" /n "20" /u "BZT" /imp /d /isolate 
2016-09-23 11:49:05,563 [13] DEBUG PlotService.Services.Helper - PlotTask 1 19 sec
2016-09-23 11:49:05,567 [13] DEBUG PlotService.Services.Helper - Plot ticket: /i "C:\Test\Plot\Plot01\Scripts\Empty.dwg" /s "C:\Test\Plot\Plot01\Scripts\PlotPlanchette.scr" /id "156127E" /r "1000" /z "O" /c "MAP" /e "BT" /f "C:\Home\EnerGis\West\201609\1_2_1665609_31048172\1_1_156127E_BT.pdf" /st "1665609-31048172" /t "24" /n "22" /u "BZT" /imp /d /isolate 
2016-09-23 11:49:06,863 [11] DEBUG PlotService.Services.Helper - PlotTask 2 20 sec
2016-09-23 11:49:06,866 [11] DEBUG PlotService.Services.Helper - Plot ticket: /i "C:\Test\Plot\Plot01\Scripts\Empty.dwg" /s "C:\Test\Plot\Plot01\Scripts\PlotPlanchette.scr" /id "157126C" /r "1000" /z "O" /c "MAP" /e "BT" /f "C:\Home\EnerGis\West\201609\1_2_1665609_31048172\1_1_157126C_BT.pdf" /st "1665609-31048172" /t "24" /n "23" /u "BZT" /imp /d /isolate 
2016-09-23 11:49:09,455 [12] DEBUG PlotService.Services.Helper - PlotTask 3 23 sec
2016-09-23 11:49:09,461 [12] DEBUG PlotService.Services.Helper - Plot dwg: /i "W:\RWA005\Cardex\Ouest\EDH\MSS\REPERAGE\EL\368-4.dwg" /s "C:\Test\Plot\Plot01\Scripts\PlotDwg.scr" /f "C:\Home\EnerGis\West\201609\1_2_1665609_31048172\1_1_368_4_29270.pdf" /d /isolate 
2016-09-23 11:49:17,863 [11] DEBUG PlotService.Services.Helper - PlotTask 4 31 sec
2016-09-23 11:49:17,868 [11] DEBUG PlotService.Services.Helper - Plot ticket: /i "C:\Test\Plot\Plot01\Scripts\Empty.dwg" /s "C:\Test\Plot\Plot01\Scripts\PlotPlanchette.scr" /id "218043A" /r "1000" /z "E" /c "MAP" /e "BT" /f "C:\Home\EnerGis\East\201609\3_1_1643478_31048179\3_1_218043A_BT.pdf" /st "1643478-31048179" /t "3" /n "1" /u "BZT" /imp /d /isolate 
2016-09-23 11:49:22,124 [13] DEBUG PlotService.Services.Helper - PlotTask 5 36 sec
2016-09-23 11:49:22,129 [13] DEBUG PlotService.Services.Helper - Plot ticket: /i "C:\Test\Plot\Plot01\Scripts\Empty.dwg" /s "C:\Test\Plot\Plot01\Scripts\PlotPlanchette.scr" /id "218043A" /r "1000" /z "E" /c "MAP" /e "EP" /f "C:\Home\EnerGis\East\201609\3_1_1643478_31048179\3_1_218043A_EP.pdf" /st "1643478-31048179" /t "3" /n "2" /u "BZT" /imp /d /isolate 
2016-09-23 11:49:32,125 [12] DEBUG PlotService.Services.Helper - PlotTask 6 46 sec
2016-09-23 11:49:32,126 [12] DEBUG PlotService.Services.Helper - Plot ticket: /i "C:\Test\Plot\Plot01\Scripts\Empty.dwg" /s "C:\Test\Plot\Plot01\Scripts\PlotPlanchette.scr" /id "218043A" /r "1000" /z "E" /c "MAP" /e "MT" /f "C:\Home\EnerGis\East\201609\3_1_1643478_31048179\3_1_218043A_MT.pdf" /st "1643478-31048179" /t "3" /n "3" /u "BZT" /imp /d /isolate 
2016-09-23 11:49:32,644 [11] DEBUG PlotService.Services.Helper - PlotTask 7 46 sec
2016-09-23 11:49:32,646 [11] DEBUG PlotService.Services.Helper - Plot ticket: /i "C:\Test\Plot\Plot01\Scripts\Empty.dwg" /s "C:\Test\Plot\Plot01\Scripts\PlotPlanchette.scr" /id "126144E" /r "1000" /z "O" /c "MAP" /e "MT" /f "C:\Home\EnerGis\West\201609\1_2_1665608_31048167\1_2_126144E_MT.pdf" /st "1665608-31048167" /t "3" /n "1" /u "BZT" /imp /d /isolate 
2016-09-23 11:49:35,991 [13] DEBUG PlotService.Services.Helper - PlotTask 8 50 sec
2016-09-23 11:49:35,996 [13] DEBUG PlotService.Services.Helper - Plot ticket: /i "C:\Test\Plot\Plot01\Scripts\Empty.dwg" /s "C:\Test\Plot\Plot01\Scripts\PlotPlanchette.scr" /id "126144E" /r "1000" /z "O" /c "MAP" /e "MP" /f "C:\Home\EnerGis\West\201609\1_2_1665608_31048167\1_2_126144E_MP.pdf" /st "1665608-31048167" /t "3" /n "2" /u "BZT" /imp /d /isolate 
2016-09-23 11:49:44,301 [11] DEBUG PlotService.Services.Helper - PlotTask 9 58 sec
2016-09-23 11:49:44,305 [11] DEBUG PlotService.Services.Helper - Plot dwg: /i "W:\RWA005\Cardex\Ouest\EDH\LVA\REPERAGE\EL\EH3-1.dwg" /s "C:\Test\Plot\Plot01\Scripts\PlotDwg.scr" /f "C:\Home\EnerGis\West\201609\1_2_1665608_31048167\1_2_EH3_1_39737.pdf" /d /isolate 
2016-09-23 11:49:47,329 [12] DEBUG PlotService.Services.Helper - PlotTask 10 61 sec
2016-09-23 11:49:47,334 [12] DEBUG PlotService.Services.Helper - Plot dwg: /i "W:\RWA005\Cardex\Ouest\EDH\MZA\REPERAGE\EL\399-3.dwg" /s "C:\Test\Plot\Plot01\Scripts\PlotDwg.scr" /f "C:\Home\EnerGis\West\201609\1_2_1665613_31048221\1_3_EL399-3_47310.pdf" /d /isolate 
2016-09-23 11:49:47,638 [13] DEBUG PlotService.Services.Helper - PlotTask 11 61 sec
2016-09-23 11:49:47,638 [13] DEBUG PlotService.Services.Helper - Plot ticket: /i "C:\Test\Plot\Plot01\Scripts\Empty.dwg" /s "C:\Test\Plot\Plot01\Scripts\PlotPlanchette.scr" /id "232125E" /r "1000" /z "E" /c "MAP" /e "BT" /f "C:\Home\EnerGis\East\201609\3_1_1643480_31048213\2_2_232125E_BT.pdf" /st "1643480-31048213" /t "4" /n "1" /u "BZT" /imp /d /isolate 
2016-09-23 11:50:01,776 [13] DEBUG PlotService.Services.Helper - PlotTask 12 75 sec
2016-09-23 11:50:01,777 [13] DEBUG PlotService.Services.Helper - Plot ticket: /i "C:\Test\Plot\Plot01\Scripts\Empty.dwg" /s "C:\Test\Plot\Plot01\Scripts\PlotPlanchette.scr" /id "111125E" /r "1000" /z "O" /c "MAP" /e "BP" /f "C:\Home\EnerGis\West\201609\1_2_1665613_31048221\1_3_111125E_BP.pdf" /st "1665613-31048221" /t "7" /n "2" /u "BZT" /imp /d /isolate 
2016-09-23 11:50:08,714 [11] DEBUG PlotService.Services.Helper - PlotTask 13 82 sec
2016-09-23 11:50:08,718 [11] DEBUG PlotService.Services.Helper - Plot dwg: /i "W:\RWA005\Cardex\Ouest\EDH\MZA\REPERAGE\EL\19-1.dwg" /s "C:\Test\Plot\Plot01\Scripts\PlotDwg.scr" /f "C:\Home\EnerGis\West\201609\1_2_1665613_31048221\1_3_EL19-1_46636.pdf" /d /isolate 
2016-09-23 11:52:15,174 [10] DEBUG PlotService.Services.Helper - Plot ticket: /i "C:\Test\Plot\Plot01\Scripts\Empty.dwg" /s "C:\Test\Plot\Plot01\Scripts\PlotPlanchette.scr" /id "157126D" /r "1000" /z "O" /c "MAP" /e "MP" /f "C:\Home\EnerGis\West\201609\1_2_1665609_31048172\1_1_157126D_MP.pdf" /st "1665609-31048172" /t "24" /n "20" /u "BZT" /imp /d /isolate 
2016-09-23 11:52:15,174 [11] DEBUG PlotService.Services.Helper - Plot ticket: /i "C:\Test\Plot\Plot01\Scripts\Empty.dwg" /s "C:\Test\Plot\Plot01\Scripts\PlotPlanchette.scr" /id "157126C" /r "1000" /z "O" /c "MAP" /e "MP" /f "C:\Home\EnerGis\West\201609\1_2_1665609_31048172\1_1_157126C_MP.pdf" /st "1665609-31048172" /t "24" /n "19" /u "BZT" /imp /d /isolate 
2016-09-23 11:52:15,174 [12] DEBUG PlotService.Services.Helper - Plot ticket: /i "C:\Test\Plot\Plot01\Scripts\Empty.dwg" /s "C:\Test\Plot\Plot01\Scripts\PlotPlanchette.scr" /id "156126H" /r "1000" /z "O" /c "MAP" /e "GAZ,,BP,MP" /f "C:\Home\EnerGis\West\201609\1_2_1665609_31048172\1_1_156126H_GAZBPMP.pdf" /st "1665609-31048172" /t "24" /n "21" /u "BZT" /imp /d /isolate 
2016-09-23 11:52:32,478 [11] DEBUG PlotService.Services.Helper - PlotTask 1 19 sec
2016-09-23 11:52:32,482 [11] DEBUG PlotService.Services.Helper - Plot ticket: /i "C:\Test\Plot\Plot01\Scripts\Empty.dwg" /s "C:\Test\Plot\Plot01\Scripts\PlotPlanchette.scr" /id "156127E" /r "1000" /z "O" /c "MAP" /e "BT" /f "C:\Home\EnerGis\West\201609\1_2_1665609_31048172\1_1_156127E_BT.pdf" /st "1665609-31048172" /t "24" /n "22" /u "BZT" /imp /d /isolate 
2016-09-23 11:52:33,790 [10] DEBUG PlotService.Services.Helper - PlotTask 2 20 sec
2016-09-23 11:52:33,794 [10] DEBUG PlotService.Services.Helper - Plot ticket: /i "C:\Test\Plot\Plot01\Scripts\Empty.dwg" /s "C:\Test\Plot\Plot01\Scripts\PlotPlanchette.scr" /id "157126C" /r "1000" /z "O" /c "MAP" /e "BT" /f "C:\Home\EnerGis\West\201609\1_2_1665609_31048172\1_1_157126C_BT.pdf" /st "1665609-31048172" /t "24" /n "23" /u "BZT" /imp /d /isolate 
2016-09-23 11:52:36,512 [12] DEBUG PlotService.Services.Helper - PlotTask 3 23 sec
2016-09-23 11:52:36,518 [12] DEBUG PlotService.Services.Helper - Plot dwg: /i "W:\RWA005\Cardex\Ouest\EDH\MSS\REPERAGE\EL\368-4.dwg" /s "C:\Test\Plot\Plot01\Scripts\PlotDwg.scr" /f "C:\Home\EnerGis\West\201609\1_2_1665609_31048172\1_1_368_4_29270.pdf" /d /isolate 
2016-09-23 11:52:44,765 [10] DEBUG PlotService.Services.Helper - PlotTask 4 31 sec
2016-09-23 11:52:44,766 [10] DEBUG PlotService.Services.Helper - Plot ticket: /i "C:\Test\Plot\Plot01\Scripts\Empty.dwg" /s "C:\Test\Plot\Plot01\Scripts\PlotPlanchette.scr" /id "218043A" /r "1000" /z "E" /c "MAP" /e "BT" /f "C:\Home\EnerGis\East\201609\3_1_1643478_31048179\3_1_218043A_BT.pdf" /st "1643478-31048179" /t "3" /n "1" /u "BZT" /imp /d /isolate 
2016-09-23 11:52:46,914 [11] DEBUG PlotService.Services.Helper - PlotTask 5 33 sec
2016-09-23 11:52:46,918 [11] DEBUG PlotService.Services.Helper - Plot ticket: /i "C:\Test\Plot\Plot01\Scripts\Empty.dwg" /s "C:\Test\Plot\Plot01\Scripts\PlotPlanchette.scr" /id "218043A" /r "1000" /z "E" /c "MAP" /e "EP" /f "C:\Home\EnerGis\East\201609\3_1_1643478_31048179\3_1_218043A_EP.pdf" /st "1643478-31048179" /t "3" /n "2" /u "BZT" /imp /d /isolate 
2016-09-23 11:52:57,309 [12] DEBUG PlotService.Services.Helper - PlotTask 6 44 sec
2016-09-23 11:52:57,312 [12] DEBUG PlotService.Services.Helper - Plot ticket: /i "C:\Test\Plot\Plot01\Scripts\Empty.dwg" /s "C:\Test\Plot\Plot01\Scripts\PlotPlanchette.scr" /id "218043A" /r "1000" /z "E" /c "MAP" /e "MT" /f "C:\Home\EnerGis\East\201609\3_1_1643478_31048179\3_1_218043A_MT.pdf" /st "1643478-31048179" /t "3" /n "3" /u "BZT" /imp /d /isolate 
2016-09-23 11:52:59,279 [10] DEBUG PlotService.Services.Helper - PlotTask 7 45 sec
2016-09-23 11:52:59,285 [10] DEBUG PlotService.Services.Helper - Plot ticket: /i "C:\Test\Plot\Plot01\Scripts\Empty.dwg" /s "C:\Test\Plot\Plot01\Scripts\PlotPlanchette.scr" /id "126144E" /r "1000" /z "O" /c "MAP" /e "MT" /f "C:\Home\EnerGis\West\201609\1_2_1665608_31048167\1_2_126144E_MT.pdf" /st "1665608-31048167" /t "3" /n "1" /u "BZT" /imp /d /isolate 
2016-09-23 11:53:00,656 [11] DEBUG PlotService.Services.Helper - PlotTask 8 47 sec
2016-09-23 11:53:00,678 [11] DEBUG PlotService.Services.Helper - Plot ticket: /i "C:\Test\Plot\Plot01\Scripts\Empty.dwg" /s "C:\Test\Plot\Plot01\Scripts\PlotPlanchette.scr" /id "126144E" /r "1000" /z "O" /c "MAP" /e "MP" /f "C:\Home\EnerGis\West\201609\1_2_1665608_31048167\1_2_126144E_MP.pdf" /st "1665608-31048167" /t "3" /n "2" /u "BZT" /imp /d /isolate 
2016-09-23 11:53:11,606 [10] DEBUG PlotService.Services.Helper - PlotTask 9 58 sec
2016-09-23 11:53:11,612 [10] DEBUG PlotService.Services.Helper - Plot dwg: /i "W:\RWA005\Cardex\Ouest\EDH\LVA\REPERAGE\EL\EH3-1.dwg" /s "C:\Test\Plot\Plot01\Scripts\PlotDwg.scr" /f "C:\Home\EnerGis\West\201609\1_2_1665608_31048167\1_2_EH3_1_39737.pdf" /d /isolate 
2016-09-23 11:53:13,261 [11] DEBUG PlotService.Services.Helper - PlotTask 10 59 sec
2016-09-23 11:53:13,263 [11] DEBUG PlotService.Services.Helper - Plot dwg: /i "W:\RWA005\Cardex\Ouest\EDH\MZA\REPERAGE\EL\399-3.dwg" /s "C:\Test\Plot\Plot01\Scripts\PlotDwg.scr" /f "C:\Home\EnerGis\West\201609\1_2_1665613_31048221\1_3_EL399-3_47310.pdf" /d /isolate 
2016-09-23 11:53:13,616 [12] DEBUG PlotService.Services.Helper - PlotTask 11 60 sec
2016-09-23 11:53:13,621 [12] DEBUG PlotService.Services.Helper - Plot ticket: /i "C:\Test\Plot\Plot01\Scripts\Empty.dwg" /s "C:\Test\Plot\Plot01\Scripts\PlotPlanchette.scr" /id "232125E" /r "1000" /z "E" /c "MAP" /e "BT" /f "C:\Home\EnerGis\East\201609\3_1_1643480_31048213\2_2_232125E_BT.pdf" /st "1643480-31048213" /t "4" /n "1" /u "BZT" /imp /d /isolate 
2016-09-23 11:53:26,799 [12] DEBUG PlotService.Services.Helper - PlotTask 12 73 sec
2016-09-23 11:53:26,803 [12] DEBUG PlotService.Services.Helper - Plot ticket: /i "C:\Test\Plot\Plot01\Scripts\Empty.dwg" /s "C:\Test\Plot\Plot01\Scripts\PlotPlanchette.scr" /id "111125E" /r "1000" /z "O" /c "MAP" /e "BP" /f "C:\Home\EnerGis\West\201609\1_2_1665613_31048221\1_3_111125E_BP.pdf" /st "1665613-31048221" /t "7" /n "2" /u "BZT" /imp /d /isolate 
2016-09-23 11:53:37,031 [10] DEBUG PlotService.Services.Helper - PlotTask 13 83 sec
2016-09-23 11:53:37,046 [10] DEBUG PlotService.Services.Helper - Plot dwg: /i "W:\RWA005\Cardex\Ouest\EDH\MZA\REPERAGE\EL\19-1.dwg" /s "C:\Test\Plot\Plot01\Scripts\PlotDwg.scr" /f "C:\Home\EnerGis\West\201609\1_2_1665613_31048221\1_3_EL19-1_46636.pdf" /d /isolate 
2016-09-23 11:53:38,406 [11] DEBUG PlotService.Services.Helper - PlotTask 14 85 sec
2016-09-23 11:53:38,409 [11] DEBUG PlotService.Services.Helper - Plot ticket: /i "C:\Test\Plot\Plot01\Scripts\Empty.dwg" /s "C:\Test\Plot\Plot01\Scripts\PlotPlanchette.scr" /id "111125E" /r "1000" /z "O" /c "MAP" /e "MP" /f "C:\Home\EnerGis\West\201609\1_2_1665613_31048221\1_3_111125E_MP.pdf" /st "1665613-31048221" /t "7" /n "4" /u "BZT" /imp /d /isolate 
2016-09-23 11:53:48,390 [12] DEBUG PlotService.Services.Helper - PlotTask 15 95 sec
2016-09-23 11:53:48,395 [12] DEBUG PlotService.Services.Helper - Plot ticket: /i "C:\Test\Plot\Plot01\Scripts\Empty.dwg" /s "C:\Test\Plot\Plot01\Scripts\PlotPlanchette.scr" /id "111125E" /r "1000" /z "O" /c "MAP" /e "PC" /f "C:\Home\EnerGis\West\201609\1_2_1665613_31048221\1_3_111125E_PC.pdf" /st "1665613-31048221" /t "7" /n "5" /u "BZT" /imp /d /isolate 
2016-09-23 11:53:53,585 [11] DEBUG PlotService.Services.Helper - PlotTask 16 100 sec
2016-09-23 11:53:53,591 [11] DEBUG PlotService.Services.Helper - Plot ticket: /i "C:\Test\Plot\Plot01\Scripts\Empty.dwg" /s "C:\Test\Plot\Plot01\Scripts\PlotPlanchette.scr" /id "111125E" /r "1000" /z "O" /c "MAP" /e "BPHS" /f "C:\Home\EnerGis\West\201609\1_2_1665613_31048221\1_3_111125E_BPHS.pdf" /st "1665613-31048221" /t "7" /n "6" /u "BZT" /imp /d /isolate 
2016-09-23 11:53:57,182 [10] DEBUG PlotService.Services.Helper - PlotTask 17 103 sec
2016-09-23 11:53:57,187 [10] DEBUG PlotService.Services.Helper - Plot dwg: /i "W:\RWA005\Cardex\Ouest\EDH\MZA\REPERAGE\EL\130-5.dwg" /s "C:\Test\Plot\Plot01\Scripts\PlotDwg.scr" /f "C:\Home\EnerGis\West\201609\1_2_1665613_31048221\1_3_EL130-5_46482.pdf" /d /isolate 
2016-09-23 11:54:02,175 [12] DEBUG PlotService.Services.Helper - PlotTask 18 108 sec
2016-09-23 11:54:02,178 [12] DEBUG PlotService.Services.Helper - Plot ticket: /i "C:\Test\Plot\Plot01\Scripts\Empty.dwg" /s "C:\Test\Plot\Plot01\Scripts\PlotPlanchette.scr" /id "157126C" /r "1000" /z "O" /c "MAP" /e "MP" /f "C:\Home\EnerGis\West\201609\1_2_1665609_31048172\1_1_157126C_MP.pdf" /st "1665609-31048172" /t "24" /n "19" /u "BZT" /imp /d /isolate 
2016-09-23 11:54:07,284 [11] DEBUG PlotService.Services.Helper - PlotTask 19 113 sec
2016-09-23 11:54:07,285 [11] DEBUG PlotService.Services.Helper - Plot ticket: /i "C:\Test\Plot\Plot01\Scripts\Empty.dwg" /s "C:\Test\Plot\Plot01\Scripts\PlotPlanchette.scr" /id "157126D" /r "1000" /z "O" /c "MAP" /e "MP" /f "C:\Home\EnerGis\West\201609\1_2_1665609_31048172\1_1_157126D_MP.pdf" /st "1665609-31048172" /t "24" /n "20" /u "BZT" /imp /d /isolate 
2016-09-23 11:54:18,338 [12] DEBUG PlotService.Services.Helper - PlotTask 20 125 sec
2016-09-23 11:54:18,344 [12] DEBUG PlotService.Services.Helper - Plot ticket: /i "C:\Test\Plot\Plot01\Scripts\Empty.dwg" /s "C:\Test\Plot\Plot01\Scripts\PlotPlanchette.scr" /id "156126H" /r "1000" /z "O" /c "MAP" /e "GAZ,,BP,MP" /f "C:\Home\EnerGis\West\201609\1_2_1665609_31048172\1_1_156126H_GAZBPMP.pdf" /st "1665609-31048172" /t "24" /n "21" /u "BZT" /imp /d /isolate 
2016-09-23 11:54:22,019 [10] DEBUG PlotService.Services.Helper - PlotTask 21 128 sec
2016-09-23 11:54:22,024 [10] DEBUG PlotService.Services.Helper - Plot ticket: /i "C:\Test\Plot\Plot01\Scripts\Empty.dwg" /s "C:\Test\Plot\Plot01\Scripts\PlotPlanchette.scr" /id "156127E" /r "1000" /z "O" /c "MAP" /e "BT" /f "C:\Home\EnerGis\West\201609\1_2_1665609_31048172\1_1_156127E_BT.pdf" /st "1665609-31048172" /t "24" /n "22" /u "BZT" /imp /d /isolate 
2016-09-23 11:54:25,503 [11] DEBUG PlotService.Services.Helper - PlotTask 22 132 sec
2016-09-23 11:54:25,504 [11] DEBUG PlotService.Services.Helper - Plot ticket: /i "C:\Test\Plot\Plot01\Scripts\Empty.dwg" /s "C:\Test\Plot\Plot01\Scripts\PlotPlanchette.scr" /id "157126C" /r "1000" /z "O" /c "MAP" /e "BT" /f "C:\Home\EnerGis\West\201609\1_2_1665609_31048172\1_1_157126C_BT.pdf" /st "1665609-31048172" /t "24" /n "23" /u "BZT" /imp /d /isolate 
2016-09-23 11:54:37,598 [11] DEBUG PlotService.Services.Helper - PlotTask 23 144 sec
2016-09-23 11:54:37,601 [11] DEBUG PlotService.Services.Helper - Plot dwg: /i "W:\RWA005\Cardex\Ouest\EDH\MSS\REPERAGE\EL\368-4.dwg" /s "C:\Test\Plot\Plot01\Scripts\PlotDwg.scr" /f "C:\Home\EnerGis\West\201609\1_2_1665609_31048172\1_1_368_4_29270.pdf" /d /isolate 
2016-09-23 11:54:37,633 [10] DEBUG PlotService.Services.Helper - PlotTask 24 144 sec
2016-09-23 11:54:37,635 [10] DEBUG PlotService.Services.Helper - Plot ticket: /i "C:\Test\Plot\Plot01\Scripts\Empty.dwg" /s "C:\Test\Plot\Plot01\Scripts\PlotPlanchette.scr" /id "218043A" /r "1000" /z "E" /c "MAP" /e "BT" /f "C:\Home\EnerGis\East\201609\3_1_1643478_31048179\3_1_218043A_BT.pdf" /st "1643478-31048179" /t "3" /n "1" /u "BZT" /imp /d /isolate 
2016-09-23 11:54:38,617 [12] DEBUG PlotService.Services.Helper - PlotTask 25 145 sec
2016-09-23 11:54:38,617 [12] DEBUG PlotService.Services.Helper - Plot ticket: /i "C:\Test\Plot\Plot01\Scripts\Empty.dwg" /s "C:\Test\Plot\Plot01\Scripts\PlotPlanchette.scr" /id "218043A" /r "1000" /z "E" /c "MAP" /e "EP" /f "C:\Home\EnerGis\East\201609\3_1_1643478_31048179\3_1_218043A_EP.pdf" /st "1643478-31048179" /t "3" /n "2" /u "BZT" /imp /d /isolate 
2016-09-23 11:54:51,606 [10] DEBUG PlotService.Services.Helper - PlotTask 26 158 sec
2016-09-23 11:54:51,619 [10] DEBUG PlotService.Services.Helper - Plot ticket: /i "C:\Test\Plot\Plot01\Scripts\Empty.dwg" /s "C:\Test\Plot\Plot01\Scripts\PlotPlanchette.scr" /id "218043A" /r "1000" /z "E" /c "MAP" /e "MT" /f "C:\Home\EnerGis\East\201609\3_1_1643478_31048179\3_1_218043A_MT.pdf" /st "1643478-31048179" /t "3" /n "3" /u "BZT" /imp /d /isolate 
2016-09-23 11:54:52,042 [12] DEBUG PlotService.Services.Helper - PlotTask 27 158 sec
2016-09-23 11:54:52,046 [12] DEBUG PlotService.Services.Helper - Plot ticket: /i "C:\Test\Plot\Plot01\Scripts\Empty.dwg" /s "C:\Test\Plot\Plot01\Scripts\PlotPlanchette.scr" /id "126144E" /r "1000" /z "O" /c "MAP" /e "MT" /f "C:\Home\EnerGis\West\201609\1_2_1665608_31048167\1_2_126144E_MT.pdf" /st "1665608-31048167" /t "3" /n "1" /u "BZT" /imp /d /isolate 
2016-09-23 11:55:19,153 [12] DEBUG PlotService.Services.Helper - Plot ticket: /i "C:\Test\Plot\Plot01\Scripts\Empty.dwg" /s "C:\Test\Plot\Plot01\Scripts\PlotPlanchette.scr" /id "157126C" /r "1000" /z "O" /c "MAP" /e "MP" /f "C:\Home\EnerGis\West\201609\1_2_1665609_31048172\1_1_157126C_MP.pdf" /st "1665609-31048172" /t "24" /n "19" /u "BZT" /imp /d /isolate 
2016-09-23 11:55:19,153 [13] DEBUG PlotService.Services.Helper - Plot ticket: /i "C:\Test\Plot\Plot01\Scripts\Empty.dwg" /s "C:\Test\Plot\Plot01\Scripts\PlotPlanchette.scr" /id "157126D" /r "1000" /z "O" /c "MAP" /e "MP" /f "C:\Home\EnerGis\West\201609\1_2_1665609_31048172\1_1_157126D_MP.pdf" /st "1665609-31048172" /t "24" /n "20" /u "BZT" /imp /d /isolate 
2016-09-23 11:55:19,153 [11] DEBUG PlotService.Services.Helper - Plot ticket: /i "C:\Test\Plot\Plot01\Scripts\Empty.dwg" /s "C:\Test\Plot\Plot01\Scripts\PlotPlanchette.scr" /id "156126H" /r "1000" /z "O" /c "MAP" /e "GAZ,,BP,MP" /f "C:\Home\EnerGis\West\201609\1_2_1665609_31048172\1_1_156126H_GAZBPMP.pdf" /st "1665609-31048172" /t "24" /n "21" /u "BZT" /imp /d /isolate 
2016-09-23 11:55:36,335 [12] DEBUG PlotService.Services.Helper - PlotTask 1 19 sec
2016-09-23 11:55:36,336 [12] DEBUG PlotService.Services.Helper - Plot ticket: /i "C:\Test\Plot\Plot01\Scripts\Empty.dwg" /s "C:\Test\Plot\Plot01\Scripts\PlotPlanchette.scr" /id "156127E" /r "1000" /z "O" /c "MAP" /e "BT" /f "C:\Home\EnerGis\West\201609\1_2_1665609_31048172\1_1_156127E_BT.pdf" /st "1665609-31048172" /t "24" /n "22" /u "BZT" /imp /d /isolate 
2016-09-23 11:55:37,593 [13] DEBUG PlotService.Services.Helper - PlotTask 2 20 sec
2016-09-23 11:55:37,597 [13] DEBUG PlotService.Services.Helper - Plot ticket: /i "C:\Test\Plot\Plot01\Scripts\Empty.dwg" /s "C:\Test\Plot\Plot01\Scripts\PlotPlanchette.scr" /id "157126C" /r "1000" /z "O" /c "MAP" /e "BT" /f "C:\Home\EnerGis\West\201609\1_2_1665609_31048172\1_1_157126C_BT.pdf" /st "1665609-31048172" /t "24" /n "23" /u "BZT" /imp /d /isolate 
2016-09-23 11:55:40,441 [11] DEBUG PlotService.Services.Helper - PlotTask 3 23 sec
2016-09-23 11:55:40,445 [11] DEBUG PlotService.Services.Helper - Plot dwg: /i "W:\RWA005\Cardex\Ouest\EDH\MSS\REPERAGE\EL\368-4.dwg" /s "C:\Test\Plot\Plot01\Scripts\PlotDwg.scr" /f "C:\Home\EnerGis\West\201609\1_2_1665609_31048172\1_1_368_4_29270.pdf" /d /isolate 
2016-09-23 11:55:50,159 [13] DEBUG PlotService.Services.Helper - PlotTask 4 33 sec
2016-09-23 11:55:50,164 [13] DEBUG PlotService.Services.Helper - Plot ticket: /i "C:\Test\Plot\Plot01\Scripts\Empty.dwg" /s "C:\Test\Plot\Plot01\Scripts\PlotPlanchette.scr" /id "218043A" /r "1000" /z "E" /c "MAP" /e "BT" /f "C:\Home\EnerGis\East\201609\3_1_1643478_31048179\3_1_218043A_BT.pdf" /st "1643478-31048179" /t "3" /n "1" /u "BZT" /imp /d /isolate 
2016-09-23 11:55:51,004 [12] DEBUG PlotService.Services.Helper - PlotTask 5 33 sec
2016-09-23 11:55:51,006 [12] DEBUG PlotService.Services.Helper - Plot ticket: /i "C:\Test\Plot\Plot01\Scripts\Empty.dwg" /s "C:\Test\Plot\Plot01\Scripts\PlotPlanchette.scr" /id "218043A" /r "1000" /z "E" /c "MAP" /e "EP" /f "C:\Home\EnerGis\East\201609\3_1_1643478_31048179\3_1_218043A_EP.pdf" /st "1643478-31048179" /t "3" /n "2" /u "BZT" /imp /d /isolate 
2016-09-23 11:56:04,657 [11] DEBUG PlotService.Services.Helper - PlotTask 6 47 sec
2016-09-23 11:56:04,661 [11] DEBUG PlotService.Services.Helper - Plot ticket: /i "C:\Test\Plot\Plot01\Scripts\Empty.dwg" /s "C:\Test\Plot\Plot01\Scripts\PlotPlanchette.scr" /id "218043A" /r "1000" /z "E" /c "MAP" /e "MT" /f "C:\Home\EnerGis\East\201609\3_1_1643478_31048179\3_1_218043A_MT.pdf" /st "1643478-31048179" /t "3" /n "3" /u "BZT" /imp /d /isolate 
2016-09-23 11:56:04,708 [13] DEBUG PlotService.Services.Helper - PlotTask 7 47 sec
2016-09-23 11:56:04,710 [13] DEBUG PlotService.Services.Helper - Plot ticket: /i "C:\Test\Plot\Plot01\Scripts\Empty.dwg" /s "C:\Test\Plot\Plot01\Scripts\PlotPlanchette.scr" /id "126144E" /r "1000" /z "O" /c "MAP" /e "MT" /f "C:\Home\EnerGis\West\201609\1_2_1665608_31048167\1_2_126144E_MT.pdf" /st "1665608-31048167" /t "3" /n "1" /u "BZT" /imp /d /isolate 
2016-09-23 11:56:04,721 [12] DEBUG PlotService.Services.Helper - PlotTask 8 47 sec
2016-09-23 11:56:04,723 [12] DEBUG PlotService.Services.Helper - Plot ticket: /i "C:\Test\Plot\Plot01\Scripts\Empty.dwg" /s "C:\Test\Plot\Plot01\Scripts\PlotPlanchette.scr" /id "126144E" /r "1000" /z "O" /c "MAP" /e "MP" /f "C:\Home\EnerGis\West\201609\1_2_1665608_31048167\1_2_126144E_MP.pdf" /st "1665608-31048167" /t "3" /n "2" /u "BZT" /imp /d /isolate 
2016-09-23 11:56:17,886 [13] DEBUG PlotService.Services.Helper - PlotTask 9 60 sec
2016-09-23 11:56:17,888 [13] DEBUG PlotService.Services.Helper - Plot dwg: /i "W:\RWA005\Cardex\Ouest\EDH\LVA\REPERAGE\EL\EH3-1.dwg" /s "C:\Test\Plot\Plot01\Scripts\PlotDwg.scr" /f "C:\Home\EnerGis\West\201609\1_2_1665608_31048167\1_2_EH3_1_39737.pdf" /d /isolate 
2016-09-23 11:56:18,591 [12] DEBUG PlotService.Services.Helper - PlotTask 10 61 sec
2016-09-23 11:56:18,596 [12] DEBUG PlotService.Services.Helper - Plot dwg: /i "W:\RWA005\Cardex\Ouest\EDH\MZA\REPERAGE\EL\399-3.dwg" /s "C:\Test\Plot\Plot01\Scripts\PlotDwg.scr" /f "C:\Home\EnerGis\West\201609\1_2_1665613_31048221\1_3_EL399-3_47310.pdf" /d /isolate 
2016-09-23 11:56:20,484 [11] DEBUG PlotService.Services.Helper - PlotTask 11 63 sec
2016-09-23 11:56:20,489 [11] DEBUG PlotService.Services.Helper - Plot ticket: /i "C:\Test\Plot\Plot01\Scripts\Empty.dwg" /s "C:\Test\Plot\Plot01\Scripts\PlotPlanchette.scr" /id "232125E" /r "1000" /z "E" /c "MAP" /e "BT" /f "C:\Home\EnerGis\East\201609\3_1_1643480_31048213\2_2_232125E_BT.pdf" /st "1643480-31048213" /t "4" /n "1" /u "BZT" /imp /d /isolate 
2016-09-23 11:56:34,592 [11] DEBUG PlotService.Services.Helper - PlotTask 12 77 sec
2016-09-23 11:56:34,598 [11] DEBUG PlotService.Services.Helper - Plot ticket: /i "C:\Test\Plot\Plot01\Scripts\Empty.dwg" /s "C:\Test\Plot\Plot01\Scripts\PlotPlanchette.scr" /id "111125E" /r "1000" /z "O" /c "MAP" /e "BP" /f "C:\Home\EnerGis\West\201609\1_2_1665613_31048221\1_3_111125E_BP.pdf" /st "1665613-31048221" /t "7" /n "2" /u "BZT" /imp /d /isolate 
2016-09-23 11:57:31,557 [13] DEBUG PlotService.Services.Helper - Plot ticket: /i "C:\Test\Plot\Plot01\Scripts\Empty.dwg" /s "C:\Test\Plot\Plot01\Scripts\PlotPlanchette.scr" /id "156126H" /r "1000" /z "O" /c "MAP" /e "GAZ,,BP,MP" /f "C:\Home\EnerGis\West\201609\1_2_1665609_31048172\1_1_156126H_GAZBPMP.pdf" /st "1665609-31048172" /t "24" /n "21" /u "BZT" /imp /d /isolate 
2016-09-23 11:57:31,558 [11] DEBUG PlotService.Services.Helper - Plot ticket: /i "C:\Test\Plot\Plot01\Scripts\Empty.dwg" /s "C:\Test\Plot\Plot01\Scripts\PlotPlanchette.scr" /id "157126D" /r "1000" /z "O" /c "MAP" /e "MP" /f "C:\Home\EnerGis\West\201609\1_2_1665609_31048172\1_1_157126D_MP.pdf" /st "1665609-31048172" /t "24" /n "20" /u "BZT" /imp /d /isolate 
2016-09-23 11:57:31,560 [12] DEBUG PlotService.Services.Helper - Plot ticket: /i "C:\Test\Plot\Plot01\Scripts\Empty.dwg" /s "C:\Test\Plot\Plot01\Scripts\PlotPlanchette.scr" /id "157126C" /r "1000" /z "O" /c "MAP" /e "MP" /f "C:\Home\EnerGis\West\201609\1_2_1665609_31048172\1_1_157126C_MP.pdf" /st "1665609-31048172" /t "24" /n "19" /u "BZT" /imp /d /isolate 
2016-09-23 11:57:47,982 [12] DEBUG PlotService.Services.Helper - PlotTask 1 18 sec
2016-09-23 11:57:47,983 [12] DEBUG PlotService.Services.Helper - Plot ticket: /i "C:\Test\Plot\Plot01\Scripts\Empty.dwg" /s "C:\Test\Plot\Plot01\Scripts\PlotPlanchette.scr" /id "156127E" /r "1000" /z "O" /c "MAP" /e "BT" /f "C:\Home\EnerGis\West\201609\1_2_1665609_31048172\1_1_156127E_BT.pdf" /st "1665609-31048172" /t "24" /n "22" /u "BZT" /imp /d /isolate 
2016-09-23 11:57:49,502 [11] DEBUG PlotService.Services.Helper - PlotTask 2 20 sec
2016-09-23 11:57:49,505 [11] DEBUG PlotService.Services.Helper - Plot ticket: /i "C:\Test\Plot\Plot01\Scripts\Empty.dwg" /s "C:\Test\Plot\Plot01\Scripts\PlotPlanchette.scr" /id "157126C" /r "1000" /z "O" /c "MAP" /e "BT" /f "C:\Home\EnerGis\West\201609\1_2_1665609_31048172\1_1_157126C_BT.pdf" /st "1665609-31048172" /t "24" /n "23" /u "BZT" /imp /d /isolate 
2016-09-23 11:57:52,470 [13] DEBUG PlotService.Services.Helper - PlotTask 3 23 sec
2016-09-23 11:57:52,472 [13] DEBUG PlotService.Services.Helper - Plot dwg: /i "W:\RWA005\Cardex\Ouest\EDH\MSS\REPERAGE\EL\368-4.dwg" /s "C:\Test\Plot\Plot01\Scripts\PlotDwg.scr" /f "C:\Home\EnerGis\West\201609\1_2_1665609_31048172\1_1_368_4_29270.pdf" /d /isolate 
2016-09-23 11:58:00,672 [11] DEBUG PlotService.Services.Helper - PlotTask 4 31 sec
2016-09-23 11:58:00,675 [11] DEBUG PlotService.Services.Helper - Plot ticket: /i "C:\Test\Plot\Plot01\Scripts\Empty.dwg" /s "C:\Test\Plot\Plot01\Scripts\PlotPlanchette.scr" /id "218043A" /r "1000" /z "E" /c "MAP" /e "BT" /f "C:\Home\EnerGis\East\201609\3_1_1643478_31048179\3_1_218043A_BT.pdf" /st "1643478-31048179" /t "3" /n "1" /u "BZT" /imp /d /isolate 
2016-09-23 11:58:01,868 [12] DEBUG PlotService.Services.Helper - PlotTask 5 32 sec
2016-09-23 11:58:01,870 [12] DEBUG PlotService.Services.Helper - Plot ticket: /i "C:\Test\Plot\Plot01\Scripts\Empty.dwg" /s "C:\Test\Plot\Plot01\Scripts\PlotPlanchette.scr" /id "218043A" /r "1000" /z "E" /c "MAP" /e "EP" /f "C:\Home\EnerGis\East\201609\3_1_1643478_31048179\3_1_218043A_EP.pdf" /st "1643478-31048179" /t "3" /n "2" /u "BZT" /imp /d /isolate 
2016-09-23 11:58:13,840 [11] DEBUG PlotService.Services.Helper - PlotTask 6 44 sec
2016-09-23 11:58:13,844 [11] DEBUG PlotService.Services.Helper - Plot ticket: /i "C:\Test\Plot\Plot01\Scripts\Empty.dwg" /s "C:\Test\Plot\Plot01\Scripts\PlotPlanchette.scr" /id "218043A" /r "1000" /z "E" /c "MAP" /e "MT" /f "C:\Home\EnerGis\East\201609\3_1_1643478_31048179\3_1_218043A_MT.pdf" /st "1643478-31048179" /t "3" /n "3" /u "BZT" /imp /d /isolate 
2016-09-23 11:58:14,547 [13] DEBUG PlotService.Services.Helper - PlotTask 7 45 sec
2016-09-23 11:58:14,551 [13] DEBUG PlotService.Services.Helper - Plot ticket: /i "C:\Test\Plot\Plot01\Scripts\Empty.dwg" /s "C:\Test\Plot\Plot01\Scripts\PlotPlanchette.scr" /id "126144E" /r "1000" /z "O" /c "MAP" /e "MT" /f "C:\Home\EnerGis\West\201609\1_2_1665608_31048167\1_2_126144E_MT.pdf" /st "1665608-31048167" /t "3" /n "1" /u "BZT" /imp /d /isolate 
2016-09-23 11:58:16,174 [12] DEBUG PlotService.Services.Helper - PlotTask 8 46 sec
2016-09-23 11:58:16,182 [12] DEBUG PlotService.Services.Helper - Plot ticket: /i "C:\Test\Plot\Plot01\Scripts\Empty.dwg" /s "C:\Test\Plot\Plot01\Scripts\PlotPlanchette.scr" /id "126144E" /r "1000" /z "O" /c "MAP" /e "MP" /f "C:\Home\EnerGis\West\201609\1_2_1665608_31048167\1_2_126144E_MP.pdf" /st "1665608-31048167" /t "3" /n "2" /u "BZT" /imp /d /isolate 
2016-09-23 11:58:25,534 [13] DEBUG PlotService.Services.Helper - PlotTask 9 56 sec
2016-09-23 11:58:25,539 [13] DEBUG PlotService.Services.Helper - Plot dwg: /i "W:\RWA005\Cardex\Ouest\EDH\LVA\REPERAGE\EL\EH3-1.dwg" /s "C:\Test\Plot\Plot01\Scripts\PlotDwg.scr" /f "C:\Home\EnerGis\West\201609\1_2_1665608_31048167\1_2_EH3_1_39737.pdf" /d /isolate 
2016-09-23 11:58:28,129 [12] DEBUG PlotService.Services.Helper - PlotTask 10 58 sec
2016-09-23 11:58:28,131 [12] DEBUG PlotService.Services.Helper - Plot dwg: /i "W:\RWA005\Cardex\Ouest\EDH\MZA\REPERAGE\EL\399-3.dwg" /s "C:\Test\Plot\Plot01\Scripts\PlotDwg.scr" /f "C:\Home\EnerGis\West\201609\1_2_1665613_31048221\1_3_EL399-3_47310.pdf" /d /isolate 
2016-09-23 11:58:29,011 [11] DEBUG PlotService.Services.Helper - PlotTask 11 59 sec
2016-09-23 11:58:29,014 [11] DEBUG PlotService.Services.Helper - Plot ticket: /i "C:\Test\Plot\Plot01\Scripts\Empty.dwg" /s "C:\Test\Plot\Plot01\Scripts\PlotPlanchette.scr" /id "232125E" /r "1000" /z "E" /c "MAP" /e "BT" /f "C:\Home\EnerGis\East\201609\3_1_1643480_31048213\2_2_232125E_BT.pdf" /st "1643480-31048213" /t "4" /n "1" /u "BZT" /imp /d /isolate 
2016-09-23 11:58:43,401 [11] DEBUG PlotService.Services.Helper - PlotTask 12 73 sec
2016-09-23 11:58:43,406 [11] DEBUG PlotService.Services.Helper - Plot ticket: /i "C:\Test\Plot\Plot01\Scripts\Empty.dwg" /s "C:\Test\Plot\Plot01\Scripts\PlotPlanchette.scr" /id "111125E" /r "1000" /z "O" /c "MAP" /e "BP" /f "C:\Home\EnerGis\West\201609\1_2_1665613_31048221\1_3_111125E_BP.pdf" /st "1665613-31048221" /t "7" /n "2" /u "BZT" /imp /d /isolate 
2016-09-23 11:58:50,840 [13] DEBUG PlotService.Services.Helper - PlotTask 13 81 sec
2016-09-23 11:58:50,847 [13] DEBUG PlotService.Services.Helper - Plot dwg: /i "W:\RWA005\Cardex\Ouest\EDH\MZA\REPERAGE\EL\19-1.dwg" /s "C:\Test\Plot\Plot01\Scripts\PlotDwg.scr" /f "C:\Home\EnerGis\West\201609\1_2_1665613_31048221\1_3_EL19-1_46636.pdf" /d /isolate 
2016-09-23 11:58:53,822 [12] DEBUG PlotService.Services.Helper - PlotTask 14 84 sec
2016-09-23 11:58:53,827 [12] DEBUG PlotService.Services.Helper - Plot ticket: /i "C:\Test\Plot\Plot01\Scripts\Empty.dwg" /s "C:\Test\Plot\Plot01\Scripts\PlotPlanchette.scr" /id "111125E" /r "1000" /z "O" /c "MAP" /e "MP" /f "C:\Home\EnerGis\West\201609\1_2_1665613_31048221\1_3_111125E_MP.pdf" /st "1665613-31048221" /t "7" /n "4" /u "BZT" /imp /d /isolate 
2016-09-23 11:59:06,885 [11] DEBUG PlotService.Services.Helper - PlotTask 15 97 sec
2016-09-23 11:59:06,887 [11] DEBUG PlotService.Services.Helper - Plot ticket: /i "C:\Test\Plot\Plot01\Scripts\Empty.dwg" /s "C:\Test\Plot\Plot01\Scripts\PlotPlanchette.scr" /id "111125E" /r "1000" /z "O" /c "MAP" /e "PC" /f "C:\Home\EnerGis\West\201609\1_2_1665613_31048221\1_3_111125E_PC.pdf" /st "1665613-31048221" /t "7" /n "5" /u "BZT" /imp /d /isolate 
2016-09-23 11:59:08,668 [12] DEBUG PlotService.Services.Helper - PlotTask 16 99 sec
2016-09-23 11:59:08,673 [12] DEBUG PlotService.Services.Helper - Plot ticket: /i "C:\Test\Plot\Plot01\Scripts\Empty.dwg" /s "C:\Test\Plot\Plot01\Scripts\PlotPlanchette.scr" /id "111125E" /r "1000" /z "O" /c "MAP" /e "BPHS" /f "C:\Home\EnerGis\West\201609\1_2_1665613_31048221\1_3_111125E_BPHS.pdf" /st "1665613-31048221" /t "7" /n "6" /u "BZT" /imp /d /isolate 
2016-09-23 11:59:12,430 [13] DEBUG PlotService.Services.Helper - PlotTask 17 102 sec
2016-09-23 11:59:12,435 [13] DEBUG PlotService.Services.Helper - Plot dwg: /i "W:\RWA005\Cardex\Ouest\EDH\MZA\REPERAGE\EL\130-5.dwg" /s "C:\Test\Plot\Plot01\Scripts\PlotDwg.scr" /f "C:\Home\EnerGis\West\201609\1_2_1665613_31048221\1_3_EL130-5_46482.pdf" /d /isolate 
2016-09-23 11:59:22,244 [11] DEBUG PlotService.Services.Helper - PlotTask 18 112 sec
2016-09-23 11:59:22,261 [11] DEBUG PlotService.Services.Helper - Plot ticket: /i "C:\Test\Plot\Plot01\Scripts\Empty.dwg" /s "C:\Test\Plot\Plot01\Scripts\PlotPlanchette.scr" /id "157126C" /r "1000" /z "O" /c "MAP" /e "MP" /f "C:\Home\EnerGis\West\201609\1_2_1665609_31048172\1_1_157126C_MP.pdf" /st "1665609-31048172" /t "24" /n "19" /u "BZT" /imp /d /isolate 
2016-09-23 11:59:23,527 [12] DEBUG PlotService.Services.Helper - PlotTask 19 114 sec
2016-09-23 11:59:23,533 [12] DEBUG PlotService.Services.Helper - Plot ticket: /i "C:\Test\Plot\Plot01\Scripts\Empty.dwg" /s "C:\Test\Plot\Plot01\Scripts\PlotPlanchette.scr" /id "157126D" /r "1000" /z "O" /c "MAP" /e "MP" /f "C:\Home\EnerGis\West\201609\1_2_1665609_31048172\1_1_157126D_MP.pdf" /st "1665609-31048172" /t "24" /n "20" /u "BZT" /imp /d /isolate 
2016-09-23 11:59:35,440 [13] DEBUG PlotService.Services.Helper - PlotTask 20 125 sec
2016-09-23 11:59:35,444 [13] DEBUG PlotService.Services.Helper - Plot ticket: /i "C:\Test\Plot\Plot01\Scripts\Empty.dwg" /s "C:\Test\Plot\Plot01\Scripts\PlotPlanchette.scr" /id "156126H" /r "1000" /z "O" /c "MAP" /e "GAZ,,BP,MP" /f "C:\Home\EnerGis\West\201609\1_2_1665609_31048172\1_1_156126H_GAZBPMP.pdf" /st "1665609-31048172" /t "24" /n "21" /u "BZT" /imp /d /isolate 
2016-09-23 11:59:38,631 [11] DEBUG PlotService.Services.Helper - PlotTask 21 129 sec
2016-09-23 11:59:38,633 [11] DEBUG PlotService.Services.Helper - Plot ticket: /i "C:\Test\Plot\Plot01\Scripts\Empty.dwg" /s "C:\Test\Plot\Plot01\Scripts\PlotPlanchette.scr" /id "156127E" /r "1000" /z "O" /c "MAP" /e "BT" /f "C:\Home\EnerGis\West\201609\1_2_1665609_31048172\1_1_156127E_BT.pdf" /st "1665609-31048172" /t "24" /n "22" /u "BZT" /imp /d /isolate 
2016-09-23 11:59:40,391 [12] DEBUG PlotService.Services.Helper - PlotTask 22 130 sec
2016-09-23 11:59:40,395 [12] DEBUG PlotService.Services.Helper - Plot ticket: /i "C:\Test\Plot\Plot01\Scripts\Empty.dwg" /s "C:\Test\Plot\Plot01\Scripts\PlotPlanchette.scr" /id "157126C" /r "1000" /z "O" /c "MAP" /e "BT" /f "C:\Home\EnerGis\West\201609\1_2_1665609_31048172\1_1_157126C_BT.pdf" /st "1665609-31048172" /t "24" /n "23" /u "BZT" /imp /d /isolate 
2016-09-23 11:59:52,005 [12] DEBUG PlotService.Services.Helper - PlotTask 23 142 sec
2016-09-23 11:59:52,007 [12] DEBUG PlotService.Services.Helper - Plot dwg: /i "W:\RWA005\Cardex\Ouest\EDH\MSS\REPERAGE\EL\368-4.dwg" /s "C:\Test\Plot\Plot01\Scripts\PlotDwg.scr" /f "C:\Home\EnerGis\West\201609\1_2_1665609_31048172\1_1_368_4_29270.pdf" /d /isolate 
2016-09-23 11:59:52,957 [11] DEBUG PlotService.Services.Helper - PlotTask 24 143 sec
2016-09-23 11:59:52,960 [11] DEBUG PlotService.Services.Helper - Plot ticket: /i "C:\Test\Plot\Plot01\Scripts\Empty.dwg" /s "C:\Test\Plot\Plot01\Scripts\PlotPlanchette.scr" /id "218043A" /r "1000" /z "E" /c "MAP" /e "BT" /f "C:\Home\EnerGis\East\201609\3_1_1643478_31048179\3_1_218043A_BT.pdf" /st "1643478-31048179" /t "3" /n "1" /u "BZT" /imp /d /isolate 
2016-09-23 11:59:55,782 [13] DEBUG PlotService.Services.Helper - PlotTask 25 146 sec
2016-09-23 11:59:55,787 [13] DEBUG PlotService.Services.Helper - Plot ticket: /i "C:\Test\Plot\Plot01\Scripts\Empty.dwg" /s "C:\Test\Plot\Plot01\Scripts\PlotPlanchette.scr" /id "218043A" /r "1000" /z "E" /c "MAP" /e "EP" /f "C:\Home\EnerGis\East\201609\3_1_1643478_31048179\3_1_218043A_EP.pdf" /st "1643478-31048179" /t "3" /n "2" /u "BZT" /imp /d /isolate 
2016-09-23 12:00:06,857 [11] DEBUG PlotService.Services.Helper - PlotTask 26 157 sec
2016-09-23 12:00:06,861 [11] DEBUG PlotService.Services.Helper - Plot ticket: /i "C:\Test\Plot\Plot01\Scripts\Empty.dwg" /s "C:\Test\Plot\Plot01\Scripts\PlotPlanchette.scr" /id "218043A" /r "1000" /z "E" /c "MAP" /e "MT" /f "C:\Home\EnerGis\East\201609\3_1_1643478_31048179\3_1_218043A_MT.pdf" /st "1643478-31048179" /t "3" /n "3" /u "BZT" /imp /d /isolate 
2016-09-23 12:00:09,048 [13] DEBUG PlotService.Services.Helper - PlotTask 27 159 sec
2016-09-23 12:00:09,051 [13] DEBUG PlotService.Services.Helper - Plot ticket: /i "C:\Test\Plot\Plot01\Scripts\Empty.dwg" /s "C:\Test\Plot\Plot01\Scripts\PlotPlanchette.scr" /id "126144E" /r "1000" /z "O" /c "MAP" /e "MT" /f "C:\Home\EnerGis\West\201609\1_2_1665608_31048167\1_2_126144E_MT.pdf" /st "1665608-31048167" /t "3" /n "1" /u "BZT" /imp /d /isolate 
2016-09-23 12:00:12,854 [12] DEBUG PlotService.Services.Helper - PlotTask 28 163 sec
2016-09-23 12:00:12,860 [12] DEBUG PlotService.Services.Helper - Plot ticket: /i "C:\Test\Plot\Plot01\Scripts\Empty.dwg" /s "C:\Test\Plot\Plot01\Scripts\PlotPlanchette.scr" /id "126144E" /r "1000" /z "O" /c "MAP" /e "MP" /f "C:\Home\EnerGis\West\201609\1_2_1665608_31048167\1_2_126144E_MP.pdf" /st "1665608-31048167" /t "3" /n "2" /u "BZT" /imp /d /isolate 
2016-09-23 12:00:20,408 [13] DEBUG PlotService.Services.Helper - PlotTask 29 170 sec
2016-09-23 12:00:20,412 [13] DEBUG PlotService.Services.Helper - Plot dwg: /i "W:\RWA005\Cardex\Ouest\EDH\LVA\REPERAGE\EL\EH3-1.dwg" /s "C:\Test\Plot\Plot01\Scripts\PlotDwg.scr" /f "C:\Home\EnerGis\West\201609\1_2_1665608_31048167\1_2_EH3_1_39737.pdf" /d /isolate 
2016-09-23 12:00:21,733 [11] DEBUG PlotService.Services.Helper - PlotTask 30 172 sec
2016-09-23 12:00:21,738 [11] DEBUG PlotService.Services.Helper - Plot dwg: /i "W:\RWA005\Cardex\Ouest\EDH\MZA\REPERAGE\EL\399-3.dwg" /s "C:\Test\Plot\Plot01\Scripts\PlotDwg.scr" /f "C:\Home\EnerGis\West\201609\1_2_1665613_31048221\1_3_EL399-3_47310.pdf" /d /isolate 
2016-09-23 12:00:24,836 [12] DEBUG PlotService.Services.Helper - PlotTask 31 175 sec
2016-09-23 12:00:24,838 [12] DEBUG PlotService.Services.Helper - Plot ticket: /i "C:\Test\Plot\Plot01\Scripts\Empty.dwg" /s "C:\Test\Plot\Plot01\Scripts\PlotPlanchette.scr" /id "232125E" /r "1000" /z "E" /c "MAP" /e "BT" /f "C:\Home\EnerGis\East\201609\3_1_1643480_31048213\2_2_232125E_BT.pdf" /st "1643480-31048213" /t "4" /n "1" /u "BZT" /imp /d /isolate 
2016-09-23 12:00:48,651 [13] DEBUG PlotService.Services.Helper - Plot ticket: /i "C:\Test\Plot\Plot01\Scripts\Empty.dwg" /s "C:\Test\Plot\Plot01\Scripts\PlotPlanchette.scr" /id "157126C" /r "1000" /z "O" /c "MAP" /e "MP" /f "C:\Home\EnerGis\West\201609\1_2_1665609_31048172\1_1_157126C_MP.pdf" /st "1665609-31048172" /t "24" /n "19" /u "BZT" /imp /d /isolate 
2016-09-23 12:00:48,652 [12] DEBUG PlotService.Services.Helper - Plot ticket: /i "C:\Test\Plot\Plot01\Scripts\Empty.dwg" /s "C:\Test\Plot\Plot01\Scripts\PlotPlanchette.scr" /id "156126H" /r "1000" /z "O" /c "MAP" /e "GAZ,,BP,MP" /f "C:\Home\EnerGis\West\201609\1_2_1665609_31048172\1_1_156126H_GAZBPMP.pdf" /st "1665609-31048172" /t "24" /n "21" /u "BZT" /imp /d /isolate 
2016-09-23 12:00:48,651 [11] DEBUG PlotService.Services.Helper - Plot ticket: /i "C:\Test\Plot\Plot01\Scripts\Empty.dwg" /s "C:\Test\Plot\Plot01\Scripts\PlotPlanchette.scr" /id "157126D" /r "1000" /z "O" /c "MAP" /e "MP" /f "C:\Home\EnerGis\West\201609\1_2_1665609_31048172\1_1_157126D_MP.pdf" /st "1665609-31048172" /t "24" /n "20" /u "BZT" /imp /d /isolate 
2016-09-23 12:01:22,887 [11] DEBUG PlotService.Services.Helper - Plot ticket: /i "C:\Test\Plot\Plot01\Scripts\Empty.dwg" /s "C:\Test\Plot\Plot01\Scripts\PlotPlanchette.scr" /id "157126D" /r "1000" /z "O" /c "MAP" /e "MP" /f "C:\Home\EnerGis\West\201609\1_2_1665609_31048172\1_1_157126D_MP.pdf" /st "1665609-31048172" /t "24" /n "20" /u "BZT" /imp /d /isolate 
2016-09-23 12:01:22,888 [13] DEBUG PlotService.Services.Helper - Plot ticket: /i "C:\Test\Plot\Plot01\Scripts\Empty.dwg" /s "C:\Test\Plot\Plot01\Scripts\PlotPlanchette.scr" /id "157126C" /r "1000" /z "O" /c "MAP" /e "MP" /f "C:\Home\EnerGis\West\201609\1_2_1665609_31048172\1_1_157126C_MP.pdf" /st "1665609-31048172" /t "24" /n "19" /u "BZT" /imp /d /isolate 
2016-09-23 12:01:22,887 [12] DEBUG PlotService.Services.Helper - Plot ticket: /i "C:\Test\Plot\Plot01\Scripts\Empty.dwg" /s "C:\Test\Plot\Plot01\Scripts\PlotPlanchette.scr" /id "156126H" /r "1000" /z "O" /c "MAP" /e "GAZ,,BP,MP" /f "C:\Home\EnerGis\West\201609\1_2_1665609_31048172\1_1_156126H_GAZBPMP.pdf" /st "1665609-31048172" /t "24" /n "21" /u "BZT" /imp /d /isolate 
2016-09-23 12:01:40,450 [13] DEBUG PlotService.Services.Helper - PlotTask 1 19 sec
2016-09-23 12:01:40,452 [13] DEBUG PlotService.Services.Helper - Plot ticket: /i "C:\Test\Plot\Plot01\Scripts\Empty.dwg" /s "C:\Test\Plot\Plot01\Scripts\PlotPlanchette.scr" /id "156127E" /r "1000" /z "O" /c "MAP" /e "BT" /f "C:\Home\EnerGis\West\201609\1_2_1665609_31048172\1_1_156127E_BT.pdf" /st "1665609-31048172" /t "24" /n "22" /u "BZT" /imp /d /isolate 
2016-09-23 12:01:41,658 [11] DEBUG PlotService.Services.Helper - PlotTask 2 20 sec
2016-09-23 12:01:41,663 [11] DEBUG PlotService.Services.Helper - Plot ticket: /i "C:\Test\Plot\Plot01\Scripts\Empty.dwg" /s "C:\Test\Plot\Plot01\Scripts\PlotPlanchette.scr" /id "157126C" /r "1000" /z "O" /c "MAP" /e "BT" /f "C:\Home\EnerGis\West\201609\1_2_1665609_31048172\1_1_157126C_BT.pdf" /st "1665609-31048172" /t "24" /n "23" /u "BZT" /imp /d /isolate 
2016-09-24 18:43:37,541 [12] INFO  PlotService2.Services.Logger - Plot ticket: 84713 /i "C:\Test\Plot\Plot01\Scripts\Empty.dwg" /s "C:\Test\Plot\Plot01\Scripts\PlotPlanchette.scr" /id "072155B" /r "1000" /z "O" /c "MAP" /e "SI" /f "C:\Home\EnerGis\West\201608\1_2_1658728_30940363\1_5_072155B_SI.pdf" /st "1658728-30940363" /t "7" /n "999" /u "BZT" /imp /d /isolate 
2016-09-24 18:43:37,541 [11] INFO  PlotService2.Services.Logger - Plot ticket: 84712 /i "C:\Test\Plot\Plot01\Scripts\Empty.dwg" /s "C:\Test\Plot\Plot01\Scripts\PlotPlanchette.scr" /id "108146B" /r "1000" /z "O" /c "MAP" /e "BP" /f "C:\Home\EnerGis\West\201608\1_2_1658732_30940431\1_6_108146B_BP.pdf" /st "1658732-30940431" /t "12" /n "999" /u "BZT" /imp /d /isolate 
2016-09-24 18:43:37,541 [10] INFO  PlotService2.Services.Logger - Plot ticket: 84711 /i "C:\Test\Plot\Plot01\Scripts\Empty.dwg" /s "C:\Test\Plot\Plot01\Scripts\PlotPlanchette.scr" /id "108146B" /r "1000" /z "O" /c "MAP" /e "MP" /f "C:\Home\EnerGis\West\201608\1_2_1658732_30940431\1_6_108146B_MP.pdf" /st "1658732-30940431" /t "12" /n "999" /u "BZT" /imp /d /isolate 
2016-09-24 18:43:52,241 [10] INFO  PlotService2.Services.Logger - PlotTask 1 19 sec
2016-09-24 18:43:52,347 [10] INFO  PlotService2.Services.Logger - Plot dwg: 84714 /i "W:\RWA005\Cardex\Ouest\EDH\MUA\REPERAGE\EL\161167.dwg" /s "C:\Test\Plot\Plot01\Scripts\PlotDwg.scr" /f "C:\Home\EnerGis\West\201608\1_2_1658728_30940363\1_5_161167_52938.pdf" /d /isolate 
2016-09-24 18:43:52,351 [10] ERROR PlotService2.Services.Logger - Input file not found
2016-09-24 18:43:52,360 [10] INFO  PlotService2.Services.Logger - PlotTask 2 19 sec
2016-09-24 18:43:52,362 [10] INFO  PlotService2.Services.Logger - Plot ticket: 84715 /i "C:\Test\Plot\Plot01\Scripts\Empty.dwg" /s "C:\Test\Plot\Plot01\Scripts\PlotPlanchette.scr" /id "072155B" /r "1000" /z "O" /c "MAP" /e "BP" /f "C:\Home\EnerGis\West\201608\1_2_1658728_30940363\1_5_072155B_BP.pdf" /st "1658728-30940363" /t "7" /n "999" /u "BZT" /imp /d /isolate 
2016-09-24 18:43:52,370 [11] INFO  PlotService2.Services.Logger - PlotTask 1 19 sec
2016-09-24 18:43:52,372 [11] INFO  PlotService2.Services.Logger - Plot ticket: 84716 /i "C:\Test\Plot\Plot01\Scripts\Empty.dwg" /s "C:\Test\Plot\Plot01\Scripts\PlotPlanchette.scr" /id "072155B" /r "1000" /z "O" /c "MAP" /e "PC" /f "C:\Home\EnerGis\West\201608\1_2_1658728_30940363\1_5_072155B_PC.pdf" /st "1658728-30940363" /t "7" /n "999" /u "BZT" /imp /d /isolate 
2016-09-24 18:43:53,875 [12] INFO  PlotService2.Services.Logger - PlotTask 1 21 sec
2016-09-24 18:43:53,877 [12] INFO  PlotService2.Services.Logger - Plot ticket: 84717 /i "C:\Test\Plot\Plot01\Scripts\Empty.dwg" /s "C:\Test\Plot\Plot01\Scripts\PlotPlanchette.scr" /id "072155B" /r "1000" /z "O" /c "MAP" /e "MT" /f "C:\Home\EnerGis\West\201608\1_2_1658728_30940363\1_5_072155B_MT.pdf" /st "1658728-30940363" /t "7" /n "999" /u "BZT" /imp /d /isolate 
2016-09-24 18:54:01,946 [11] INFO  PlotService2.Services.Logger - Plot ticket: 84717 /i "C:\Test\Plot\Plot01\Scripts\Empty.dwg" /s "C:\Test\Plot\Plot01\Scripts\PlotPlanchette.scr" /id "072155B" /r "1000" /z "O" /c "MAP" /e "MT" /f "C:\Home\EnerGis\West\201608\1_2_1658728_30940363\1_5_072155B_MT.pdf" /st "1658728-30940363" /t "7" /n "999" /u "BZT" /imp /d /isolate 
2016-09-24 18:54:01,946 [12] INFO  PlotService2.Services.Logger - Plot ticket: 84718 /i "C:\Test\Plot\Plot01\Scripts\Empty.dwg" /s "C:\Test\Plot\Plot01\Scripts\PlotPlanchette.scr" /id "072155B" /r "1000" /z "O" /c "MAP" /e "BPHS" /f "C:\Home\EnerGis\West\201608\1_2_1658728_30940363\1_5_072155B_BPHS.pdf" /st "1658728-30940363" /t "7" /n "999" /u "BZT" /imp /d /isolate 
2016-09-24 18:54:14,263 [11] INFO  PlotService2.Services.Logger - PlotTask 1 24 sec
2016-09-24 18:54:31,585 [12] INFO  PlotService2.Services.Logger - PlotTask 1 41 sec
2016-09-24 18:54:31,587 [11] INFO  PlotService2.Services.Logger - Plot ticket: 84719 /i "C:\Test\Plot\Plot01\Scripts\Empty.dwg" /s "C:\Test\Plot\Plot01\Scripts\PlotPlanchette.scr" /id "124125F" /r "1000" /z "O" /c "MAP" /e "BT" /f "C:\Home\EnerGis\West\201608\1_2_1658816_30944835\1_3_124125F_BT.pdf" /st "1658816-30944835" /t "11" /n "999" /u "BZT" /imp /d /isolate 
2016-09-24 18:54:31,613 [12] INFO  PlotService2.Services.Logger - Plot ticket: 84720 /i "C:\Test\Plot\Plot01\Scripts\Empty.dwg" /s "C:\Test\Plot\Plot01\Scripts\PlotPlanchette.scr" /id "118130C" /r "1000" /z "O" /c "MAP" /e "BT" /f "C:\Home\EnerGis\West\201608\1_2_1658814_30944828\1_3_118130C_BT.pdf" /st "1658814-30944828" /t "8" /n "999" /u "BZT" /imp /d /isolate 
2016-09-24 18:54:42,714 [11] INFO  PlotService2.Services.Logger - PlotTask 2 53 sec
2016-09-24 18:54:42,876 [12] INFO  PlotService2.Services.Logger - PlotTask 2 53 sec
2016-09-24 18:54:42,877 [11] INFO  PlotService2.Services.Logger - Plot dwg: 84721 /i "W:\RWA005\Cardex\Ouest\EDH\MUA\REPERAGE\EL\080574-2.dwg" /s "C:\Test\Plot\Plot01\Scripts\PlotDwg.scr" /f "C:\Home\EnerGis\West\201608\1_2_1658815_30944826\1_5_080574-2_51982.pdf" /d /isolate 
2016-09-24 18:54:42,885 [11] ERROR PlotService2.Services.Logger - Input file not found
2016-09-24 18:54:42,889 [12] INFO  PlotService2.Services.Logger - Plot ticket: 84722 /i "C:\Test\Plot\Plot01\Scripts\Empty.dwg" /s "C:\Test\Plot\Plot01\Scripts\PlotPlanchette.scr" /id "070156F" /r "1000" /z "O" /c "MAP" /e "EP" /f "C:\Home\EnerGis\West\201608\1_2_1658815_30944826\1_5_070156F_EP.pdf" /st "1658815-30944826" /t "13" /n "999" /u "BZT" /imp /d /isolate 
2016-09-24 18:54:42,892 [11] INFO  PlotService2.Services.Logger - PlotTask 3 53 sec
2016-09-24 18:54:42,901 [11] INFO  PlotService2.Services.Logger - Plot ticket: 84723 /i "C:\Test\Plot\Plot01\Scripts\Empty.dwg" /s "C:\Test\Plot\Plot01\Scripts\PlotPlanchette.scr" /id "070156F" /r "1000" /z "O" /c "MAP" /e "BT" /f "C:\Home\EnerGis\West\201608\1_2_1658815_30944826\1_5_070156F_BT.pdf" /st "1658815-30944826" /t "13" /n "999" /u "BZT" /imp /d /isolate 
2016-09-24 18:54:55,249 [11] INFO  PlotService2.Services.Logger - PlotTask 4 65 sec
2016-09-24 18:54:55,421 [11] INFO  PlotService2.Services.Logger - Plot ticket: 84724 /i "C:\Test\Plot\Plot01\Scripts\Empty.dwg" /s "C:\Test\Plot\Plot01\Scripts\PlotPlanchette.scr" /id "070156F" /r "1000" /z "O" /c "MAP" /e "MT" /f "C:\Home\EnerGis\West\201608\1_2_1658815_30944826\1_5_070156F_MT.pdf" /st "1658815-30944826" /t "13" /n "999" /u "BZT" /imp /d /isolate 
2016-09-24 18:54:55,423 [12] INFO  PlotService2.Services.Logger - PlotTask 3 65 sec
2016-09-24 18:54:55,433 [12] INFO  PlotService2.Services.Logger - Plot ticket: 84470 /i "C:\Test\Plot\Plot01\Scripts\Empty.dwg" /s "C:\Test\Plot\Plot01\Scripts\PlotPlanchette.scr" /id "133145F" /r "1000" /z "O" /c "MAP" /e "MT" /f "C:\Home\EnerGis\West\201608\1_2_1658789_30944654\1_2_133145F_MT.pdf" /st "1658789-30944654" /t "12" /n "999" /u "BZT" /imp /d /isolate 
2016-09-24 18:55:06,516 [12] INFO  PlotService2.Services.Logger - PlotTask 4 76 sec
2016-09-24 18:55:06,521 [12] INFO  PlotService2.Services.Logger - Plot ticket: 84471 /i "C:\Test\Plot\Plot01\Scripts\Empty.dwg" /s "C:\Test\Plot\Plot01\Scripts\PlotPlanchette.scr" /id "133145F" /r "1000" /z "O" /c "MAP" /e "FO" /f "C:\Home\EnerGis\West\201608\1_2_1658789_30944654\1_2_133145F_FO.pdf" /st "1658789-30944654" /t "12" /n "999" /u "BZT" /imp /d /isolate 
2016-09-24 18:55:07,708 [11] INFO  PlotService2.Services.Logger - PlotTask 5 78 sec
2016-09-24 18:55:07,715 [11] INFO  PlotService2.Services.Logger - Plot dwg: 84472 /i "W:\RWA005\Cardex\Ouest\Edbs\Tub\Reperage\El\T69-1-1-5.dwg" /s "C:\Test\Plot\Plot01\Scripts\PlotDwg.scr" /f "C:\Home\EnerGis\West\201608\1_2_1658789_30944654\5_2_T69-1-1-5_110101.pdf" /d /isolate 
2016-09-24 18:55:07,715 [11] ERROR PlotService2.Services.Logger - Input file not found
2016-09-24 18:55:07,722 [11] INFO  PlotService2.Services.Logger - PlotTask 6 78 sec
2016-09-24 18:55:07,729 [11] INFO  PlotService2.Services.Logger - Plot ticket: 84473 /i "C:\Test\Plot\Plot01\Scripts\Empty.dwg" /s "C:\Test\Plot\Plot01\Scripts\PlotPlanchette.scr" /id "133145G" /r "1000" /z "O" /c "MAP" /e "BT" /f "C:\Home\EnerGis\West\201608\1_2_1658789_30944654\1_2_133145G_BT.pdf" /st "1658789-30944654" /t "12" /n "999" /u "BZT" /imp /d /isolate 
2016-09-24 18:55:16,998 [12] INFO  PlotService2.Services.Logger - PlotTask 5 87 sec
2016-09-24 18:55:17,003 [12] INFO  PlotService2.Services.Logger - Plot dwg: 84474 /i "W:\RWA005\Cardex\Ouest\Edbs\Tub\Reperage\El\1104-2-2.dwg" /s "C:\Test\Plot\Plot01\Scripts\PlotDwg.scr" /f "C:\Home\EnerGis\West\201608\1_2_1658788_30944653\5_2_1104-2-2_105022.pdf" /d /isolate 
2016-09-24 18:55:17,004 [12] ERROR PlotService2.Services.Logger - Input file not found
2016-09-24 18:55:17,010 [12] INFO  PlotService2.Services.Logger - PlotTask 6 87 sec
2016-09-24 18:55:17,016 [12] INFO  PlotService2.Services.Logger - Plot dwg: 84475 /i "W:\RWA005\Cardex\Ouest\Edbs\Tub\Reperage\El\K1-11BT.dwg" /s "C:\Test\Plot\Plot01\Scripts\PlotDwg.scr" /f "C:\Home\EnerGis\West\201608\1_2_1658788_30944653\5_2_K1-11BT_109050.pdf" /d /isolate 
2016-09-24 18:55:17,017 [12] ERROR PlotService2.Services.Logger - Input file not found
2016-09-24 18:55:17,022 [12] INFO  PlotService2.Services.Logger - PlotTask 7 87 sec
2016-09-24 18:55:17,028 [12] INFO  PlotService2.Services.Logger - Plot ticket: 84476 /i "C:\Test\Plot\Plot01\Scripts\Empty.dwg" /s "C:\Test\Plot\Plot01\Scripts\PlotPlanchette.scr" /id "134145B" /r "1000" /z "O" /c "MAP" /e "BP" /f "C:\Home\EnerGis\West\201608\1_2_1658788_30944653\1_2_134145B_BP.pdf" /st "1658788-30944653" /t "5" /n "999" /u "BZT" /imp /d /isolate 
2016-09-24 18:55:18,180 [11] INFO  PlotService2.Services.Logger - PlotTask 7 88 sec
2016-09-24 18:55:18,187 [11] INFO  PlotService2.Services.Logger - Plot dwg: 84477 /i "W:\RWA005\Cardex\Ouest\Edbs\Tub\Reperage\El\K1-05BT.dwg" /s "C:\Test\Plot\Plot01\Scripts\PlotDwg.scr" /f "C:\Home\EnerGis\West\201608\1_2_1658788_30944653\5_2_K1-05BT_109045.pdf" /d /isolate 
2016-09-24 18:55:18,188 [11] ERROR PlotService2.Services.Logger - Input file not found
2016-09-24 18:55:18,193 [11] INFO  PlotService2.Services.Logger - PlotTask 8 88 sec
2016-09-24 18:55:18,200 [11] INFO  PlotService2.Services.Logger - Plot ticket: 84478 /i "C:\Test\Plot\Plot01\Scripts\Empty.dwg" /s "C:\Test\Plot\Plot01\Scripts\PlotPlanchette.scr" /id "134145B" /r "1000" /z "O" /c "MAP" /e "MP" /f "C:\Home\EnerGis\West\201608\1_2_1658788_30944653\1_2_134145B_MP.pdf" /st "1658788-30944653" /t "5" /n "999" /u "BZT" /imp /d /isolate 
2016-09-24 18:55:27,694 [12] INFO  PlotService2.Services.Logger - PlotTask 8 98 sec
2016-09-24 18:55:27,699 [12] INFO  PlotService2.Services.Logger - Plot dwg: 84479 /i "W:\RWA005\Cardex\Ouest\Edh\Lva\Projet\312003-c.dwg" /s "C:\Test\Plot\Plot01\Scripts\PlotDwg.scr" /f "C:\Home\EnerGis\West\201608\1_2_1658787_30944652\1_2_312003-C_200256.pdf" /d /isolate 
2016-09-24 18:55:27,700 [12] ERROR PlotService2.Services.Logger - Input file not found
2016-09-24 18:55:27,705 [12] INFO  PlotService2.Services.Logger - PlotTask 9 98 sec
2016-09-24 18:55:27,711 [12] INFO  PlotService2.Services.Logger - Plot dwg: 84480 /i "W:\RWA004\Cardex\Est\EDNA\Cin\Reperage\fo\EDNA-FO-D455-76.dwg" /s "C:\Test\Plot\Plot01\Scripts\PlotDwg.scr" /f "C:\Home\EnerGis\East\201608\3_1_1639061_30941100\4_2_EDNA-FO-D455-76_98855.pdf" /d /isolate 
2016-09-24 18:55:27,711 [12] ERROR PlotService2.Services.Logger - Input file not found
2016-09-24 18:55:27,716 [12] INFO  PlotService2.Services.Logger - PlotTask 10 98 sec
2016-09-24 18:55:28,698 [11] INFO  PlotService2.Services.Logger - PlotTask 9 99 sec
2016-09-24 18:55:28,704 [11] INFO  PlotService2.Services.Logger - PlotTask 10 99 sec
2016-09-24 18:55:28,709 [11] INFO  PlotService2.Services.Logger - PlotTask 11 99 sec
2016-09-24 18:55:28,714 [11] INFO  PlotService2.Services.Logger - PlotTask 12 99 sec
2016-09-24 18:55:28,719 [11] INFO  PlotService2.Services.Logger - PlotTask 13 99 sec
2016-09-24 18:55:28,723 [11] INFO  PlotService2.Services.Logger - PlotTask 14 99 sec
2016-09-24 18:55:28,728 [11] INFO  PlotService2.Services.Logger - PlotTask 15 99 sec
2016-09-24 18:55:28,734 [11] INFO  PlotService2.Services.Logger - PlotTask 16 99 sec
2016-09-24 18:55:28,741 [11] INFO  PlotService2.Services.Logger - Plot ticket: 84481 /i "C:\Test\Plot\Plot01\Scripts\Empty.dwg" /s "C:\Test\Plot\Plot01\Scripts\PlotPlanchette.scr" /id "173131H" /r "1000" /z "E" /c "MAP" /e "FO" /f "C:\Home\EnerGis\East\201608\3_1_1639060_30941088\4_1_173131H_FO.pdf" /st "1639060-30941088" /t "4" /n "999" /u "BZT" /imp /d /isolate 
2016-09-24 18:55:37,968 [11] INFO  PlotService2.Services.Logger - PlotTask 17 108 sec
2016-09-24 18:55:37,973 [11] INFO  PlotService2.Services.Logger - Plot ticket: 84482 /i "C:\Test\Plot\Plot01\Scripts\Empty.dwg" /s "C:\Test\Plot\Plot01\Scripts\PlotPlanchette.scr" /id "173131G" /r "1000" /z "E" /c "MAP" /e "FO" /f "C:\Home\EnerGis\East\201608\3_1_1639060_30941088\4_1_173131G_FO.pdf" /st "1639060-30941088" /t "4" /n "999" /u "BZT" /imp /d /isolate 
