C:\Test\Plot\Plot01\Scripts\Empty.dwg,Energis_plot_layout_name,08/30/16 12:06:01,adn534,DWF6 ePlot.pc3,ISO full bleed 2A0 (1189.00 x 1682.00 MM),1:1,
C:\Test\Plot\Plot01\Scripts\Empty.dwg,Energis_plot_layout_name,08/30/16 12:06:44,adn534,DWF6 ePlot.pc3,ISO full bleed 2A0 (1189.00 x 1682.00 MM),1:1,
C:\Test\Plot\Plot01\Scripts\Empty.dwg,Energis_plot_layout_name,08/30/16 12:08:50,adn534,DWF6 ePlot.pc3,ISO full bleed 2A0 (1189.00 x 1682.00 MM),1:1,
C:\Test\Plot\Plot01\Scripts\Empty.dwg,Energis_plot_layout_name,08/30/16 13:33:17,adn534,PDF.pc3,Max (1000.00 x 2000.00 MM),1:1,
C:\Test\Plot\Plot01\Scripts\Empty.dwg,Energis_plot_layout_name,08/30/16 13:42:30,adn534,PDF.pc3,Max (1000.00 x 2000.00 MM),1:1,
C:\Test\Plot\Plot01\Scripts\Empty.dwg,Energis_plot_layout_name,08/30/16 13:43:59,adn534,DWF6 ePlot.pc3,ISO full bleed 2A0 (1189.00 x 1682.00 MM),1:1,
C:\Test\Plot\Plot01\Scripts\Empty.dwg,Energis_plot_layout_name,08/30/16 13:46:54,adn534,DWF6.pc3,Max (1000.00 x 2000.00 MM),1:1,
C:\Test\Plot\Plot01\Scripts\Empty.dwg,Energis_plot_layout_name,08/30/16 13:47:39,adn534,DWF6.pc3,Max (1000.00 x 2000.00 MM),1:1,
C:\Test\Plot\Plot01\Scripts\Empty.dwg,Energis_plot_layout_name,09/04/16 12:58:59,adn534,PDF.pc3,Max (1000.00 x 2000.00 MM),1:1,
C:\Test\Plot\Plot01\Scripts\Empty.dwg,Energis_plot_layout_name,09/04/16 13:01:02,adn534,PDF.pc3,Max (1000.00 x 2000.00 MM),1:1,
C:\Test\Plot\Plot01\Scripts\Empty.dwg,Energis_plot_layout_name,09/04/16 13:05:50,adn534,PDF.pc3,Max (1000.00 x 2000.00 MM),1:1,
C:\Test\Plot\Plot01\Scripts\Empty.dwg,Energis_plot_layout_name,09/04/16 14:35:13,adn534,PDF.pc3,Max (1000.00 x 2000.00 MM),1:1,
C:\Test\Plot\Plot01\Scripts\Empty.dwg,Energis_plot_layout_name,09/04/16 14:36:36,adn534,PDF.pc3,Max (1000.00 x 2000.00 MM),1:1,
C:\Test\Plot\Plot01\Scripts\Empty.dwg,Energis_plot_layout_name,09/04/16 14:59:59,adn534,PDF.pc3,Max (1000.00 x 2000.00 MM),1:1,
C:\Test\Plot\Plot01\Scripts\Empty.dwg,Energis_plot_layout_name,09/04/16 15:24:25,adn534,PDF.pc3,Max (1000.00 x 2000.00 MM),1:1,
C:\Test\Plot\Plot01\Scripts\Empty.dwg,Energis_plot_layout_name,09/04/16 15:26:54,adn534,PDF.pc3,Max (1000.00 x 2000.00 MM),1:1,
C:\Test\Plot\Plot01\Scripts\Empty.dwg,Energis_plot_layout_name,09/04/16 15:53:17,adn534,PDF.pc3,Max (1000.00 x 2000.00 MM),1:1,
C:\Test\Plot\Plot01\Scripts\Empty.dwg,Energis_plot_layout_name,09/04/16 15:54:35,adn534,PDF.pc3,Max (1000.00 x 2000.00 MM),1:1,
C:\Test\Plot\Plot01\Scripts\Empty.dwg,Energis_plot_layout_name,09/04/16 16:01:13,adn534,PDF.pc3,Max (1000.00 x 2000.00 MM),1:1,
C:\Test\Plot\Plot01\Scripts\Empty.dwg,Energis_plot_layout_name,09/04/16 16:08:36,adn534,PDF.pc3,Max (1000.00 x 2000.00 MM),1:1,
C:\Test\Plot\Plot01\Scripts\Empty.dwg,Energis_plot_layout_name,09/04/16 16:10:17,adn534,PDF.pc3,Max (1000.00 x 2000.00 MM),1:1,
C:\Test\Plot\Plot01\Scripts\Empty.dwg,Energis_plot_layout_name,09/04/16 16:15:29,adn534,PDF.pc3,Max (1000.00 x 2000.00 MM),1:1,
C:\Test\Plot\Plot01\Scripts\Empty.dwg,Energis_plot_layout_name,09/04/16 16:16:41,adn534,PDF.pc3,Max (1000.00 x 2000.00 MM),1:1,
C:\Test\Plot\Plot01\Scripts\Empty.dwg,Energis_plot_layout_name,09/04/16 21:38:08,adn534,PDF.pc3,Max (1000.00 x 2000.00 MM),1:1,
C:\Test\Plot\Plot01\Scripts\Empty.dwg,Energis_plot_layout_name,09/04/16 21:43:08,adn534,PDF.pc3,Max (1000.00 x 2000.00 MM),1:1,
C:\Test\Plot\Plot01\Scripts\Empty.dwg,Energis_plot_layout_name,09/04/16 21:55:12,adn534,PDF.pc3,Max (1000.00 x 2000.00 MM),1:1,
C:\Test\Plot\Plot01\Scripts\Empty.dwg,Energis_plot_layout_name,09/04/16 21:58:57,adn534,PDF.pc3,Max (1000.00 x 2000.00 MM),1:1,
C:\Test\Plot\Plot01\Scripts\Empty.dwg,Energis_plot_layout_name,09/04/16 21:59:47,adn534,PDF.pc3,Max (1000.00 x 2000.00 MM),1:1,
C:\Test\Plot\Plot01\Scripts\Empty.dwg,Energis_plot_layout_name,09/04/16 22:40:29,adn534,PDF.pc3,Max (1000.00 x 2000.00 MM),1:1,
C:\Test\Plot\Plot01\Scripts\Empty.dwg,Energis_plot_layout_name,09/04/16 22:49:41,adn534,PDF.pc3,Max (1000.00 x 2000.00 MM),1:1,
C:\Test\Plot\Plot01\Scripts\Empty.dwg,Energis_plot_layout_name,09/04/16 22:50:05,adn534,PDF.pc3,Max (1000.00 x 2000.00 MM),1:1,
C:\Test\Plot\Plot01\Scripts\Empty.dwg,Energis_plot_layout_name,09/04/16 22:51:32,adn534,PDF.pc3,Max (1000.00 x 2000.00 MM),1:1,
C:\Test\Plot\Plot01\Scripts\Empty.dwg,Energis_plot_layout_name,09/06/16 21:55:19,adn534,Impetrant.pc3,Pdf594Max,1:1,
C:\Test\Plot\Plot01\Scripts\Empty.dwg,Energis_plot_layout_name,09/06/16 21:56:31,adn534,Impetrant.pc3,Pdf594Max,1:1,
C:\Test\Plot\Plot01\Scripts\Empty.dwg,Energis_plot_layout_name,09/06/16 21:56:55,adn534,Impetrant.pc3,Pdf594Max,1:1,
C:\Test\Plot\Plot01\Scripts\Empty.dwg,Energis_plot_layout_name,09/06/16 21:57:29,adn534,Impetrant.pc3,Pdf594Max,1:1,
C:\Test\Plot\Plot01\Scripts\Empty.dwg,Energis_plot_layout_name,09/06/16 21:59:24,adn534,Impetrant.pc3,Pdf594Max,1:1,
C:\Test\Plot\Plot01\Scripts\Empty.dwg,Energis_plot_layout_name,09/06/16 22:28:13,adn534,Impetrant.pc3,Pdf594Max,1:1,
C:\Test\Plot\Plot01\Scripts\Empty.dwg,Energis_plot_layout_name,09/07/16 20:58:33,adn534,Impetrant.pc3,ANSI expand A (8.50 x 11.00 Inches),1:1,
C:\Test\Plot\Plot01\Scripts\Empty.dwg,Energis_plot_layout_name,09/07/16 21:00:30,adn534,Impetrant.pc3,ANSI expand A (8.50 x 11.00 Inches),1:1,
C:\Test\Plot\Plot01\Scripts\Empty.dwg,Energis_plot_layout_name,09/07/16 21:06:26,adn534,Impetrant.pc3,ANSI expand A (8.50 x 11.00 Inches),1:1,
C:\Test\Plot\Plot01\Scripts\Empty.dwg,Energis_plot_layout_name,09/07/16 21:31:52,adn534,Impetrant.pc3,Pdf594Max,1:1,
C:\Test\Plot\Plot01\Scripts\Empty.dwg,Energis_plot_layout_name,09/07/16 21:40:03,adn534,Impetrant.pc3,Pdf594Max,1:1,
C:\Test\Plot\Plot01\Scripts\Empty.dwg,Energis_plot_layout_name,09/07/16 22:40:19,adn534,Impetrant.pc3,Pdf594Max,1:1,
C:\Test\Plot\Plot01\Scripts\Empty.dwg,Energis_plot_layout_name,09/07/16 23:15:24,adn534,PDF.pc3,ISO full bleed B0 (1000.00 x 1414.00 MM),1:1,
C:\Test\Plot\Plot01\Scripts\Empty.dwg,Energis_plot_layout_name,09/08/16 19:56:33,adn534,PDF.pc3,ISO full bleed B0 (1000.00 x 1414.00 MM),1:1,
C:\Test\Plot\Plot01\Scripts\Empty.dwg,Energis_plot_layout_name,09/08/16 20:47:29,adn534,PDF.pc3,ISO full bleed B0 (1000.00 x 1414.00 MM),1:1,
C:\Test\Plot\Plot01\Scripts\Empty.dwg,Energis_plot_layout_name,09/08/16 22:08:19,adn534,PDF.pc3,ISO full bleed B0 (1000.00 x 1414.00 MM),1:1,
C:\Test\Plot\Plot01\Scripts\Empty.dwg,Energis_plot_layout_name,09/08/16 22:11:22,adn534,PDF.pc3,ISO full bleed B0 (1000.00 x 1414.00 MM),1:1,
C:\Test\Plot\Plot01\Scripts\Empty.dwg,Energis_plot_layout_name,09/08/16 22:14:38,adn534,DWF6.pc3,ISO full bleed B0 (1000.00 x 1414.00 MM),1:1,
C:\Test\Plot\Plot01\Scripts\Empty.dwg,Energis_plot_layout_name,09/08/16 22:17:50,adn534,Impetrant.pc3,Pdf594Max,1:1,
C:\Test\Plot\Plot01\Scripts\Empty.dwg,Energis_plot_layout_name,09/08/16 22:29:22,adn534,PDF.pc3,ISO full bleed B0 (1000.00 x 1414.00 MM),1:1,
C:\Test\Plot\Plot01\Scripts\Empty.dwg,Energis_plot_layout_name,09/09/16 09:12:17,adn534,PDF.pc3,ISO full bleed B0 (1000.00 x 1414.00 MM),1:1,
C:\Test\Plot\Plot01\Scripts\Empty.dwg,Energis_plot_layout_name,09/09/16 09:14:32,adn534,PDF.pc3,ISO full bleed B0 (1000.00 x 1414.00 MM),1:1,
C:\Test\Plot\Plot01\Scripts\Empty.dwg,Energis_plot_layout_name,09/09/16 09:18:42,adn534,Impetrant.pc3,Pdf594Max,1:1,
C:\Test\Plot\Plot01\Scripts\Empty.dwg,Energis_plot_layout_name,09/09/16 09:34:36,adn534,Impetrant.pc3,Pdf594Max,1:1,
C:\Test\Plot\Plot01\Scripts\Empty.dwg,Energis_plot_layout_name,09/09/16 09:38:53,adn534,Impetrant.pc3,Pdf594Max,1:1,
C:\Test\Plot\Plot01\Scripts\Empty.dwg,Energis_plot_layout_name,09/09/16 09:41:02,adn534,DWF6.pc3,ISO full bleed B0 (1000.00 x 1414.00 MM),1:1,
C:\Test\Plot\Plot01\Scripts\Empty.dwg,Energis_plot_layout_name,09/09/16 10:07:09,adn534,DWF6.pc3,ISO full bleed B0 (1000.00 x 1414.00 MM),1:1,
C:\Test\Plot\Plot01\Scripts\Empty.dwg,Energis_plot_layout_name,09/09/16 10:18:00,adn534,Impetrant.pc3,Pdf594Max,1:1,
C:\Test\Plot\Plot01\Scripts\Empty.dwg,Energis_plot_layout_name,09/09/16 10:20:43,adn534,Impetrant.pc3,Pdf594Max,1:1,
C:\Test\Plot\Plot01\Scripts\Empty.dwg,Energis_plot_layout_name,09/09/16 11:04:03,adn534,Impetrant.pc3,Pdf594Max,1:1,
C:\Test\Plot\Plot01\Scripts\Empty.dwg,Energis_plot_layout_name,09/09/16 20:06:54,adn534,Impetrant.pc3,Pdf594Max,1:1,
