C:\Test\Plot\Plot01\Scripts\Empty.dwg,Energis_plot_layout_name,09/23/16 10:54:58,adn534,Impetrant.pc3,Pdf297M,1:1,
C:\Test\Plot\Plot01\Scripts\Empty.dwg,Energis_plot_layout_name,09/23/16 10:55:00,adn534,Impetrant.pc3,Pdf297M,1:1,
C:\Test\Plot\Plot01\Scripts\Empty.dwg,Energis_plot_layout_name,09/23/16 10:55:04,adn534,Impetrant.pc3,Pdf297M,1:1,
C:\Test\Plot\Plot01\Scripts\Empty.dwg,Energis_plot_layout_name,09/23/16 10:55:13,adn534,Impetrant.pc3,Pdf297M,1:1,
C:\Test\Plot\Plot01\Scripts\Empty.dwg,Energis_plot_layout_name,09/23/16 10:55:15,adn534,Impetrant.pc3,Pdf297M,1:1,
C:\Test\Plot\Plot01\Scripts\Empty.dwg,Energis_plot_layout_name,09/23/16 10:55:30,adn534,Impetrant.pc3,Pdf297M,1:1,
C:\Test\plot\PlotService2\bin\Debug\temp\z0g4qjs5.kti\368-4.dwg,Model,09/23/16 10:55:34,adn534,PDF.pc3,ARCH E1 (30.00 x 42.00 Inches),1:1,
C:\Test\Plot\Plot01\Scripts\Empty.dwg,Energis_plot_layout_name,09/23/16 10:55:33,adn534,Impetrant.pc3,Pdf297M,1:1,
C:\Test\Plot\Plot01\Scripts\Empty.dwg,Energis_plot_layout_name,09/23/16 10:55:43,adn534,Impetrant.pc3,Pdf297M,1:1,
C:\Test\Plot\Plot01\Scripts\Empty.dwg,Energis_plot_layout_name,09/23/16 10:55:45,adn534,Impetrant.pc3,Pdf297M,1:1,
C:\Test\Plot\Plot01\Scripts\Empty.dwg,Energis_plot_layout_name,09/23/16 10:55:45,adn534,Impetrant.pc3,Pdf297M,1:1,
C:\Test\Plot\Plot01\Scripts\Empty.dwg,Energis_plot_layout_name,09/23/16 10:56:17,adn534,Impetrant.pc3,Pdf297M,1:1,
C:\Test\Plot\Plot01\Scripts\Empty.dwg,Energis_plot_layout_name,09/23/16 10:56:19,adn534,Impetrant.pc3,Pdf297M,1:1,
C:\Test\Plot\Plot01\Scripts\Empty.dwg,Energis_plot_layout_name,09/23/16 10:56:23,adn534,Impetrant.pc3,Pdf297M,1:1,
C:\Test\Plot\Plot01\Scripts\Empty.dwg,Energis_plot_layout_name,09/23/16 10:56:32,adn534,Impetrant.pc3,Pdf297M,1:1,
C:\Test\Plot\Plot01\Scripts\Empty.dwg,Energis_plot_layout_name,09/23/16 10:56:34,adn534,Impetrant.pc3,Pdf297M,1:1,
C:\Test\Plot\Plot01\Scripts\Empty.dwg,Energis_plot_layout_name,09/23/16 10:56:46,adn534,Impetrant.pc3,Pdf297M,1:1,
C:\Test\plot\PlotService2\bin\Debug\temp\d2tzk4ou.dbs\368-4.dwg,Model,09/23/16 10:56:50,adn534,PDF.pc3,ARCH E1 (30.00 x 42.00 Inches),1:1,
C:\Test\Plot\Plot01\Scripts\Empty.dwg,Energis_plot_layout_name,09/23/16 10:56:50,adn534,Impetrant.pc3,Pdf297M,1:1,
C:\Test\Plot\Plot01\Scripts\Empty.dwg,Energis_plot_layout_name,09/23/16 11:01:17,adn534,Impetrant.pc3,Pdf297M,1:1,
C:\Test\Plot\Plot01\Scripts\Empty.dwg,Energis_plot_layout_name,09/23/16 11:01:20,adn534,Impetrant.pc3,Pdf297M,1:1,
C:\Test\Plot\Plot01\Scripts\Empty.dwg,Energis_plot_layout_name,09/23/16 11:01:23,adn534,Impetrant.pc3,Pdf297M,1:1,
C:\Test\Plot\Plot01\Scripts\Empty.dwg,Energis_plot_layout_name,09/23/16 11:01:33,adn534,Impetrant.pc3,Pdf297M,1:1,
C:\Test\Plot\Plot01\Scripts\Empty.dwg,Energis_plot_layout_name,09/23/16 11:01:35,adn534,Impetrant.pc3,Pdf297M,1:1,
C:\Test\plot\PlotService2\bin\Debug\temp\3mstpvbf.snu\368-4.dwg,Model,09/23/16 11:01:49,adn534,PDF.pc3,ARCH E1 (30.00 x 42.00 Inches),1:1,
C:\Test\Plot\Plot01\Scripts\Empty.dwg,Energis_plot_layout_name,09/23/16 11:01:48,adn534,Impetrant.pc3,Pdf297M,1:1,
C:\Test\Plot\Plot01\Scripts\Empty.dwg,Energis_plot_layout_name,09/23/16 11:01:49,adn534,Impetrant.pc3,Pdf297M,1:1,
C:\Test\Plot\Plot01\Scripts\Empty.dwg,Energis_plot_layout_name,09/23/16 11:02:01,adn534,Impetrant.pc3,Pdf297M,1:1,
C:\Test\Plot\Plot01\Scripts\Empty.dwg,Energis_plot_layout_name,09/23/16 11:02:01,adn534,Impetrant.pc3,Pdf297M,1:1,
C:\Test\Plot\Plot01\Scripts\Empty.dwg,Energis_plot_layout_name,09/23/16 11:02:02,adn534,Impetrant.pc3,Pdf297M,1:1,
C:\Test\Plot\Plot01\Scripts\Empty.dwg,Energis_plot_layout_name,09/23/16 11:02:17,adn534,Impetrant.pc3,Pdf297M,1:1,
C:\Test\plot\PlotService2\bin\Debug\temp\sokd3qea.hcg\399-3.dwg,Model,09/23/16 11:02:28,adn534,PDF.pc3,ARCH full bleed E1 (30.00 x 42.00 Inches),1:1,
C:\Test\plot\PlotService2\bin\Debug\temp\aqj0dyda.wnr\EH3-1.dwg,Model,09/23/16 11:02:28,adn534,PDF.pc3,ARCH expand E (36.00 x 48.00 Inches),1:1,
C:\Test\Plot\Plot01\Scripts\Empty.dwg,Energis_plot_layout_name,09/23/16 11:02:39,adn534,Impetrant.pc3,Pdf297M,1:1,
C:\Test\Plot\Plot01\Scripts\Empty.dwg,Energis_plot_layout_name,09/23/16 11:02:41,adn534,Impetrant.pc3,Pdf297M,1:1,
C:\Test\plot\PlotService2\bin\Debug\temp\efeurdum.xc1\19-1.dwg,Model,09/23/16 11:02:50,adn534,PDF.pc3,ARCH E1 (30.00 x 42.00 Inches),1:1,
C:\Test\Plot\Plot01\Scripts\Empty.dwg,Energis_plot_layout_name,09/23/16 11:05:15,adn534,Impetrant.pc3,Pdf297M,1:1,
C:\Test\Plot\Plot01\Scripts\Empty.dwg,Energis_plot_layout_name,09/23/16 11:05:17,adn534,Impetrant.pc3,Pdf297M,1:1,
C:\Test\Plot\Plot01\Scripts\Empty.dwg,Energis_plot_layout_name,09/23/16 11:05:21,adn534,Impetrant.pc3,Pdf297M,1:1,
C:\Test\Plot\Plot01\Scripts\Empty.dwg,Energis_plot_layout_name,09/23/16 11:05:37,adn534,Impetrant.pc3,Pdf297M,1:1,
C:\Test\Plot\Plot01\Scripts\Empty.dwg,Energis_plot_layout_name,09/23/16 11:05:40,adn534,Impetrant.pc3,Pdf297M,1:1,
C:\Test\Plot\Plot01\Scripts\Empty.dwg,Energis_plot_layout_name,09/23/16 11:05:44,adn534,Impetrant.pc3,Pdf297M,1:1,
C:\Test\Plot\Plot01\Scripts\Empty.dwg,Energis_plot_layout_name,09/23/16 11:06:00,adn534,Impetrant.pc3,Pdf297M,1:1,
C:\Test\Plot\Plot01\Scripts\Empty.dwg,Energis_plot_layout_name,09/23/16 11:06:03,adn534,Impetrant.pc3,Pdf297M,1:1,
C:\Test\Plot\Plot01\Scripts\Empty.dwg,Energis_plot_layout_name,09/23/16 11:06:06,adn534,Impetrant.pc3,Pdf297M,1:1,
C:\Test\Plot\Plot01\Scripts\Empty.dwg,Energis_plot_layout_name,09/23/16 11:06:17,adn534,Impetrant.pc3,Pdf297M,1:1,
C:\Test\Plot\Plot01\Scripts\Empty.dwg,Energis_plot_layout_name,09/23/16 11:06:19,adn534,Impetrant.pc3,Pdf297M,1:1,
C:\Test\plot\PlotService2\bin\Debug\temp\raxvhybo.3gq\368-4.dwg,Model,09/23/16 11:06:31,adn534,PDF.pc3,ARCH E1 (30.00 x 42.00 Inches),1:1,
C:\Test\Plot\Plot01\Scripts\Empty.dwg,Energis_plot_layout_name,09/23/16 11:07:57,adn534,Impetrant.pc3,Pdf297M,1:1,
C:\Test\Plot\Plot01\Scripts\Empty.dwg,Energis_plot_layout_name,09/23/16 11:08:00,adn534,Impetrant.pc3,Pdf297M,1:1,
C:\Test\Plot\Plot01\Scripts\Empty.dwg,Energis_plot_layout_name,09/23/16 11:08:04,adn534,Impetrant.pc3,Pdf297M,1:1,
C:\Test\Plot\Plot01\Scripts\Empty.dwg,Energis_plot_layout_name,09/23/16 11:08:17,adn534,Impetrant.pc3,Pdf297M,1:1,
C:\Test\Plot\Plot01\Scripts\Empty.dwg,Energis_plot_layout_name,09/23/16 11:08:17,adn534,Impetrant.pc3,Pdf297M,1:1,
C:\Test\plot\PlotService2\bin\Debug\temp\gpavakxq.wqd\368-4.dwg,Model,09/23/16 11:08:33,adn534,PDF.pc3,ARCH E1 (30.00 x 42.00 Inches),1:1,
C:\Test\Plot\Plot01\Scripts\Empty.dwg,Energis_plot_layout_name,09/23/16 11:08:32,adn534,Impetrant.pc3,Pdf297M,1:1,
C:\Test\Plot\Plot01\Scripts\Empty.dwg,Energis_plot_layout_name,09/23/16 11:08:32,adn534,Impetrant.pc3,Pdf297M,1:1,
C:\Test\Plot\Plot01\Scripts\Empty.dwg,Energis_plot_layout_name,09/23/16 11:08:45,adn534,Impetrant.pc3,Pdf297M,1:1,
C:\Test\Plot\Plot01\Scripts\Empty.dwg,Energis_plot_layout_name,09/23/16 11:08:45,adn534,Impetrant.pc3,Pdf297M,1:1,
C:\Test\Plot\Plot01\Scripts\Empty.dwg,Energis_plot_layout_name,09/23/16 11:08:45,adn534,Impetrant.pc3,Pdf297M,1:1,
C:\Test\Plot\Plot01\Scripts\Empty.dwg,Energis_plot_layout_name,09/23/16 11:11:05,adn534,Impetrant.pc3,Pdf297M,1:1,
C:\Test\Plot\Plot01\Scripts\Empty.dwg,Energis_plot_layout_name,09/23/16 11:11:08,adn534,Impetrant.pc3,Pdf297M,1:1,
C:\Test\Plot\Plot01\Scripts\Empty.dwg,Energis_plot_layout_name,09/23/16 11:11:11,adn534,Impetrant.pc3,Pdf297M,1:1,
C:\Test\Plot\Plot01\Scripts\Empty.dwg,Energis_plot_layout_name,09/23/16 11:11:20,adn534,Impetrant.pc3,Pdf297M,1:1,
C:\Test\Plot\Plot01\Scripts\Empty.dwg,Energis_plot_layout_name,09/23/16 11:11:22,adn534,Impetrant.pc3,Pdf297M,1:1,
C:\Test\plot\PlotService2\bin\Debug\temp\iiclusq5.ku2\368-4.dwg,Model,09/23/16 11:11:35,adn534,PDF.pc3,ARCH E1 (30.00 x 42.00 Inches),1:1,
C:\Test\Plot\Plot01\Scripts\Empty.dwg,Energis_plot_layout_name,09/23/16 11:11:34,adn534,Impetrant.pc3,Pdf297M,1:1,
C:\Test\Plot\Plot01\Scripts\Empty.dwg,Energis_plot_layout_name,09/23/16 11:11:36,adn534,Impetrant.pc3,Pdf297M,1:1,
C:\Test\Plot\Plot01\Scripts\Empty.dwg,Energis_plot_layout_name,09/23/16 11:11:46,adn534,Impetrant.pc3,Pdf297M,1:1,
C:\Test\Plot\Plot01\Scripts\Empty.dwg,Energis_plot_layout_name,09/23/16 11:11:47,adn534,Impetrant.pc3,Pdf297M,1:1,
C:\Test\Plot\Plot01\Scripts\Empty.dwg,Energis_plot_layout_name,09/23/16 11:11:49,adn534,Impetrant.pc3,Pdf297M,1:1,
C:\Test\Plot\Plot01\Scripts\Empty.dwg,Energis_plot_layout_name,09/23/16 11:12:02,adn534,Impetrant.pc3,Pdf297M,1:1,
C:\Test\plot\PlotService2\bin\Debug\temp\wbt0p3i4.tvx\EH3-1.dwg,Model,09/23/16 11:12:12,adn534,PDF.pc3,ARCH expand E (36.00 x 48.00 Inches),1:1,
C:\Test\plot\PlotService2\bin\Debug\temp\2zeywtvk.ijw\399-3.dwg,Model,09/23/16 11:12:14,adn534,PDF.pc3,ARCH full bleed E1 (30.00 x 42.00 Inches),1:1,
C:\Test\Plot\Plot01\Scripts\Empty.dwg,Energis_plot_layout_name,09/23/16 11:12:21,adn534,Impetrant.pc3,Pdf297M,1:1,
C:\Test\Plot\Plot01\Scripts\Empty.dwg,Energis_plot_layout_name,09/23/16 11:13:33,adn534,Impetrant.pc3,Pdf297M,1:1,
C:\Test\Plot\Plot01\Scripts\Empty.dwg,Energis_plot_layout_name,09/23/16 11:13:37,adn534,Impetrant.pc3,Pdf297M,1:1,
C:\Test\Plot\Plot01\Scripts\Empty.dwg,Energis_plot_layout_name,09/23/16 11:13:40,adn534,Impetrant.pc3,Pdf297M,1:1,
C:\Test\Plot\Plot01\Scripts\Empty.dwg,Energis_plot_layout_name,09/23/16 11:13:51,adn534,Impetrant.pc3,Pdf297M,1:1,
C:\Test\Plot\Plot01\Scripts\Empty.dwg,Energis_plot_layout_name,09/23/16 11:13:51,adn534,Impetrant.pc3,Pdf297M,1:1,
C:\Test\plot\PlotService2\bin\Debug\temp\e4ubqg4i.zfl\368-4.dwg,Model,09/23/16 11:14:06,adn534,PDF.pc3,ARCH E1 (30.00 x 42.00 Inches),1:1,
C:\Test\Plot\Plot01\Scripts\Empty.dwg,Energis_plot_layout_name,09/23/16 11:14:05,adn534,Impetrant.pc3,Pdf297M,1:1,
C:\Test\Plot\Plot01\Scripts\Empty.dwg,Energis_plot_layout_name,09/23/16 11:14:24,adn534,Impetrant.pc3,Pdf297M,1:1,
C:\Test\Plot\Plot01\Scripts\Empty.dwg,Energis_plot_layout_name,09/23/16 11:14:26,adn534,Impetrant.pc3,Pdf297M,1:1,
C:\Test\Plot\Plot01\Scripts\Empty.dwg,Energis_plot_layout_name,09/23/16 11:14:30,adn534,Impetrant.pc3,Pdf297M,1:1,
C:\Test\Plot\Plot01\Scripts\Empty.dwg,Energis_plot_layout_name,09/23/16 11:14:40,adn534,Impetrant.pc3,Pdf297M,1:1,
C:\Test\Plot\Plot01\Scripts\Empty.dwg,Energis_plot_layout_name,09/23/16 11:14:42,adn534,Impetrant.pc3,Pdf297M,1:1,
C:\Test\plot\PlotService2\bin\Debug\temp\kgpqubc5.1bo\368-4.dwg,Model,09/23/16 11:14:56,adn534,PDF.pc3,ARCH E1 (30.00 x 42.00 Inches),1:1,
C:\Test\Plot\Plot01\Scripts\Empty.dwg,Energis_plot_layout_name,09/23/16 11:14:54,adn534,Impetrant.pc3,Pdf297M,1:1,
C:\Test\Plot\Plot01\Scripts\Empty.dwg,Energis_plot_layout_name,09/23/16 11:14:56,adn534,Impetrant.pc3,Pdf297M,1:1,
C:\Test\Plot\Plot01\Scripts\Empty.dwg,Energis_plot_layout_name,09/23/16 11:15:06,adn534,Impetrant.pc3,Pdf297M,1:1,
C:\Test\Plot\Plot01\Scripts\Empty.dwg,Energis_plot_layout_name,09/23/16 11:15:07,adn534,Impetrant.pc3,Pdf297M,1:1,
C:\Test\Plot\Plot01\Scripts\Empty.dwg,Energis_plot_layout_name,09/23/16 11:15:09,adn534,Impetrant.pc3,Pdf297M,1:1,
C:\Test\Plot\Plot01\Scripts\Empty.dwg,Energis_plot_layout_name,09/23/16 11:15:23,adn534,Impetrant.pc3,Pdf297M,1:1,
C:\Test\plot\PlotService2\bin\Debug\temp\vve0i0ks.4ca\EH3-1.dwg,Model,09/23/16 11:15:34,adn534,PDF.pc3,ARCH expand E (36.00 x 48.00 Inches),1:1,
C:\Test\plot\PlotService2\bin\Debug\temp\nsmhlfdf.3ba\399-3.dwg,Model,09/23/16 11:15:35,adn534,PDF.pc3,ARCH full bleed E1 (30.00 x 42.00 Inches),1:1,
C:\Test\Plot\Plot01\Scripts\Empty.dwg,Energis_plot_layout_name,09/23/16 11:15:48,adn534,Impetrant.pc3,Pdf297M,1:1,
C:\Test\Plot\Plot01\Scripts\Empty.dwg,Energis_plot_layout_name,09/23/16 11:15:46,adn534,Impetrant.pc3,Pdf297M,1:1,
C:\Test\plot\PlotService2\bin\Debug\temp\2wx32ayc.end\19-1.dwg,Model,09/23/16 11:15:55,adn534,PDF.pc3,ARCH E1 (30.00 x 42.00 Inches),1:1,
C:\Test\Plot\Plot01\Scripts\Empty.dwg,Energis_plot_layout_name,09/23/16 11:48:59,adn534,Impetrant.pc3,Pdf297M,1:1,
C:\Test\Plot\Plot01\Scripts\Empty.dwg,Energis_plot_layout_name,09/23/16 11:49:01,adn534,Impetrant.pc3,Pdf297M,1:1,
C:\Test\Plot\Plot01\Scripts\Empty.dwg,Energis_plot_layout_name,09/23/16 11:49:05,adn534,Impetrant.pc3,Pdf297M,1:1,
C:\Test\Plot\Plot01\Scripts\Empty.dwg,Energis_plot_layout_name,09/23/16 11:49:14,adn534,Impetrant.pc3,Pdf297M,1:1,
C:\Test\Plot\Plot01\Scripts\Empty.dwg,Energis_plot_layout_name,09/23/16 11:49:17,adn534,Impetrant.pc3,Pdf297M,1:1,
C:\Test\plot\PlotService2\bin\Debug\temp\a1sdtxxg.sz1\368-4.dwg,Model,09/23/16 11:49:31,adn534,PDF.pc3,ARCH E1 (30.00 x 42.00 Inches),1:1,
C:\Test\Plot\Plot01\Scripts\Empty.dwg,Energis_plot_layout_name,09/23/16 11:49:29,adn534,Impetrant.pc3,Pdf297M,1:1,
C:\Test\Plot\Plot01\Scripts\Empty.dwg,Energis_plot_layout_name,09/23/16 11:49:32,adn534,Impetrant.pc3,Pdf297M,1:1,
C:\Test\Plot\Plot01\Scripts\Empty.dwg,Energis_plot_layout_name,09/23/16 11:49:41,adn534,Impetrant.pc3,Pdf297M,1:1,
C:\Test\Plot\Plot01\Scripts\Empty.dwg,Energis_plot_layout_name,09/23/16 11:49:43,adn534,Impetrant.pc3,Pdf297M,1:1,
C:\Test\Plot\Plot01\Scripts\Empty.dwg,Energis_plot_layout_name,09/23/16 11:49:44,adn534,Impetrant.pc3,Pdf297M,1:1,
C:\Test\Plot\Plot01\Scripts\Empty.dwg,Energis_plot_layout_name,09/23/16 11:49:58,adn534,Impetrant.pc3,Pdf297M,1:1,
C:\Test\plot\PlotService2\bin\Debug\temp\wlubzyqy.4qb\EH3-1.dwg,Model,09/23/16 11:50:07,adn534,PDF.pc3,ARCH expand E (36.00 x 48.00 Inches),1:1,
C:\Test\plot\PlotService2\bin\Debug\temp\5nv0vyq4.imh\399-3.dwg,Model,09/23/16 11:50:10,adn534,PDF.pc3,ARCH full bleed E1 (30.00 x 42.00 Inches),1:1,
C:\Test\Plot\Plot01\Scripts\Empty.dwg,Energis_plot_layout_name,09/23/16 11:50:21,adn534,Impetrant.pc3,Pdf297M,1:1,
C:\Test\plot\PlotService2\bin\Debug\temp\kjwz2ak2.hwy\19-1.dwg,Model,09/23/16 11:50:32,adn534,PDF.pc3,ARCH E1 (30.00 x 42.00 Inches),1:1,
C:\Test\Plot\Plot01\Scripts\Empty.dwg,Energis_plot_layout_name,09/23/16 11:52:26,adn534,Impetrant.pc3,Pdf297M,1:1,
C:\Test\Plot\Plot01\Scripts\Empty.dwg,Energis_plot_layout_name,09/23/16 11:52:28,adn534,Impetrant.pc3,Pdf297M,1:1,
C:\Test\Plot\Plot01\Scripts\Empty.dwg,Energis_plot_layout_name,09/23/16 11:52:32,adn534,Impetrant.pc3,Pdf297M,1:1,
C:\Test\Plot\Plot01\Scripts\Empty.dwg,Energis_plot_layout_name,09/23/16 11:52:41,adn534,Impetrant.pc3,Pdf297M,1:1,
C:\Test\Plot\Plot01\Scripts\Empty.dwg,Energis_plot_layout_name,09/23/16 11:52:43,adn534,Impetrant.pc3,Pdf297M,1:1,
C:\Test\plot\PlotService2\bin\Debug\temp\sg2qw2vt.coi\368-4.dwg,Model,09/23/16 11:52:56,adn534,PDF.pc3,ARCH E1 (30.00 x 42.00 Inches),1:1,
C:\Test\Plot\Plot01\Scripts\Empty.dwg,Energis_plot_layout_name,09/23/16 11:52:55,adn534,Impetrant.pc3,Pdf297M,1:1,
C:\Test\Plot\Plot01\Scripts\Empty.dwg,Energis_plot_layout_name,09/23/16 11:52:56,adn534,Impetrant.pc3,Pdf297M,1:1,
C:\Test\Plot\Plot01\Scripts\Empty.dwg,Energis_plot_layout_name,09/23/16 11:53:08,adn534,Impetrant.pc3,Pdf297M,1:1,
C:\Test\Plot\Plot01\Scripts\Empty.dwg,Energis_plot_layout_name,09/23/16 11:53:09,adn534,Impetrant.pc3,Pdf297M,1:1,
C:\Test\Plot\Plot01\Scripts\Empty.dwg,Energis_plot_layout_name,09/23/16 11:53:23,adn534,Impetrant.pc3,Pdf297M,1:1,
C:\Test\plot\PlotService2\bin\Debug\temp\44e1q5yc.2xl\EH3-1.dwg,Model,09/23/16 11:53:36,adn534,PDF.pc3,ARCH expand E (36.00 x 48.00 Inches),1:1,
C:\Test\plot\PlotService2\bin\Debug\temp\jqstv5in.ywc\399-3.dwg,Model,09/23/16 11:53:37,adn534,PDF.pc3,ARCH full bleed E1 (30.00 x 42.00 Inches),1:1,
C:\Test\Plot\Plot01\Scripts\Empty.dwg,Energis_plot_layout_name,09/23/16 11:53:43,adn534,Impetrant.pc3,Pdf297M,1:1,
C:\Test\Plot\Plot01\Scripts\Empty.dwg,Energis_plot_layout_name,09/23/16 11:53:49,adn534,Impetrant.pc3,Pdf297M,1:1,
C:\Test\plot\PlotService2\bin\Debug\temp\z4xjo5xo.zfg\19-1.dwg,Model,09/23/16 11:53:56,adn534,PDF.pc3,ARCH E1 (30.00 x 42.00 Inches),1:1,
C:\Test\Plot\Plot01\Scripts\Empty.dwg,Energis_plot_layout_name,09/23/16 11:53:58,adn534,Impetrant.pc3,Pdf297M,1:1,
C:\Test\Plot\Plot01\Scripts\Empty.dwg,Energis_plot_layout_name,09/23/16 11:54:03,adn534,Impetrant.pc3,Pdf297M,1:1,
C:\Test\Plot\Plot01\Scripts\Empty.dwg,Energis_plot_layout_name,09/23/16 11:54:12,adn534,Impetrant.pc3,Pdf297M,1:1,
C:\Test\plot\PlotService2\bin\Debug\temp\z0hk0j4j.idp\130-5.dwg,Model,09/23/16 11:54:20,adn534,PDF.pc3,ISO full bleed B0 (1000.00 x 1414.00 MM),1:1,
C:\Test\Plot\Plot01\Scripts\Empty.dwg,Energis_plot_layout_name,09/23/16 11:54:19,adn534,Impetrant.pc3,Pdf297M,1:1,
C:\Test\Plot\Plot01\Scripts\Empty.dwg,Energis_plot_layout_name,09/23/16 11:54:33,adn534,Impetrant.pc3,Pdf297M,1:1,
C:\Test\Plot\Plot01\Scripts\Empty.dwg,Energis_plot_layout_name,09/23/16 11:54:34,adn534,Impetrant.pc3,Pdf297M,1:1,
C:\Test\Plot\Plot01\Scripts\Empty.dwg,Energis_plot_layout_name,09/23/16 11:54:48,adn534,Impetrant.pc3,Pdf297M,1:1,
C:\Test\Plot\Plot01\Scripts\Empty.dwg,Energis_plot_layout_name,09/23/16 11:54:48,adn534,Impetrant.pc3,Pdf297M,1:1,
C:\Test\plot\PlotService2\bin\Debug\temp\r2sfgpyr.zcv\368-4.dwg,Model,09/23/16 11:54:57,adn534,PDF.pc3,ARCH E1 (30.00 x 42.00 Inches),1:1,
C:\Test\Plot\Plot01\Scripts\Empty.dwg,Energis_plot_layout_name,09/23/16 11:55:00,adn534,Impetrant.pc3,Pdf297M,1:1,
C:\Test\Plot\Plot01\Scripts\Empty.dwg,Energis_plot_layout_name,09/23/16 11:55:02,adn534,Impetrant.pc3,Pdf297M,1:1,
C:\Test\Plot\Plot01\Scripts\Empty.dwg,Energis_plot_layout_name,09/23/16 11:55:30,adn534,Impetrant.pc3,Pdf297M,1:1,
C:\Test\Plot\Plot01\Scripts\Empty.dwg,Energis_plot_layout_name,09/23/16 11:55:32,adn534,Impetrant.pc3,Pdf297M,1:1,
C:\Test\Plot\Plot01\Scripts\Empty.dwg,Energis_plot_layout_name,09/23/16 11:55:36,adn534,Impetrant.pc3,Pdf297M,1:1,
C:\Test\Plot\Plot01\Scripts\Empty.dwg,Energis_plot_layout_name,09/23/16 11:55:45,adn534,Impetrant.pc3,Pdf297M,1:1,
C:\Test\Plot\Plot01\Scripts\Empty.dwg,Energis_plot_layout_name,09/23/16 11:55:47,adn534,Impetrant.pc3,Pdf297M,1:1,
C:\Test\Plot\Plot01\Scripts\Empty.dwg,Energis_plot_layout_name,09/23/16 11:56:01,adn534,Impetrant.pc3,Pdf297M,1:1,
C:\Test\plot\PlotService2\bin\Debug\temp\zzvrntqt.jln\368-4.dwg,Model,09/23/16 11:56:03,adn534,PDF.pc3,ARCH E1 (30.00 x 42.00 Inches),1:1,
C:\Test\Plot\Plot01\Scripts\Empty.dwg,Energis_plot_layout_name,09/23/16 11:56:01,adn534,Impetrant.pc3,Pdf297M,1:1,
C:\Test\Plot\Plot01\Scripts\Empty.dwg,Energis_plot_layout_name,09/23/16 11:56:14,adn534,Impetrant.pc3,Pdf297M,1:1,
C:\Test\Plot\Plot01\Scripts\Empty.dwg,Energis_plot_layout_name,09/23/16 11:56:15,adn534,Impetrant.pc3,Pdf297M,1:1,
C:\Test\Plot\Plot01\Scripts\Empty.dwg,Energis_plot_layout_name,09/23/16 11:56:16,adn534,Impetrant.pc3,Pdf297M,1:1,
C:\Test\Plot\Plot01\Scripts\Empty.dwg,Energis_plot_layout_name,09/23/16 11:56:31,adn534,Impetrant.pc3,Pdf297M,1:1,
C:\Test\plot\PlotService2\bin\Debug\temp\bpioj2u5.glr\EH3-1.dwg,Model,09/23/16 11:56:41,adn534,PDF.pc3,ARCH expand E (36.00 x 48.00 Inches),1:1,
C:\Test\plot\PlotService2\bin\Debug\temp\gamogqla.tro\399-3.dwg,Model,09/23/16 11:56:41,adn534,PDF.pc3,ARCH full bleed E1 (30.00 x 42.00 Inches),1:1,
C:\Test\Plot\Plot01\Scripts\Empty.dwg,Energis_plot_layout_name,09/23/16 11:56:49,adn534,Impetrant.pc3,Pdf297M,1:1,
C:\Test\Plot\Plot01\Scripts\Empty.dwg,Energis_plot_layout_name,09/23/16 11:57:41,adn534,Impetrant.pc3,Pdf297M,1:1,
C:\Test\Plot\Plot01\Scripts\Empty.dwg,Energis_plot_layout_name,09/23/16 11:57:44,adn534,Impetrant.pc3,Pdf297M,1:1,
C:\Test\Plot\Plot01\Scripts\Empty.dwg,Energis_plot_layout_name,09/23/16 11:57:48,adn534,Impetrant.pc3,Pdf297M,1:1,
C:\Test\Plot\Plot01\Scripts\Empty.dwg,Energis_plot_layout_name,09/23/16 11:57:57,adn534,Impetrant.pc3,Pdf297M,1:1,
C:\Test\Plot\Plot01\Scripts\Empty.dwg,Energis_plot_layout_name,09/23/16 11:57:58,adn534,Impetrant.pc3,Pdf297M,1:1,
C:\Test\Plot\Plot01\Scripts\Empty.dwg,Energis_plot_layout_name,09/23/16 11:58:10,adn534,Impetrant.pc3,Pdf297M,1:1,
C:\Test\plot\PlotService2\bin\Debug\temp\lldnmelp.jxi\368-4.dwg,Model,09/23/16 11:58:13,adn534,PDF.pc3,ARCH E1 (30.00 x 42.00 Inches),1:1,
C:\Test\Plot\Plot01\Scripts\Empty.dwg,Energis_plot_layout_name,09/23/16 11:58:13,adn534,Impetrant.pc3,Pdf297M,1:1,
C:\Test\Plot\Plot01\Scripts\Empty.dwg,Energis_plot_layout_name,09/23/16 11:58:22,adn534,Impetrant.pc3,Pdf297M,1:1,
C:\Test\Plot\Plot01\Scripts\Empty.dwg,Energis_plot_layout_name,09/23/16 11:58:24,adn534,Impetrant.pc3,Pdf297M,1:1,
C:\Test\Plot\Plot01\Scripts\Empty.dwg,Energis_plot_layout_name,09/23/16 11:58:25,adn534,Impetrant.pc3,Pdf297M,1:1,
C:\Test\Plot\Plot01\Scripts\Empty.dwg,Energis_plot_layout_name,09/23/16 11:58:40,adn534,Impetrant.pc3,Pdf297M,1:1,
C:\Test\plot\PlotService2\bin\Debug\temp\uhvdx2jd.n0t\EH3-1.dwg,Model,09/23/16 11:58:49,adn534,PDF.pc3,ARCH expand E (36.00 x 48.00 Inches),1:1,
C:\Test\plot\PlotService2\bin\Debug\temp\vohddwiv.r55\399-3.dwg,Model,09/23/16 11:58:53,adn534,PDF.pc3,ARCH full bleed E1 (30.00 x 42.00 Inches),1:1,
C:\Test\Plot\Plot01\Scripts\Empty.dwg,Energis_plot_layout_name,09/23/16 11:59:01,adn534,Impetrant.pc3,Pdf297M,1:1,
C:\Test\Plot\Plot01\Scripts\Empty.dwg,Energis_plot_layout_name,09/23/16 11:59:04,adn534,Impetrant.pc3,Pdf297M,1:1,
C:\Test\plot\PlotService2\bin\Debug\temp\ewmjcilp.0tq\19-1.dwg,Model,09/23/16 11:59:11,adn534,PDF.pc3,ARCH E1 (30.00 x 42.00 Inches),1:1,
C:\Test\Plot\Plot01\Scripts\Empty.dwg,Energis_plot_layout_name,09/23/16 11:59:17,adn534,Impetrant.pc3,Pdf297M,1:1,
C:\Test\Plot\Plot01\Scripts\Empty.dwg,Energis_plot_layout_name,09/23/16 11:59:18,adn534,Impetrant.pc3,Pdf297M,1:1,
C:\Test\plot\PlotService2\bin\Debug\temp\jjv3p325.uw2\130-5.dwg,Model,09/23/16 11:59:34,adn534,PDF.pc3,ISO full bleed B0 (1000.00 x 1414.00 MM),1:1,
C:\Test\Plot\Plot01\Scripts\Empty.dwg,Energis_plot_layout_name,09/23/16 11:59:32,adn534,Impetrant.pc3,Pdf297M,1:1,
C:\Test\Plot\Plot01\Scripts\Empty.dwg,Energis_plot_layout_name,09/23/16 11:59:35,adn534,Impetrant.pc3,Pdf297M,1:1,
C:\Test\Plot\Plot01\Scripts\Empty.dwg,Energis_plot_layout_name,09/23/16 11:59:48,adn534,Impetrant.pc3,Pdf297M,1:1,
C:\Test\Plot\Plot01\Scripts\Empty.dwg,Energis_plot_layout_name,09/23/16 11:59:49,adn534,Impetrant.pc3,Pdf297M,1:1,
C:\Test\Plot\Plot01\Scripts\Empty.dwg,Energis_plot_layout_name,09/23/16 11:59:51,adn534,Impetrant.pc3,Pdf297M,1:1,
C:\Test\Plot\Plot01\Scripts\Empty.dwg,Energis_plot_layout_name,09/23/16 12:00:03,adn534,Impetrant.pc3,Pdf297M,1:1,
C:\Test\Plot\Plot01\Scripts\Empty.dwg,Energis_plot_layout_name,09/23/16 12:00:05,adn534,Impetrant.pc3,Pdf297M,1:1,
C:\Test\plot\PlotService2\bin\Debug\temp\kjqco51r.jea\368-4.dwg,Model,09/23/16 12:00:12,adn534,PDF.pc3,ARCH E1 (30.00 x 42.00 Inches),1:1,
C:\Test\Plot\Plot01\Scripts\Empty.dwg,Energis_plot_layout_name,09/23/16 12:00:17,adn534,Impetrant.pc3,Pdf297M,1:1,
C:\Test\Plot\Plot01\Scripts\Empty.dwg,Energis_plot_layout_name,09/23/16 12:00:17,adn534,Impetrant.pc3,Pdf297M,1:1,
C:\Test\Plot\Plot01\Scripts\Empty.dwg,Energis_plot_layout_name,09/23/16 12:00:21,adn534,Impetrant.pc3,Pdf297M,1:1,
C:\Test\Plot\Plot01\Scripts\Empty.dwg,Energis_plot_layout_name,09/23/16 12:00:36,adn534,Impetrant.pc3,Pdf297M,1:1,
C:\Test\plot\PlotService2\bin\Debug\temp\cfkjby1w.xxp\EH3-1.dwg,Model,09/23/16 12:00:44,adn534,PDF.pc3,ARCH expand E (36.00 x 48.00 Inches),1:1,
C:\Test\plot\PlotService2\bin\Debug\temp\5pqcbamu.zen\399-3.dwg,Model,09/23/16 12:00:45,adn534,PDF.pc3,ARCH full bleed E1 (30.00 x 42.00 Inches),1:1,
C:\Test\Plot\Plot01\Scripts\Empty.dwg,Energis_plot_layout_name,09/23/16 12:01:34,adn534,Impetrant.pc3,Pdf297M,1:1,
C:\Test\Plot\Plot01\Scripts\Empty.dwg,Energis_plot_layout_name,09/23/16 12:01:36,adn534,Impetrant.pc3,Pdf297M,1:1,
C:\Test\Plot\Plot01\Scripts\Empty.dwg,Energis_plot_layout_name,09/23/16 12:01:40,adn534,Impetrant.pc3,Pdf297M,1:1,
C:\Test\Plot\Plot01\Scripts\Empty.dwg,Energis_plot_layout_name,09/23/16 12:01:51,adn534,Impetrant.pc3,Pdf297M,1:1,
C:\Test\Plot\Plot01\Scripts\Empty.dwg,Energis_plot_layout_name,09/23/16 12:01:52,adn534,Impetrant.pc3,Pdf297M,1:1,
