C:\Test\Plot\Plot01\Scripts\Empty.dwg,Energis_plot_layout_name,09/22/16 12:31:02,adn534,Impetrant.pc3,Pdf297M,1:1,
C:\Test\plot\PlotService\src\PlotService\bin\Debug\net461\win7-x64\temp\rvuky2m3.dt4\ATH14-4.dwg,Model,09/22/16 12:31:17,adn534,PDF.pc3,ISO full bleed B0 (1000.00 x 1414.00 MM),1:1,
C:\Test\plot\PlotService\src\PlotService\bin\Debug\net461\win7-x64\temp\ukyeztab.dwx\ATH14-3.dwg,Model,09/22/16 12:31:29,adn534,PDF.pc3,ISO full bleed A0 (841.00 x 1189.00 MM),1:1,
C:\Test\Plot\Plot01\Scripts\Empty.dwg,Energis_plot_layout_name,09/22/16 12:31:42,adn534,Impetrant.pc3,Pdf297M,1:1,
C:\Test\Plot\Plot01\Scripts\Empty.dwg,Energis_plot_layout_name,09/22/16 12:31:50,adn534,Impetrant.pc3,Pdf297M,1:1,
C:\Test\Plot\Plot01\Scripts\Empty.dwg,Energis_plot_layout_name,09/22/16 12:31:58,adn534,Impetrant.pc3,Pdf297M,1:1,
C:\Test\Plot\Plot01\Scripts\Empty.dwg,Energis_plot_layout_name,09/22/16 12:32:11,adn534,Impetrant.pc3,Pdf297M,1:1,
C:\Test\Plot\Plot01\Scripts\Empty.dwg,Energis_plot_layout_name,09/22/16 12:32:18,adn534,Impetrant.pc3,Pdf297M,1:1,
C:\Test\plot\PlotService\src\PlotService\bin\Debug\net461\win7-x64\temp\k0m4n2qj.5kg\161167.dwg,Model,09/22/16 12:32:33,adn534,PDF.pc3,ISO full bleed B0 (1000.00 x 1414.00 MM),1:1,
C:\Test\Plot\Plot01\Scripts\Empty.dwg,Energis_plot_layout_name,09/22/16 12:32:47,adn534,Impetrant.pc3,Pdf297M,1:1,
C:\Test\Plot\Plot01\Scripts\Empty.dwg,Energis_plot_layout_name,09/22/16 12:32:45,adn534,Impetrant.pc3,Pdf297M,1:1,
C:\Test\Plot\Plot01\Scripts\Empty.dwg,Energis_plot_layout_name,09/22/16 12:32:46,adn534,Impetrant.pc3,Pdf297M,1:1,
C:\Test\Plot\Plot01\Scripts\Empty.dwg,Energis_plot_layout_name,09/22/16 12:33:17,adn534,Impetrant.pc3,Pdf297M,1:1,
C:\Test\Plot\Plot01\Scripts\Empty.dwg,Energis_plot_layout_name,09/22/16 12:33:18,adn534,Impetrant.pc3,Pdf297M,1:1,
C:\Test\Plot\Plot01\Scripts\Empty.dwg,Energis_plot_layout_name,09/22/16 12:33:18,adn534,Impetrant.pc3,Pdf297M,1:1,
C:\Test\Plot\Plot01\Scripts\Empty.dwg,Energis_plot_layout_name,09/22/16 12:33:32,adn534,Impetrant.pc3,Pdf297M,1:1,
C:\Test\Plot\Plot01\Scripts\Empty.dwg,Energis_plot_layout_name,09/22/16 12:33:32,adn534,Impetrant.pc3,Pdf297M,1:1,
C:\Test\plot\PlotService\src\PlotService\bin\Debug\net461\win7-x64\temp\z22sbbkf.dut\080574-2.dwg,Model,09/22/16 12:33:49,adn534,PDF.pc3,ISO full bleed B0 (1000.00 x 1414.00 MM),1:1,
C:\Test\Plot\Plot01\Scripts\Empty.dwg,Energis_plot_layout_name,09/22/16 12:33:59,adn534,Impetrant.pc3,Pdf297M,1:1,
C:\Test\Plot\Plot01\Scripts\Empty.dwg,Energis_plot_layout_name,09/22/16 12:33:59,adn534,Impetrant.pc3,Pdf297M,1:1,
C:\Test\Plot\Plot01\Scripts\Empty.dwg,Energis_plot_layout_name,09/22/16 12:34:02,adn534,Impetrant.pc3,Pdf297M,1:1,
C:\Test\Plot\Plot01\Scripts\Empty.dwg,Energis_plot_layout_name,09/22/16 12:34:13,adn534,Impetrant.pc3,Pdf297M,1:1,
C:\Test\plot\PlotService\src\PlotService\bin\Debug\net461\win7-x64\temp\vjffqgkt.15n\T69-1-1-5.dwg,Model,09/22/16 12:34:25,adn534,PDF.pc3,Max (1000.00 x 2000.00 MM),1:1,
C:\Test\plot\PlotService\src\PlotService\bin\Debug\net461\win7-x64\temp\hazxypdb.oa1\1104-2-2.dwg,Model,09/22/16 12:34:38,adn534,PDF.pc3,ISO full bleed B0 (1000.00 x 1414.00 MM),1:1,
C:\Test\Plot\Plot01\Scripts\Empty.dwg,Energis_plot_layout_name,09/22/16 12:34:48,adn534,Impetrant.pc3,Pdf297M,1:1,
C:\Test\plot\PlotService\src\PlotService\bin\Debug\net461\win7-x64\temp\dpqrbjk0.dua\K1-11BT.dwg,Model,09/22/16 12:35:02,adn534,PDF.pc3,ANSI E (34.00 x 44.00 Inches),1:1,
C:\Test\plot\PlotService\src\PlotService\bin\Debug\net461\win7-x64\temp\ikecjxmp.gh2\K1-05BT.dwg,Model,09/22/16 12:35:14,adn534,PDF.pc3,ARCH E1 (30.00 x 42.00 Inches),1:1,
C:\Test\Plot\Plot01\Scripts\Empty.dwg,Energis_plot_layout_name,09/22/16 12:35:22,adn534,Impetrant.pc3,Pdf297M,1:1,
C:\Test\plot\PlotService\src\PlotService\bin\Debug\net461\win7-x64\temp\3mvzmxan.atv\312003-c.dwg,Model,09/22/16 12:35:35,adn534,PDF.pc3,ISO full bleed A3 (297.00 x 420.00 MM),1:1,
C:\Test\plot\PlotService\src\PlotService\bin\Debug\net461\win7-x64\temp\o22zu2zs.2f5\EDNA-FO-D455-76.dwg,Model,09/22/16 12:35:47,adn534,PDF.pc3,ISO full bleed 2A0 (1189.00 x 1682.00 MM),1:1,
C:\Test\Plot\Plot01\Scripts\Empty.dwg,Energis_plot_layout_name,09/22/16 12:35:55,adn534,Impetrant.pc3,Pdf297M,1:1,
C:\Test\Plot\Plot01\Scripts\Empty.dwg,Energis_plot_layout_name,09/22/16 12:35:56,adn534,Impetrant.pc3,Pdf297M,1:1,
C:\Test\Plot\Plot01\Scripts\Empty.dwg,Energis_plot_layout_name,09/22/16 12:36:00,adn534,Impetrant.pc3,Pdf297M,1:1,
C:\Test\Plot\Plot01\Scripts\Empty.dwg,Energis_plot_layout_name,09/22/16 12:36:07,adn534,Impetrant.pc3,Pdf297M,1:1,
C:\Test\Plot\Plot01\Scripts\Empty.dwg,Energis_plot_layout_name,09/22/16 12:36:09,adn534,Impetrant.pc3,Pdf297M,1:1,
C:\Test\Plot\Plot01\Scripts\Empty.dwg,Energis_plot_layout_name,09/22/16 12:36:15,adn534,Impetrant.pc3,Pdf297M,1:1,
C:\Test\Plot\Plot01\Scripts\Empty.dwg,Energis_plot_layout_name,09/22/16 12:36:24,adn534,Impetrant.pc3,Pdf297M,1:1,
C:\Test\Plot\Plot01\Scripts\Empty.dwg,Energis_plot_layout_name,09/22/16 12:36:29,adn534,Impetrant.pc3,Pdf297M,1:1,
C:\Test\plot\PlotService\src\PlotService\bin\Debug\net461\win7-x64\temp\gpuoagcg.gfe\I9-08BT.dwg,Model,09/22/16 12:36:46,adn534,PDF.pc3,ISO full bleed B2 (500.00 x 707.00 MM),1:1,
C:\Test\plot\PlotService\src\PlotService\bin\Debug\net461\win7-x64\temp\2h11qogf.v0c\I9-07BT.dwg,Model,09/22/16 12:36:58,adn534,PDF.pc3,ANSI E (34.00 x 44.00 Inches),1:1,
C:\Test\Plot\Plot01\Scripts\Empty.dwg,Energis_plot_layout_name,09/22/16 12:37:04,adn534,Impetrant.pc3,Pdf297M,1:1,
C:\Test\plot\PlotService\src\PlotService\bin\Debug\net461\win7-x64\temp\kfif3wvt.itb\I9-14BT.dwg,Model,09/22/16 12:37:18,adn534,PDF.pc3,ARCH E1 (30.00 x 42.00 Inches),1:1,
C:\Test\Plot\Plot01\Scripts\Empty.dwg,Energis_plot_layout_name,09/22/16 12:37:24,adn534,Impetrant.pc3,Pdf297M,1:1,
C:\Test\Plot\Plot01\Scripts\Empty.dwg,Energis_plot_layout_name,09/22/16 12:37:36,adn534,Impetrant.pc3,Pdf297M,1:1,
C:\Test\Plot\Plot01\Scripts\Empty.dwg,Energis_plot_layout_name,09/22/16 12:37:47,adn534,Impetrant.pc3,Pdf297M,1:1,
C:\Test\Plot\Plot01\Scripts\Empty.dwg,Energis_plot_layout_name,09/22/16 12:37:55,adn534,Impetrant.pc3,Pdf297M,1:1,
C:\Test\Plot\Plot01\Scripts\Empty.dwg,Energis_plot_layout_name,09/22/16 12:37:55,adn534,Impetrant.pc3,Pdf297M,1:1,
C:\Test\Plot\Plot01\Scripts\Empty.dwg,Energis_plot_layout_name,09/22/16 12:38:06,adn534,Impetrant.pc3,Pdf297M,1:1,
C:\Test\Plot\Plot01\Scripts\Empty.dwg,Energis_plot_layout_name,09/22/16 12:38:07,adn534,Impetrant.pc3,Pdf297M,1:1,
C:\Test\Plot\Plot01\Scripts\Empty.dwg,Energis_plot_layout_name,09/22/16 12:38:14,adn534,Impetrant.pc3,Pdf297M,1:1,
C:\Test\Plot\Plot01\Scripts\Empty.dwg,Energis_plot_layout_name,09/22/16 12:38:25,adn534,Impetrant.pc3,Pdf594Max,1:1,
C:\Test\Plot\Plot01\Scripts\Empty.dwg,Energis_plot_layout_name,09/22/16 12:38:30,adn534,Impetrant.pc3,Pdf297M,1:1,
C:\Test\Plot\Plot01\Scripts\Empty.dwg,Energis_plot_layout_name,09/22/16 12:38:36,adn534,Impetrant.pc3,Pdf594Max,1:1,
C:\Test\Plot\Plot01\Scripts\Empty.dwg,Energis_plot_layout_name,09/22/16 12:38:46,adn534,Impetrant.pc3,Pdf297M,1:1,
C:\Test\Plot\Plot01\Scripts\Empty.dwg,Energis_plot_layout_name,09/22/16 12:38:46,adn534,Impetrant.pc3,Pdf297M,1:1,
C:\Test\Plot\Plot01\Scripts\Empty.dwg,Energis_plot_layout_name,09/22/16 12:38:52,adn534,Impetrant.pc3,Pdf297M,1:1,
C:\Test\Plot\Plot01\Scripts\Empty.dwg,Energis_plot_layout_name,09/22/16 12:39:03,adn534,Impetrant.pc3,Pdf297M,1:1,
C:\Test\Plot\Plot01\Scripts\Empty.dwg,Energis_plot_layout_name,09/22/16 12:39:08,adn534,Impetrant.pc3,Pdf594Max,1:1,
C:\Test\Plot\Plot01\Scripts\Empty.dwg,Energis_plot_layout_name,09/22/16 12:39:03,adn534,Impetrant.pc3,Pdf297M,1:1,
C:\Test\Plot\Plot01\Scripts\Empty.dwg,Energis_plot_layout_name,09/22/16 12:39:20,adn534,Impetrant.pc3,Pdf297M,1:1,
C:\Test\plot\PlotService\src\PlotService\bin\Debug\net461\win7-x64\temp\5jknrkoi.fmt\55-361.dwg,Model,09/22/16 12:39:33,adn534,PDF.pc3,ISO A0 (841.00 x 1189.00 MM),1:1,
C:\Test\plot\PlotService\src\PlotService\bin\Debug\net461\win7-x64\temp\ugekcmom.z41\55-9-1.dwg,Model,09/22/16 12:39:45,adn534,PDF.pc3,ISO full bleed B1 (707.00 x 1000.00 MM),1:1,
C:\Test\plot\PlotService\src\PlotService\bin\Debug\net461\win7-x64\temp\5amfjxps.kaf\55-9-2.dwg,Model,09/22/16 12:40:06,adn534,PDF.pc3,ARCH E1 (30.00 x 42.00 Inches),1:1,
C:\Test\plot\PlotService\src\PlotService\bin\Debug\net461\win7-x64\temp\iwlseyw5.vzg\T65-1-7-10.dwg,Model,09/22/16 12:40:20,adn534,PDF.pc3,ARCH full bleed E (36.00 x 48.00 Inches),1:1,
C:\Test\plot\PlotService\src\PlotService\bin\Debug\net461\win7-x64\temp\ym2os4km.gsc\T65-1-6-10.dwg,Model,09/22/16 12:40:33,adn534,PDF.pc3,ISO full bleed A0 (841.00 x 1189.00 MM),1:1,
C:\Test\Plot\Plot01\Scripts\Empty.dwg,Energis_plot_layout_name,09/22/16 12:40:41,adn534,Impetrant.pc3,Pdf297M,1:1,
C:\Test\Plot\Plot01\Scripts\Empty.dwg,Energis_plot_layout_name,09/22/16 12:40:43,adn534,Impetrant.pc3,Pdf297M,1:1,
C:\Test\Plot\Plot01\Scripts\Empty.dwg,Energis_plot_layout_name,09/22/16 12:40:43,adn534,Impetrant.pc3,Pdf297M,1:1,
C:\Test\Plot\Plot01\Scripts\Empty.dwg,Energis_plot_layout_name,09/22/16 12:40:53,adn534,Impetrant.pc3,Pdf297M,1:1,
C:\Test\Plot\Plot01\Scripts\Empty.dwg,Energis_plot_layout_name,09/22/16 12:40:54,adn534,Impetrant.pc3,Pdf297M,1:1,
C:\Test\plot\PlotService\src\PlotService\bin\Debug\net461\win7-x64\temp\uclpya5e.dbs\EDNA-8891.dwg,Model,09/22/16 12:41:07,adn534,PDF.pc3,ISO full bleed B1 (707.00 x 1000.00 MM),1:1,
C:\Test\Plot\Plot01\Scripts\Empty.dwg,Energis_plot_layout_name,09/22/16 12:41:18,adn534,Impetrant.pc3,Pdf594Max,1:1,
C:\Test\Plot\Plot01\Scripts\Empty.dwg,Energis_plot_layout_name,09/22/16 12:41:18,adn534,Impetrant.pc3,Pdf594Max,1:1,
C:\Test\Plot\Plot01\Scripts\Empty.dwg,Energis_plot_layout_name,09/22/16 12:41:18,adn534,Impetrant.pc3,Pdf594Max,1:1,
C:\Test\Plot\Plot01\Scripts\Empty.dwg,Energis_plot_layout_name,09/22/16 12:41:33,adn534,Impetrant.pc3,Pdf594Max,1:1,
C:\Test\Plot\Plot01\Scripts\Empty.dwg,Energis_plot_layout_name,09/22/16 12:41:34,adn534,Impetrant.pc3,Pdf594Max,1:1,
C:\Test\plot\PlotService\src\PlotService\bin\Debug\net461\win7-x64\temp\ew0doc0o.svt\EDNA-PP-310771.dwg,Model,09/22/16 12:41:52,adn534,PDF.pc3,ARCH D (24.00 x 36.00 Inches),1:1,
C:\Test\Plot\Plot01\Scripts\Empty.dwg,Energis_plot_layout_name,09/22/16 12:42:11,adn534,Impetrant.pc3,Pdf297M,1:1,
C:\Test\Plot\Plot01\Scripts\Empty.dwg,Energis_plot_layout_name,09/22/16 12:42:21,adn534,Impetrant.pc3,Pdf594Max,1:1,
C:\Test\Plot\Plot01\Scripts\Empty.dwg,Energis_plot_layout_name,09/22/16 12:42:31,adn534,Impetrant.pc3,Pdf297M,1:1,
C:\Test\Plot\Plot01\Scripts\Empty.dwg,Energis_plot_layout_name,09/22/16 12:42:42,adn534,Impetrant.pc3,Pdf297M,1:1,
C:\Test\Plot\Plot01\Scripts\Empty.dwg,Energis_plot_layout_name,09/22/16 12:42:42,adn534,Impetrant.pc3,Pdf297M,1:1,
C:\Test\Plot\Plot01\Scripts\Empty.dwg,Energis_plot_layout_name,09/22/16 12:42:42,adn534,Impetrant.pc3,Pdf297M,1:1,
C:\Test\Plot\Plot01\Scripts\Empty.dwg,Energis_plot_layout_name,09/22/16 12:42:51,adn534,Impetrant.pc3,Pdf297M,1:1,
C:\Test\Plot\Plot01\Scripts\Empty.dwg,Energis_plot_layout_name,09/22/16 12:42:53,adn534,Impetrant.pc3,Pdf297M,1:1,
C:\Test\plot\PlotService\src\PlotService\bin\Debug\net461\win7-x64\temp\yutvtozr.lb4\K1-11BT.dwg,Model,09/22/16 12:43:06,adn534,PDF.pc3,ANSI E (34.00 x 44.00 Inches),1:1,
C:\Test\Plot\Plot01\Scripts\Empty.dwg,Energis_plot_layout_name,09/22/16 12:43:14,adn534,Impetrant.pc3,Pdf297M,1:1,
C:\Test\Plot\Plot01\Scripts\Empty.dwg,Energis_plot_layout_name,09/22/16 12:43:14,adn534,Impetrant.pc3,Pdf297M,1:1,
C:\Test\Plot\Plot01\Scripts\Empty.dwg,Energis_plot_layout_name,09/22/16 12:43:15,adn534,Impetrant.pc3,Pdf297M,1:1,
C:\Test\plot\PlotService\src\PlotService\bin\Debug\net461\win7-x64\temp\j0p0l42j.0op\1104-2-2.dwg,Model,09/22/16 12:43:38,adn534,PDF.pc3,ISO full bleed B0 (1000.00 x 1414.00 MM),1:1,
C:\Test\plot\PlotService\src\PlotService\bin\Debug\net461\win7-x64\temp\hmoghcvj.skz\K1-05BT.dwg,Model,09/22/16 12:43:50,adn534,PDF.pc3,ARCH E1 (30.00 x 42.00 Inches),1:1,
C:\Test\plot\PlotService\src\PlotService\bin\Debug\net461\win7-x64\temp\gc0qgqqa.nh3\1104-1-2.dwg,Model,09/22/16 12:44:02,adn534,PDF.pc3,ISO full bleed 2A0 (1189.00 x 1682.00 MM),1:1,
C:\Test\Plot\Plot01\Scripts\Empty.dwg,Energis_plot_layout_name,09/22/16 12:44:10,adn534,Impetrant.pc3,Pdf297M,1:1,
C:\Test\Plot\Plot01\Scripts\Empty.dwg,Energis_plot_layout_name,09/22/16 12:44:10,adn534,Impetrant.pc3,Pdf297M,1:1,
C:\Test\Plot\Plot01\Scripts\Empty.dwg,Energis_plot_layout_name,09/22/16 12:44:26,adn534,Impetrant.pc3,Pdf297M,1:1,
C:\Test\plot\PlotService\src\PlotService\bin\Debug\net461\win7-x64\temp\lkvr3mc3.ztu\I9-07HT.dwg,Model,09/22/16 12:44:41,adn534,PDF.pc3,ANSI E (34.00 x 44.00 Inches),1:1,
C:\Test\Plot\Plot01\Scripts\Empty.dwg,Energis_plot_layout_name,09/22/16 12:44:47,adn534,Impetrant.pc3,Pdf297M,1:1,
C:\Test\Plot\Plot01\Scripts\Empty.dwg,Energis_plot_layout_name,09/22/16 12:44:56,adn534,Impetrant.pc3,Pdf297M,1:1,
C:\Test\Plot\Plot01\Scripts\Empty.dwg,Energis_plot_layout_name,09/22/16 12:45:02,adn534,Impetrant.pc3,Pdf297M,1:1,
C:\Test\Plot\Plot01\Scripts\Empty.dwg,Energis_plot_layout_name,09/22/16 12:45:08,adn534,Impetrant.pc3,Pdf297M,1:1,
C:\Test\plot\PlotService\src\PlotService\bin\Debug\net461\win7-x64\temp\ognu3n3k.4uf\I9-13HT.dwg,Model,09/22/16 12:45:23,adn534,PDF.pc3,ANSI E (34.00 x 44.00 Inches),1:1,
C:\Test\Plot\Plot01\Scripts\Empty.dwg,Energis_plot_layout_name,09/22/16 12:45:31,adn534,Impetrant.pc3,Pdf297M,1:1,
C:\Test\Plot\Plot01\Scripts\Empty.dwg,Energis_plot_layout_name,09/22/16 12:45:36,adn534,Impetrant.pc3,Pdf297M,1:1,
C:\Test\plot\PlotService\src\PlotService\bin\Debug\net461\win7-x64\temp\wbtxozla.zo0\I9-14HT.dwg,Model,09/22/16 12:45:55,adn534,PDF.pc3,ARCH full bleed E1 (30.00 x 42.00 Inches),1:1,
C:\Test\plot\PlotService\src\PlotService\bin\Debug\net461\win7-x64\temp\afaqqzdk.tjs\I9-08HT.dwg,Model,09/22/16 12:46:08,adn534,PDF.pc3,ISO full bleed B1 (707.00 x 1000.00 MM),1:1,
C:\Test\Plot\Plot01\Scripts\Empty.dwg,Energis_plot_layout_name,09/22/16 12:46:14,adn534,Impetrant.pc3,Pdf297M,1:1,
C:\Test\Plot\Plot01\Scripts\Empty.dwg,Energis_plot_layout_name,09/22/16 12:46:23,adn534,Impetrant.pc3,Pdf297M,1:1,
C:\Test\Plot\Plot01\Scripts\Empty.dwg,Energis_plot_layout_name,09/22/16 12:46:36,adn534,Impetrant.pc3,Pdf297M,1:1,
C:\Test\Plot\Plot01\Scripts\Empty.dwg,Energis_plot_layout_name,09/22/16 12:46:39,adn534,Impetrant.pc3,Pdf297M,1:1,
C:\Test\plot\PlotService\src\PlotService\bin\Debug\net461\win7-x64\temp\k4wibxp3.5i2\EDNA-FO-D455-95.dwg,Model,09/22/16 12:46:52,adn534,PDF.pc3,ISO full bleed 2A0 (1189.00 x 1682.00 MM),1:1,
C:\Test\Plot\Plot01\Scripts\Empty.dwg,Energis_plot_layout_name,09/22/16 12:47:05,adn534,Impetrant.pc3,Pdf297M,1:1,
C:\Test\Plot\Plot01\Scripts\Empty.dwg,Energis_plot_layout_name,09/22/16 12:47:13,adn534,Impetrant.pc3,Pdf297M,1:1,
C:\Test\plot\PlotService\src\PlotService\bin\Debug\net461\win7-x64\temp\omfarg0r.i0n\LEU57.dwg,Model,09/22/16 12:47:28,adn534,PDF.pc3,ANSI D (22.00 x 34.00 Inches),1:1,
C:\Test\Plot\Plot01\Scripts\Empty.dwg,Energis_plot_layout_name,09/22/16 12:47:41,adn534,Impetrant.pc3,Pdf297M,1:1,
C:\Test\plot\PlotService\src\PlotService\bin\Debug\net461\win7-x64\temp\t2h4wuc4.jet\LEU14.dwg,Model,09/22/16 12:47:58,adn534,PDF.pc3,ISO full bleed B1 (707.00 x 1000.00 MM),1:1,
C:\Test\plot\PlotService\src\PlotService\bin\Debug\net461\win7-x64\temp\yoyix4ow.aez\52391.dwg,Model,09/22/16 12:48:17,adn534,PDF.pc3,ARCH D (24.00 x 36.00 Inches),1:1,
C:\Test\Plot\Plot01\Scripts\Empty.dwg,Energis_plot_layout_name,09/22/16 12:48:18,adn534,Impetrant.pc3,Pdf297M,1:1,
C:\Test\Plot\Plot01\Scripts\Empty.dwg,Energis_plot_layout_name,09/22/16 12:48:29,adn534,Impetrant.pc3,Pdf297M,1:1,
C:\Test\Plot\Plot01\Scripts\Empty.dwg,Energis_plot_layout_name,09/22/16 12:48:37,adn534,Impetrant.pc3,Pdf297M,1:1,
C:\Test\Plot\Plot01\Scripts\Empty.dwg,Energis_plot_layout_name,09/22/16 12:48:48,adn534,Impetrant.pc3,Pdf297M,1:1,
C:\Test\Plot\Plot01\Scripts\Empty.dwg,Energis_plot_layout_name,09/22/16 12:48:58,adn534,Impetrant.pc3,Pdf594Max,1:1,
C:\Test\Plot\Plot01\Scripts\Empty.dwg,Energis_plot_layout_name,09/22/16 12:49:04,adn534,Impetrant.pc3,Pdf594Max,1:1,
C:\Test\Plot\Plot01\Scripts\Empty.dwg,Energis_plot_layout_name,09/22/16 12:49:12,adn534,Impetrant.pc3,Pdf594Max,1:1,
C:\Test\Plot\Plot01\Scripts\Empty.dwg,Energis_plot_layout_name,09/22/16 12:49:17,adn534,Impetrant.pc3,Pdf594Max,1:1,
C:\Test\Plot\Plot01\Scripts\Empty.dwg,Energis_plot_layout_name,09/22/16 12:49:34,adn534,Impetrant.pc3,Pdf297M,1:1,
C:\Test\Plot\Plot01\Scripts\Empty.dwg,Energis_plot_layout_name,09/22/16 12:49:45,adn534,Impetrant.pc3,Pdf297M,1:1,
C:\Test\plot\PlotService\src\PlotService\bin\Debug\net461\win7-x64\temp\qkbuvjik.3cp\LEU8.dwg,Model,09/22/16 12:49:59,adn534,PDF.pc3,ISO A2 (420.00 x 594.00 MM),1:1,
C:\Test\Plot\Plot01\Scripts\Empty.dwg,Energis_plot_layout_name,09/22/16 12:50:14,adn534,Impetrant.pc3,Pdf297M,1:1,
C:\Test\Plot\Plot01\Scripts\Empty.dwg,Energis_plot_layout_name,09/22/16 12:50:24,adn534,Impetrant.pc3,Pdf297M,1:1,
C:\Test\plot\PlotService\src\PlotService\bin\Debug\net461\win7-x64\temp\yosndnlw.mcw\13FBLA49.dwg,Model,09/22/16 12:50:38,adn534,PDF.pc3,ISO full bleed 4A0 (1682.00 x 2378.00 MM),1:1,
C:\Test\Plot\Plot01\Scripts\Empty.dwg,Energis_plot_layout_name,09/22/16 12:50:54,adn534,Impetrant.pc3,Pdf297M,1:1,
C:\Test\Plot\Plot01\Scripts\Empty.dwg,Energis_plot_layout_name,09/22/16 12:51:03,adn534,Impetrant.pc3,Pdf297M,1:1,
C:\Test\plot\PlotService\src\PlotService\bin\Debug\net461\win7-x64\temp\rdioyb44.kh3\13FBLA118.dwg,Model,09/22/16 12:51:19,adn534,PDF.pc3,ISO full bleed 4A0 (1682.00 x 2378.00 MM),1:1,
C:\Test\Plot\Plot01\Scripts\Empty.dwg,Energis_plot_layout_name,09/22/16 12:51:32,adn534,Impetrant.pc3,Pdf297M,1:1,
C:\Test\Plot\Plot01\Scripts\Empty.dwg,Energis_plot_layout_name,09/22/16 12:51:44,adn534,Impetrant.pc3,Pdf297M,1:1,
C:\Test\Plot\Plot01\Scripts\Empty.dwg,Energis_plot_layout_name,09/22/16 12:51:54,adn534,Impetrant.pc3,Pdf297M,1:1,
C:\Test\Plot\Plot01\Scripts\Empty.dwg,Energis_plot_layout_name,09/22/16 12:52:15,adn534,Impetrant.pc3,Pdf297M,1:1,
C:\Test\Plot\Plot01\Scripts\Empty.dwg,Energis_plot_layout_name,09/22/16 12:52:29,adn534,Impetrant.pc3,Pdf297M,1:1,
C:\Test\Plot\Plot01\Scripts\Empty.dwg,Energis_plot_layout_name,09/22/16 12:52:44,adn534,Impetrant.pc3,Pdf297M,1:1,
C:\Test\Plot\Plot01\Scripts\Empty.dwg,Energis_plot_layout_name,09/22/16 12:53:01,adn534,Impetrant.pc3,Pdf297M,1:1,
C:\Test\plot\PlotService\src\PlotService\bin\Debug\net461\win7-x64\temp\aqjhy0nw.lri\E882-2.dwg,Model,09/22/16 12:53:17,adn534,PDF.pc3,ANSI E (34.00 x 44.00 Inches),1:1,
C:\Test\plot\PlotService\src\PlotService\bin\Debug\net461\win7-x64\temp\fdunmezd.no2\E882-1.dwg,Model,09/22/16 12:53:29,adn534,PDF.pc3,ISO full bleed B2 (500.00 x 707.00 MM),1:1,
C:\Test\plot\PlotService\src\PlotService\bin\Debug\net461\win7-x64\temp\kzyq1u4n.bge\1081.dwg,Model,09/22/16 12:53:49,adn534,PDF.pc3,ANSI D (22.00 x 34.00 Inches),1:1,
C:\Test\plot\PlotService\src\PlotService\bin\Debug\net461\win7-x64\temp\blu0tyg3.xkp\K1-18BT.dwg,Model,09/22/16 12:54:01,adn534,PDF.pc3,ANSI E (34.00 x 44.00 Inches),1:1,
C:\Test\plot\PlotService\src\PlotService\bin\Debug\net461\win7-x64\temp\elhoigyv.5sx\T67-1.dwg,Model,09/22/16 12:54:24,adn534,PDF.pc3,ISO full bleed B1 (707.00 x 1000.00 MM),1:1,
C:\Test\plot\PlotService\src\PlotService\bin\Debug\net461\win7-x64\temp\lepddzoz.tuc\1078.dwg,Model,09/22/16 12:54:36,adn534,PDF.pc3,Max (1000.00 x 2000.00 MM),1:1,
C:\Test\plot\PlotService\src\PlotService\bin\Debug\net461\win7-x64\temp\qpvqlwvk.d4r\1084.dwg,Model,09/22/16 12:54:48,adn534,PDF.pc3,Max (1000.00 x 2000.00 MM),1:1,
C:\Test\plot\PlotService\src\PlotService\bin\Debug\net461\win7-x64\temp\yqxpysmd.xv5\K1-17BT.dwg,Model,09/22/16 12:55:10,adn534,PDF.pc3,ARCH E (36.00 x 48.00 Inches),1:1,
C:\Test\plot\PlotService\src\PlotService\bin\Debug\net461\win7-x64\temp\rgr2wgos.epp\132598.dwg,Model,09/22/16 12:55:30,adn534,PDF.pc3,ISO full bleed B1 (707.00 x 1000.00 MM),1:1,
C:\Test\Plot\Plot01\Scripts\Empty.dwg,Energis_plot_layout_name,09/22/16 12:55:41,adn534,Impetrant.pc3,Pdf297M,1:1,
C:\Test\plot\PlotService\src\PlotService\bin\Debug\net461\win7-x64\temp\15psfhwm.xo0\EDNA-2467.dwg,Model,09/22/16 12:55:54,adn534,PDF.pc3,ISO full bleed B0 (1000.00 x 1414.00 MM),1:1,
C:\Test\Plot\Plot01\Scripts\Empty.dwg,Energis_plot_layout_name,09/22/16 12:56:03,adn534,Impetrant.pc3,Pdf297M,1:1,
C:\Test\Plot\Plot01\Scripts\Empty.dwg,Energis_plot_layout_name,09/22/16 12:56:03,adn534,Impetrant.pc3,Pdf297M,1:1,
C:\Test\Plot\Plot01\Scripts\Empty.dwg,Energis_plot_layout_name,09/22/16 12:56:03,adn534,Impetrant.pc3,Pdf297M,1:1,
C:\Test\Plot\Plot01\Scripts\Empty.dwg,Energis_plot_layout_name,09/22/16 12:56:14,adn534,Impetrant.pc3,Pdf297M,1:1,
C:\Test\Plot\Plot01\Scripts\Empty.dwg,Energis_plot_layout_name,09/22/16 12:56:15,adn534,Impetrant.pc3,Pdf297M,1:1,
C:\Test\Plot\Plot01\Scripts\Empty.dwg,Energis_plot_layout_name,09/22/16 12:56:16,adn534,Impetrant.pc3,Pdf297M,1:1,
C:\Test\Plot\Plot01\Scripts\Empty.dwg,Energis_plot_layout_name,09/22/16 12:56:26,adn534,Impetrant.pc3,Pdf297M,1:1,
C:\Test\Plot\Plot01\Scripts\Empty.dwg,Energis_plot_layout_name,09/22/16 12:56:27,adn534,Impetrant.pc3,Pdf297M,1:1,
C:\Test\Plot\Plot01\Scripts\Empty.dwg,Energis_plot_layout_name,09/22/16 12:56:29,adn534,Impetrant.pc3,Pdf297M,1:1,
C:\Test\Plot\Plot01\Scripts\Empty.dwg,Energis_plot_layout_name,09/22/16 12:56:42,adn534,Impetrant.pc3,Pdf297M,1:1,
C:\Test\Plot\Plot01\Scripts\Empty.dwg,Energis_plot_layout_name,09/22/16 12:56:42,adn534,Impetrant.pc3,Pdf297M,1:1,
C:\Test\Plot\Plot01\Scripts\Empty.dwg,Energis_plot_layout_name,09/22/16 12:56:42,adn534,Impetrant.pc3,Pdf297M,1:1,
C:\Test\Plot\Plot01\Scripts\Empty.dwg,Energis_plot_layout_name,09/22/16 12:56:52,adn534,Impetrant.pc3,Pdf297M,1:1,
C:\Test\Plot\Plot01\Scripts\Empty.dwg,Energis_plot_layout_name,09/22/16 12:56:54,adn534,Impetrant.pc3,Pdf297M,1:1,
C:\Test\Plot\Plot01\Scripts\Empty.dwg,Energis_plot_layout_name,09/22/16 12:57:00,adn534,Impetrant.pc3,Pdf297M,1:1,
C:\Test\Plot\Plot01\Scripts\Empty.dwg,Energis_plot_layout_name,09/22/16 12:57:09,adn534,Impetrant.pc3,Pdf297M,1:1,
C:\Test\Plot\Plot01\Scripts\Empty.dwg,Energis_plot_layout_name,09/22/16 12:57:10,adn534,Impetrant.pc3,Pdf297M,1:1,
C:\Test\plot\PlotService\src\PlotService\bin\Debug\net461\win7-x64\temp\hpityoeu.22y\55-365A1.dwg,Model,09/22/16 12:57:25,adn534,PDF.pc3,ISO full bleed B0 (1000.00 x 1414.00 MM),1:1,
C:\Test\Plot\Plot01\Scripts\Empty.dwg,Energis_plot_layout_name,09/22/16 12:57:35,adn534,Impetrant.pc3,Pdf297M,1:1,
C:\Test\Plot\Plot01\Scripts\Empty.dwg,Energis_plot_layout_name,09/22/16 12:57:41,adn534,Impetrant.pc3,Pdf297M,1:1,
C:\Test\Plot\Plot01\Scripts\Empty.dwg,Energis_plot_layout_name,09/22/16 12:57:46,adn534,Impetrant.pc3,Pdf297M,1:1,
C:\Test\Plot\Plot01\Scripts\Empty.dwg,Energis_plot_layout_name,09/22/16 12:57:57,adn534,Impetrant.pc3,Pdf297M,1:1,
C:\Test\Plot\Plot01\Scripts\Empty.dwg,Energis_plot_layout_name,09/22/16 12:58:05,adn534,Impetrant.pc3,Pdf297M,1:1,
C:\Test\Plot\Plot01\Scripts\Empty.dwg,Energis_plot_layout_name,09/22/16 12:58:10,adn534,Impetrant.pc3,Pdf297M,1:1,
C:\Test\Plot\Plot01\Scripts\Empty.dwg,Energis_plot_layout_name,09/22/16 12:58:22,adn534,Impetrant.pc3,Pdf297M,1:1,
C:\Test\Plot\Plot01\Scripts\Empty.dwg,Energis_plot_layout_name,09/22/16 12:58:28,adn534,Impetrant.pc3,Pdf297M,1:1,
C:\Test\plot\PlotService\src\PlotService\bin\Debug\net461\win7-x64\temp\u3tgkwct.yv3\M2-20BT.dwg,Model,09/22/16 12:58:42,adn534,PDF.pc3,ANSI E (34.00 x 44.00 Inches),1:1,
C:\Test\Plot\Plot01\Scripts\Empty.dwg,Energis_plot_layout_name,09/22/16 12:58:50,adn534,Impetrant.pc3,Pdf297M,1:1,
C:\Test\plot\PlotService\src\PlotService\bin\Debug\net461\win7-x64\temp\v3hygfbp.fcg\M2-14BT.dwg,Model,09/22/16 12:59:03,adn534,PDF.pc3,ANSI E (34.00 x 44.00 Inches),1:1,
C:\Test\plot\PlotService\src\PlotService\bin\Debug\net461\win7-x64\temp\tg3ogpux.0va\fd136136a.dwg,Model,09/22/16 12:59:15,adn534,PDF.pc3,ARCH full bleed A (12.00 x 9.00 Inches),1:1,
C:\Test\Plot\Plot01\Scripts\Empty.dwg,Energis_plot_layout_name,09/22/16 12:59:19,adn534,Impetrant.pc3,Pdf297M,1:1,
C:\Test\Plot\Plot01\Scripts\Empty.dwg,Energis_plot_layout_name,09/22/16 12:59:24,adn534,Impetrant.pc3,Pdf297M,1:1,
C:\Test\Plot\Plot01\Scripts\Empty.dwg,Energis_plot_layout_name,09/22/16 12:59:34,adn534,Impetrant.pc3,Pdf297M,1:1,
C:\Test\Plot\Plot01\Scripts\Empty.dwg,Energis_plot_layout_name,09/22/16 12:59:40,adn534,Impetrant.pc3,Pdf297M,1:1,
C:\Test\plot\PlotService\src\PlotService\bin\Debug\net461\win7-x64\temp\kfz1dzdt.3x1\202-015.dwg,Model,09/22/16 12:59:53,adn534,PDF.pc3,ARCH E1 (30.00 x 42.00 Inches),1:1,
C:\Test\Plot\Plot01\Scripts\Empty.dwg,Energis_plot_layout_name,09/22/16 13:00:00,adn534,Impetrant.pc3,Pdf297M,1:1,
C:\Test\plot\PlotService\src\PlotService\bin\Debug\net461\win7-x64\temp\4roex1rl.ku5\506-1.dwg,Model,09/22/16 13:00:13,adn534,PDF.pc3,ARCH full bleed E1 (30.00 x 42.00 Inches),1:1,
C:\Test\Plot\Plot01\Scripts\Empty.dwg,Energis_plot_layout_name,09/22/16 13:00:21,adn534,Impetrant.pc3,Pdf297M,1:1,
C:\Test\Plot\Plot01\Scripts\Empty.dwg,Energis_plot_layout_name,09/22/16 13:00:30,adn534,Impetrant.pc3,Pdf297M,1:1,
C:\Test\Plot\Plot01\Scripts\Empty.dwg,Energis_plot_layout_name,09/22/16 13:00:33,adn534,Impetrant.pc3,Pdf297M,1:1,
C:\Test\plot\PlotService\src\PlotService\bin\Debug\net461\win7-x64\temp\sbk0kdml.roh\506-2.dwg,Model,09/22/16 13:00:46,adn534,PDF.pc3,ISO full bleed B2 (500.00 x 707.00 MM),1:1,
C:\Test\Plot\Plot01\Scripts\Empty.dwg,Energis_plot_layout_name,09/22/16 13:00:56,adn534,Impetrant.pc3,Pdf297M,1:1,
C:\Test\Plot\Plot01\Scripts\Empty.dwg,Energis_plot_layout_name,09/22/16 13:00:57,adn534,Impetrant.pc3,Pdf297M,1:1,
C:\Test\Plot\Plot01\Scripts\Empty.dwg,Energis_plot_layout_name,09/22/16 13:01:10,adn534,Impetrant.pc3,Pdf297M,1:1,
C:\Test\Plot\Plot01\Scripts\Empty.dwg,Energis_plot_layout_name,09/22/16 13:01:10,adn534,Impetrant.pc3,Pdf297M,1:1,
C:\Test\Plot\Plot01\Scripts\Empty.dwg,Energis_plot_layout_name,09/22/16 13:01:10,adn534,Impetrant.pc3,Pdf297M,1:1,
C:\Test\Plot\Plot01\Scripts\Empty.dwg,Energis_plot_layout_name,09/22/16 13:01:21,adn534,Impetrant.pc3,Pdf297M,1:1,
C:\Test\Plot\Plot01\Scripts\Empty.dwg,Energis_plot_layout_name,09/22/16 13:01:22,adn534,Impetrant.pc3,Pdf297M,1:1,
C:\Test\Plot\Plot01\Scripts\Empty.dwg,Energis_plot_layout_name,09/22/16 13:01:23,adn534,Impetrant.pc3,Pdf297M,1:1,
C:\Test\Plot\Plot01\Scripts\Empty.dwg,Energis_plot_layout_name,09/22/16 13:01:36,adn534,Impetrant.pc3,Pdf297M,1:1,
C:\Test\Plot\Plot01\Scripts\Empty.dwg,Energis_plot_layout_name,09/22/16 13:01:41,adn534,Impetrant.pc3,Pdf297M,1:1,
C:\Test\Plot\Plot01\Scripts\Empty.dwg,Energis_plot_layout_name,09/22/16 13:01:41,adn534,Impetrant.pc3,Pdf297M,1:1,
C:\Test\Plot\Plot01\Scripts\Empty.dwg,Energis_plot_layout_name,09/22/16 13:01:57,adn534,Impetrant.pc3,Pdf297M,1:1,
C:\Test\Plot\Plot01\Scripts\Empty.dwg,Energis_plot_layout_name,09/22/16 13:01:57,adn534,Impetrant.pc3,Pdf297M,1:1,
C:\Test\plot\PlotService\src\PlotService\bin\Debug\net461\win7-x64\temp\nqm10wiv.qjo\EDNA-2592.dwg,Model,09/22/16 13:02:13,adn534,PDF.pc3,ARCH expand E (36.00 x 48.00 Inches),1:1,
C:\Test\Plot\Plot01\Scripts\Empty.dwg,Energis_plot_layout_name,09/22/16 13:02:24,adn534,Impetrant.pc3,Pdf297M,1:1,
C:\Test\Plot\Plot01\Scripts\Empty.dwg,Energis_plot_layout_name,09/22/16 13:02:34,adn534,Impetrant.pc3,Pdf297M,1:1,
C:\Test\Plot\Plot01\Scripts\Empty.dwg,Energis_plot_layout_name,09/22/16 13:02:38,adn534,Impetrant.pc3,Pdf297M,1:1,
C:\Test\Plot\Plot01\Scripts\Empty.dwg,Energis_plot_layout_name,09/22/16 13:02:49,adn534,Impetrant.pc3,Pdf297M,1:1,
C:\Test\Plot\Plot01\Scripts\Empty.dwg,Energis_plot_layout_name,09/22/16 13:02:51,adn534,Impetrant.pc3,Pdf297M,1:1,
C:\Test\Plot\Plot01\Scripts\Empty.dwg,Energis_plot_layout_name,09/22/16 13:03:01,adn534,Impetrant.pc3,Pdf297M,1:1,
C:\Test\Plot\Plot01\Scripts\Empty.dwg,Energis_plot_layout_name,09/22/16 13:03:04,adn534,Impetrant.pc3,Pdf297M,1:1,
C:\Test\Plot\Plot01\Scripts\Empty.dwg,Energis_plot_layout_name,09/22/16 13:03:30,adn534,Impetrant.pc3,Pdf297M,1:1,
C:\Test\Plot\Plot01\Scripts\Empty.dwg,Energis_plot_layout_name,09/22/16 13:03:55,adn534,Impetrant.pc3,Pdf297M,1:1,
C:\Test\Plot\Plot01\Scripts\Empty.dwg,Energis_plot_layout_name,09/22/16 13:04:04,adn534,Impetrant.pc3,Pdf297M,1:1,
C:\Test\Plot\Plot01\Scripts\Empty.dwg,Energis_plot_layout_name,09/22/16 13:04:12,adn534,Impetrant.pc3,Pdf297M,1:1,
C:\Test\Plot\Plot01\Scripts\Empty.dwg,Energis_plot_layout_name,09/22/16 13:04:26,adn534,Impetrant.pc3,Pdf297M,1:1,
C:\Test\plot\PlotService\src\PlotService\bin\Debug\net461\win7-x64\temp\knojftwz.hdh\55-3655.dwg,Model,09/22/16 13:04:47,adn534,PDF.pc3,ISO full bleed 2A0 (1189.00 x 1682.00 MM),1:1,
C:\Test\Plot\Plot01\Scripts\Empty.dwg,Energis_plot_layout_name,09/22/16 13:05:00,adn534,Impetrant.pc3,Pdf297M,1:1,
C:\Test\Plot\Plot01\Scripts\Empty.dwg,Energis_plot_layout_name,09/22/16 13:05:04,adn534,Impetrant.pc3,Pdf297M,1:1,
C:\Test\Plot\Plot01\Scripts\Empty.dwg,Energis_plot_layout_name,09/22/16 13:05:14,adn534,Impetrant.pc3,Pdf297M,1:1,
C:\Test\Plot\Plot01\Scripts\Empty.dwg,Energis_plot_layout_name,09/22/16 13:05:27,adn534,Impetrant.pc3,Pdf297M,1:1,
C:\Test\Plot\Plot01\Scripts\Empty.dwg,Energis_plot_layout_name,09/22/16 13:05:30,adn534,Impetrant.pc3,Pdf297M,1:1,
C:\Test\Plot\Plot01\Scripts\Empty.dwg,Energis_plot_layout_name,09/22/16 13:05:37,adn534,Impetrant.pc3,Pdf297M,1:1,
C:\Test\Plot\Plot01\Scripts\Empty.dwg,Energis_plot_layout_name,09/22/16 13:05:49,adn534,Impetrant.pc3,Pdf297M,1:1,
C:\Test\Plot\Plot01\Scripts\Empty.dwg,Energis_plot_layout_name,09/22/16 13:05:54,adn534,Impetrant.pc3,Pdf297M,1:1,
C:\Test\Plot\Plot01\Scripts\Empty.dwg,Energis_plot_layout_name,09/22/16 13:06:00,adn534,Impetrant.pc3,Pdf297M,1:1,
C:\Test\Plot\Plot01\Scripts\Empty.dwg,Energis_plot_layout_name,09/22/16 13:06:11,adn534,Impetrant.pc3,Pdf297M,1:1,
C:\Test\Plot\Plot01\Scripts\Empty.dwg,Energis_plot_layout_name,09/22/16 13:06:12,adn534,Impetrant.pc3,Pdf297M,1:1,
C:\Test\Plot\Plot01\Scripts\Empty.dwg,Energis_plot_layout_name,09/22/16 13:06:18,adn534,Impetrant.pc3,Pdf297M,1:1,
C:\Test\Plot\Plot01\Scripts\Empty.dwg,Energis_plot_layout_name,09/22/16 13:06:29,adn534,Impetrant.pc3,Pdf297M,1:1,
C:\Test\Plot\Plot01\Scripts\Empty.dwg,Energis_plot_layout_name,09/22/16 13:06:35,adn534,Impetrant.pc3,Pdf297M,1:1,
C:\Test\Plot\Plot01\Scripts\Empty.dwg,Energis_plot_layout_name,09/22/16 13:06:49,adn534,Impetrant.pc3,Pdf297M,1:1,
C:\Test\Plot\Plot01\Scripts\Empty.dwg,Energis_plot_layout_name,09/22/16 13:07:05,adn534,Impetrant.pc3,Pdf297M,1:1,
C:\Test\plot\PlotService\src\PlotService\bin\Debug\net461\win7-x64\temp\dg314xzq.vo3\ATH14-2.dwg,Model,09/22/16 13:07:25,adn534,PDF.pc3,ARCH E1 (30.00 x 42.00 Inches),1:1,
C:\Test\plot\PlotService\src\PlotService\bin\Debug\net461\win7-x64\temp\sdgdo5hx.roo\ATH87.dwg,Model,09/22/16 13:07:37,adn534,PDF.pc3,ANSI E (34.00 x 44.00 Inches),1:1,
C:\Test\Plot\Plot01\Scripts\Empty.dwg,Energis_plot_layout_name,09/22/16 13:07:49,adn534,Impetrant.pc3,Pdf297M,1:1,
C:\Test\Plot\Plot01\Scripts\Empty.dwg,Energis_plot_layout_name,09/22/16 13:07:57,adn534,Impetrant.pc3,Pdf297M,1:1,
C:\Test\plot\PlotService\src\PlotService\bin\Debug\net461\win7-x64\temp\oe4nnqxb.mbh\GRM09-02.dwg,Model,09/22/16 13:08:11,adn534,PDF.pc3,ANSI full bleed F (28.00 x 40.00 Inches),1:1,
C:\Test\Plot\Plot01\Scripts\Empty.dwg,Energis_plot_layout_name,09/22/16 13:08:23,adn534,Impetrant.pc3,Pdf297M,1:1,
C:\Test\plot\PlotService\src\PlotService\bin\Debug\net461\win7-x64\temp\zl3jozss.c1q\431-1.dwg,Model,09/22/16 13:08:35,adn534,PDF.pc3,ANSI expand D (22.00 x 34.00 Inches),1:1,
C:\Test\plot\PlotService\src\PlotService\bin\Debug\net461\win7-x64\temp\rdwpno4a.sku\CE11.dwg,Model,09/22/16 13:08:48,adn534,PDF.pc3,ISO full bleed B0 (1414.00 x 1000.00 MM),1:1,
C:\Test\Plot\Plot01\Scripts\Empty.dwg,Energis_plot_layout_name,09/22/16 13:08:58,adn534,Impetrant.pc3,Pdf297M,1:1,
C:\Test\Plot\Plot01\Scripts\Empty.dwg,Energis_plot_layout_name,09/22/16 13:09:04,adn534,Impetrant.pc3,Pdf297M,1:1,
C:\Test\plot\PlotService\src\PlotService\bin\Debug\net461\win7-x64\temp\i02bd1jm.xnz\71-42.dwg,Model,09/22/16 13:09:19,adn534,PDF.pc3,ISO full bleed B0 (1000.00 x 1414.00 MM),1:1,
C:\Test\Plot\Plot01\Scripts\Empty.dwg,Energis_plot_layout_name,09/22/16 13:09:29,adn534,Impetrant.pc3,Pdf297M,1:1,
C:\Test\Plot\Plot01\Scripts\Empty.dwg,Energis_plot_layout_name,09/22/16 13:09:30,adn534,Impetrant.pc3,Pdf297M,1:1,
C:\Test\Plot\Plot01\Scripts\Empty.dwg,Energis_plot_layout_name,09/22/16 13:09:44,adn534,Impetrant.pc3,Pdf297M,1:1,
C:\Test\Plot\Plot01\Scripts\Empty.dwg,Energis_plot_layout_name,09/22/16 13:09:46,adn534,Impetrant.pc3,Pdf297M,1:1,
C:\Test\Plot\Plot01\Scripts\Empty.dwg,Energis_plot_layout_name,09/22/16 13:10:01,adn534,Impetrant.pc3,Pdf594Max,1:1,
C:\Test\Plot\Plot01\Scripts\Empty.dwg,Energis_plot_layout_name,09/22/16 13:10:12,adn534,Impetrant.pc3,Pdf297M,1:1,
C:\Test\Plot\Plot01\Scripts\Empty.dwg,Energis_plot_layout_name,09/22/16 13:10:21,adn534,Impetrant.pc3,Pdf594Max,1:1,
C:\Test\plot\PlotService\src\PlotService\bin\Debug\net461\win7-x64\temp\fi0weno1.ppi\15-3.dwg,Model,09/22/16 13:10:35,adn534,PDF.pc3,ISO full bleed B1 (707.00 x 1000.00 MM),1:1,
C:\Test\Plot\Plot01\Scripts\Empty.dwg,Energis_plot_layout_name,09/22/16 13:10:54,adn534,Impetrant.pc3,Pdf297M,1:1,
C:\Test\Plot\Plot01\Scripts\Empty.dwg,Energis_plot_layout_name,09/22/16 13:10:50,adn534,Impetrant.pc3,Pdf297M,1:1,
C:\Test\Plot\Plot01\Scripts\Empty.dwg,Energis_plot_layout_name,09/22/16 13:11:07,adn534,Impetrant.pc3,Pdf297M,1:1,
C:\Test\Plot\Plot01\Scripts\Empty.dwg,Energis_plot_layout_name,09/22/16 13:11:24,adn534,Impetrant.pc3,Pdf297M,1:1,
C:\Test\Plot\Plot01\Scripts\Empty.dwg,Energis_plot_layout_name,09/22/16 13:11:23,adn534,Impetrant.pc3,Pdf297M,1:1,
C:\Test\plot\PlotService\src\PlotService\bin\Debug\net461\win7-x64\temp\ry5dsif4.33h\EDNA-6944_1.dwg,Model,09/22/16 13:11:41,adn534,PDF.pc3,ARCH expand E (36.00 x 48.00 Inches),1:1,
C:\Test\Plot\Plot01\Scripts\Empty.dwg,Energis_plot_layout_name,09/22/16 13:11:51,adn534,Impetrant.pc3,Pdf297M,1:1,
C:\Test\Plot\Plot01\Scripts\Empty.dwg,Energis_plot_layout_name,09/22/16 13:11:51,adn534,Impetrant.pc3,Pdf297M,1:1,
C:\Test\Plot\Plot01\Scripts\Empty.dwg,Energis_plot_layout_name,09/22/16 13:11:54,adn534,Impetrant.pc3,Pdf297M,1:1,
C:\Test\Plot\Plot01\Scripts\Empty.dwg,Energis_plot_layout_name,09/22/16 13:12:04,adn534,Impetrant.pc3,Pdf297M,1:1,
C:\Test\Plot\Plot01\Scripts\Empty.dwg,Energis_plot_layout_name,09/22/16 13:12:06,adn534,Impetrant.pc3,Pdf297M,1:1,
C:\Test\plot\PlotService\src\PlotService\bin\Debug\net461\win7-x64\temp\0r3wfxob.gl5\OB-T-10-01-3-HT.dwg,Model,09/22/16 13:12:21,adn534,PDF.pc3,ISO full bleed B1 (707.00 x 1000.00 MM),1:1,
C:\Test\Plot\Plot01\Scripts\Empty.dwg,Energis_plot_layout_name,09/22/16 13:12:37,adn534,Impetrant.pc3,Pdf297M,1:1,
C:\Test\Plot\Plot01\Scripts\Empty.dwg,Energis_plot_layout_name,09/22/16 13:12:46,adn534,Impetrant.pc3,Pdf297M,1:1,
C:\Test\plot\PlotService\src\PlotService\bin\Debug\net461\win7-x64\temp\vol55ikt.svn\1194.dwg,Model,09/22/16 13:13:00,adn534,PDF.pc3,ISO full bleed 2A0 (1189.00 x 1682.00 MM),1:1,
C:\Test\Plot\Plot01\Scripts\Empty.dwg,Energis_plot_layout_name,09/22/16 13:13:16,adn534,Impetrant.pc3,Pdf297M,1:1,
C:\Test\Plot\Plot01\Scripts\Empty.dwg,Energis_plot_layout_name,09/22/16 13:13:28,adn534,Impetrant.pc3,Pdf297M,1:1,
C:\Test\plot\PlotService\src\PlotService\bin\Debug\net461\win7-x64\temp\auaewzid.bol\T90-2-1-5.dwg,Model,09/22/16 13:13:46,adn534,PDF.pc3,ISO full bleed B0 (1000.00 x 1414.00 MM),1:1,
C:\Test\Plot\Plot01\Scripts\Empty.dwg,Energis_plot_layout_name,09/22/16 13:14:02,adn534,Impetrant.pc3,Pdf297M,1:1,
C:\Test\Plot\Plot01\Scripts\Empty.dwg,Energis_plot_layout_name,09/22/16 13:14:09,adn534,Impetrant.pc3,Pdf297M,1:1,
C:\Test\plot\PlotService\src\PlotService\bin\Debug\net461\win7-x64\temp\nab4ehbl.dfv\T125-1-4-7.dwg,Model,09/22/16 13:14:26,adn534,PDF.pc3,ISO full bleed 2A0 (1189.00 x 1682.00 MM),1:1,
C:\Test\Plot\Plot01\Scripts\Empty.dwg,Energis_plot_layout_name,09/22/16 13:14:40,adn534,Impetrant.pc3,Pdf297M,1:1,
C:\Test\Plot\Plot01\Scripts\Empty.dwg,Energis_plot_layout_name,09/22/16 13:14:48,adn534,Impetrant.pc3,Pdf594Max,1:1,
C:\Test\plot\PlotService\src\PlotService\bin\Debug\net461\win7-x64\temp\lsdht545.4hs\255-2.dwg,Model,09/22/16 13:15:02,adn534,PDF.pc3,ISO full bleed B1 (707.00 x 1000.00 MM),1:1,
C:\Test\Plot\Plot01\Scripts\Empty.dwg,Energis_plot_layout_name,09/22/16 13:15:13,adn534,Impetrant.pc3,Pdf594Max,1:1,
C:\Test\Plot\Plot01\Scripts\Empty.dwg,Energis_plot_layout_name,09/22/16 13:15:21,adn534,Impetrant.pc3,Pdf594Max,1:1,
C:\Test\plot\PlotService\src\PlotService\bin\Debug\net461\win7-x64\temp\vhw01eyi.jmk\EDPL-1-4-3-31.dwg,Model,09/22/16 13:15:36,adn534,PDF.pc3,ARCH expand E (36.00 x 48.00 Inches),1:1,
C:\Test\Plot\Plot01\Scripts\Empty.dwg,Energis_plot_layout_name,09/22/16 13:15:52,adn534,Impetrant.pc3,Pdf297M,1:1,
C:\Test\plot\PlotService\src\PlotService\bin\Debug\net461\win7-x64\temp\pt0z5i0b.cax\EDNA-MAILLEN-7650.dwg,Model,09/22/16 13:16:08,adn534,PDF.pc3,ISO full bleed 4A0 (1682.00 x 2378.00 MM),1:1.04615,
C:\Test\plot\PlotService\src\PlotService\bin\Debug\net461\win7-x64\temp\stddvunu.owx\272-2.dwg,Model,09/22/16 13:16:23,adn534,PDF.pc3,ARCH full bleed E1 (30.00 x 42.00 Inches),1:1,
C:\Test\Plot\Plot01\Scripts\Empty.dwg,Energis_plot_layout_name,09/22/16 13:16:35,adn534,Impetrant.pc3,Pdf297M,1:1,
C:\Test\Plot\Plot01\Scripts\Empty.dwg,Energis_plot_layout_name,09/22/16 13:16:54,adn534,Impetrant.pc3,Pdf297M,1:1,
C:\Test\plot\PlotService\src\PlotService\bin\Debug\net461\win7-x64\temp\ryrop1lx.r0o\H5-17HT.dwg,Model,09/22/16 13:17:10,adn534,PDF.pc3,ANSI E (34.00 x 44.00 Inches),1:1,
C:\Test\Plot\Plot01\Scripts\Empty.dwg,Energis_plot_layout_name,09/22/16 13:17:33,adn534,Impetrant.pc3,Pdf297M,1:1,
C:\Test\Plot\Plot01\Scripts\Empty.dwg,Energis_plot_layout_name,09/22/16 13:17:56,adn534,Impetrant.pc3,Pdf297M,1:1,
C:\Test\plot\PlotService\src\PlotService\bin\Debug\net461\win7-x64\temp\jqiozwfw.uy2\H5-17BT.dwg,Model,09/22/16 13:18:14,adn534,PDF.pc3,ANSI E (34.00 x 44.00 Inches),1:1,
C:\Test\Plot\Plot01\Scripts\Empty.dwg,Energis_plot_layout_name,09/22/16 13:18:27,adn534,Impetrant.pc3,Pdf297M,1:1,
C:\Test\Plot\Plot01\Scripts\Empty.dwg,Energis_plot_layout_name,09/22/16 13:18:45,adn534,Impetrant.pc3,Pdf297M,1:1,
C:\Test\Plot\Plot01\Scripts\Empty.dwg,Energis_plot_layout_name,09/22/16 13:18:47,adn534,Impetrant.pc3,Pdf297M,1:1,
