C:\Test\plot\PlotService\src\PlotService\bin\Debug\net461\win7-x64\temp\vpg0l0qp.tkq\ATH14-4.dwg,Model,09/22/16 11:14:03,adn534,PDF.pc3,ISO full bleed B0 (1000.00 x 1414.00 MM),1:1,
C:\Test\plot\PlotService\src\PlotService\bin\Debug\net461\win7-x64\temp\v31zrker.kkg\161167.dwg,Model,09/22/16 11:14:03,adn534,PDF.pc3,ISO full bleed B0 (1000.00 x 1414.00 MM),1:1,
C:\Test\plot\PlotService\src\PlotService\bin\Debug\net461\win7-x64\temp\zfapowvt.4xg\ATH14-3.dwg,Model,09/22/16 11:14:48,adn534,PDF.pc3,ISO full bleed A0 (841.00 x 1189.00 MM),1:1,
C:\Test\plot\PlotService\src\PlotService\bin\Debug\net461\win7-x64\temp\l435cxns.3oh\ATH14-4.dwg,Model,09/22/16 11:15:03,adn534,PDF.pc3,ISO full bleed B0 (1000.00 x 1414.00 MM),1:1,
C:\Test\plot\PlotService\src\PlotService\bin\Debug\net461\win7-x64\temp\u5jtnm4j.khy\161167.dwg,Model,09/22/16 11:15:17,adn534,PDF.pc3,ISO full bleed B0 (1000.00 x 1414.00 MM),1:1,
C:\Test\plot\PlotService\src\PlotService\bin\Debug\net461\win7-x64\temp\ceq0qcjr.fz3\ATH14-4.dwg,Model,09/22/16 11:15:57,adn534,PDF.pc3,ISO full bleed B0 (1000.00 x 1414.00 MM),1:1,
C:\Test\plot\PlotService\src\PlotService\bin\Debug\net461\win7-x64\temp\ceqh5qll.zg5\ATH14-3.dwg,Model,09/22/16 11:16:10,adn534,PDF.pc3,ISO full bleed A0 (841.00 x 1189.00 MM),1:1,
C:\Test\plot\PlotService\src\PlotService\bin\Debug\net461\win7-x64\temp\qwg3z1xj.gpt\161167.dwg,Model,09/22/16 11:16:25,adn534,PDF.pc3,ISO full bleed B0 (1000.00 x 1414.00 MM),1:1,
C:\Test\plot\PlotService\src\PlotService\bin\Debug\net461\win7-x64\temp\h5wbbk15.hil\080574-2.dwg,Model,09/22/16 11:16:41,adn534,PDF.pc3,ISO full bleed B0 (1000.00 x 1414.00 MM),1:1,
C:\Test\plot\PlotService\src\PlotService\bin\Debug\net461\win7-x64\temp\dbhn0og5.w0y\T69-1-1-5.dwg,Model,09/22/16 11:16:57,adn534,PDF.pc3,Max (1000.00 x 2000.00 MM),1:1,
C:\Test\plot\PlotService\src\PlotService\bin\Debug\net461\win7-x64\temp\u02l0gng.hw4\1104-2-2.dwg,Model,09/22/16 11:17:13,adn534,PDF.pc3,ISO full bleed B0 (1000.00 x 1414.00 MM),1:1,
C:\Test\plot\PlotService\src\PlotService\bin\Debug\net461\win7-x64\temp\ppqyuy10.b4d\312003-c.dwg,Model,09/22/16 11:17:39,adn534,PDF.pc3,ISO full bleed A3 (297.00 x 420.00 MM),1:1,
C:\Test\plot\PlotService\src\PlotService\bin\Debug\net461\win7-x64\temp\w2easita.pt2\K1-11BT.dwg,Model,09/22/16 11:17:45,adn534,PDF.pc3,ANSI E (34.00 x 44.00 Inches),1:1,
C:\Test\plot\PlotService\src\PlotService\bin\Debug\net461\win7-x64\temp\2b1wb4o5.3kz\ATH14-4.dwg,Model,09/22/16 12:11:50,adn534,PDF.pc3,ISO full bleed B0 (1000.00 x 1414.00 MM),1:1,
C:\Test\plot\PlotService\src\PlotService\bin\Debug\net461\win7-x64\temp\ru4obeel.2oa\161167.dwg,Model,09/22/16 12:12:05,adn534,PDF.pc3,ISO full bleed B0 (1000.00 x 1414.00 MM),1:1,
C:\Test\plot\PlotService\src\PlotService\bin\Debug\net461\win7-x64\temp\5nbc3rwv.mkv\ATH14-3.dwg,Model,09/22/16 12:12:18,adn534,PDF.pc3,ISO full bleed A0 (841.00 x 1189.00 MM),1:1,
C:\Test\plot\PlotService\src\PlotService\bin\Debug\net461\win7-x64\temp\2ieyrwlx.oz1\1104-2-2.dwg,Model,09/22/16 12:12:43,adn534,PDF.pc3,ISO full bleed B0 (1000.00 x 1414.00 MM),1:1,
C:\Test\plot\PlotService\src\PlotService\bin\Debug\net461\win7-x64\temp\zepriake.vsn\080574-2.dwg,Model,09/22/16 12:12:55,adn534,PDF.pc3,ISO full bleed B0 (1000.00 x 1414.00 MM),1:1,
C:\Test\plot\PlotService\src\PlotService\bin\Debug\net461\win7-x64\temp\odahyr2y.yjw\T69-1-1-5.dwg,Model,09/22/16 12:13:05,adn534,PDF.pc3,Max (1000.00 x 2000.00 MM),1:1,
C:\Test\plot\PlotService\src\PlotService\bin\Debug\net461\win7-x64\temp\b3uh5gg3.ivi\ATH14-4.dwg,Model,09/22/16 12:18:38,adn534,PDF.pc3,ISO full bleed B0 (1000.00 x 1414.00 MM),1:1,
C:\Test\plot\PlotService\src\PlotService\bin\Debug\net461\win7-x64\temp\r0adyibz.0zo\161167.dwg,Model,09/22/16 12:18:50,adn534,PDF.pc3,ISO full bleed B0 (1000.00 x 1414.00 MM),1:1,
C:\Test\plot\PlotService\src\PlotService\bin\Debug\net461\win7-x64\temp\j3pjolhz.jnf\ATH14-3.dwg,Model,09/22/16 12:19:05,adn534,PDF.pc3,ISO full bleed A0 (841.00 x 1189.00 MM),1:1,
C:\Test\plot\PlotService\src\PlotService\bin\Debug\net461\win7-x64\temp\c5escahw.cfz\080574-2.dwg,Model,09/22/16 12:19:19,adn534,PDF.pc3,ISO full bleed B0 (1000.00 x 1414.00 MM),1:1,
C:\Test\plot\PlotService\src\PlotService\bin\Debug\net461\win7-x64\temp\m0v4hdkb.x1s\T69-1-1-5.dwg,Model,09/22/16 12:19:34,adn534,PDF.pc3,Max (1000.00 x 2000.00 MM),1:1,
C:\Test\plot\PlotService\src\PlotService\bin\Debug\net461\win7-x64\temp\ijsnpxd1.gcp\1104-2-2.dwg,Model,09/22/16 12:19:40,adn534,PDF.pc3,ISO full bleed B0 (1000.00 x 1414.00 MM),1:1,
C:\Test\Plot\Plot01\Scripts\Empty.dwg,Energis_plot_layout_name,09/22/16 12:20:15,adn534,Impetrant.pc3,Pdf297M,1:1,
C:\Test\plot\PlotService\src\PlotService\bin\Debug\net461\win7-x64\temp\ctvpkips.npa\ATH14-3.dwg,Model,09/22/16 12:20:29,adn534,PDF.pc3,ISO full bleed A0 (841.00 x 1189.00 MM),1:1,
C:\Test\plot\PlotService\src\PlotService\bin\Debug\net461\win7-x64\temp\2nicp0xr.y1k\ATH14-4.dwg,Model,09/22/16 12:20:42,adn534,PDF.pc3,ISO full bleed B0 (1000.00 x 1414.00 MM),1:1,
C:\Test\Plot\Plot01\Scripts\Empty.dwg,Energis_plot_layout_name,09/22/16 12:20:55,adn534,Impetrant.pc3,Pdf297M,1:1,
C:\Test\Plot\Plot01\Scripts\Empty.dwg,Energis_plot_layout_name,09/22/16 12:21:04,adn534,Impetrant.pc3,Pdf297M,1:1,
C:\Test\Plot\Plot01\Scripts\Empty.dwg,Energis_plot_layout_name,09/22/16 12:21:13,adn534,Impetrant.pc3,Pdf297M,1:1,
C:\Test\Plot\Plot01\Scripts\Empty.dwg,Energis_plot_layout_name,09/22/16 12:21:28,adn534,Impetrant.pc3,Pdf297M,1:1,
C:\Test\Plot\Plot01\Scripts\Empty.dwg,Energis_plot_layout_name,09/22/16 12:21:37,adn534,Impetrant.pc3,Pdf297M,1:1,
C:\Test\plot\PlotService\src\PlotService\bin\Debug\net461\win7-x64\temp\gdord5nl.m13\161167.dwg,Model,09/22/16 12:21:52,adn534,PDF.pc3,ISO full bleed B0 (1000.00 x 1414.00 MM),1:1,
C:\Test\Plot\Plot01\Scripts\Empty.dwg,Energis_plot_layout_name,09/22/16 12:22:13,adn534,Impetrant.pc3,Pdf297M,1:1,
C:\Test\Plot\Plot01\Scripts\Empty.dwg,Energis_plot_layout_name,09/22/16 12:22:10,adn534,Impetrant.pc3,Pdf297M,1:1,
C:\Test\Plot\Plot01\Scripts\Empty.dwg,Energis_plot_layout_name,09/22/16 12:22:12,adn534,Impetrant.pc3,Pdf297M,1:1,
C:\Test\Plot\Plot01\Scripts\Empty.dwg,Energis_plot_layout_name,09/22/16 12:22:33,adn534,Impetrant.pc3,Pdf297M,1:1,
C:\Test\Plot\Plot01\Scripts\Empty.dwg,Energis_plot_layout_name,09/22/16 12:22:35,adn534,Impetrant.pc3,Pdf297M,1:1,
C:\Test\Plot\Plot01\Scripts\Empty.dwg,Energis_plot_layout_name,09/22/16 12:22:35,adn534,Impetrant.pc3,Pdf297M,1:1,
C:\Test\Plot\Plot01\Scripts\Empty.dwg,Energis_plot_layout_name,09/22/16 12:23:01,adn534,Impetrant.pc3,Pdf297M,1:1,
C:\Test\Plot\Plot01\Scripts\Empty.dwg,Energis_plot_layout_name,09/22/16 12:23:01,adn534,Impetrant.pc3,Pdf297M,1:1,
C:\Test\plot\PlotService\src\PlotService\bin\Debug\net461\win7-x64\temp\51wmflow.1rn\080574-2.dwg,Model,09/22/16 12:23:17,adn534,PDF.pc3,ISO full bleed B0 (1000.00 x 1414.00 MM),1:1,
C:\Test\Plot\Plot01\Scripts\Empty.dwg,Energis_plot_layout_name,09/22/16 12:23:26,adn534,Impetrant.pc3,Pdf297M,1:1,
C:\Test\Plot\Plot01\Scripts\Empty.dwg,Energis_plot_layout_name,09/22/16 12:23:29,adn534,Impetrant.pc3,Pdf297M,1:1,
C:\Test\Plot\Plot01\Scripts\Empty.dwg,Energis_plot_layout_name,09/22/16 12:23:40,adn534,Impetrant.pc3,Pdf297M,1:1,
C:\Test\plot\PlotService\src\PlotService\bin\Debug\net461\win7-x64\temp\extkar0t.gqj\T69-1-1-5.dwg,Model,09/22/16 12:23:54,adn534,PDF.pc3,Max (1000.00 x 2000.00 MM),1:1,
C:\Test\Plot\Plot01\Scripts\Empty.dwg,Energis_plot_layout_name,09/22/16 12:28:19,adn534,Impetrant.pc3,Pdf297M,1:1,
C:\Test\plot\PlotService\src\PlotService\bin\Debug\net461\win7-x64\temp\y0yxgre2.4nj\ATH14-3.dwg,Model,09/22/16 12:28:34,adn534,PDF.pc3,ISO full bleed A0 (841.00 x 1189.00 MM),1:1,
C:\Test\plot\PlotService\src\PlotService\bin\Debug\net461\win7-x64\temp\p4ockpgv.bbp\ATH14-4.dwg,Model,09/22/16 12:28:46,adn534,PDF.pc3,ISO full bleed B0 (1000.00 x 1414.00 MM),1:1,
C:\Test\Plot\Plot01\Scripts\Empty.dwg,Energis_plot_layout_name,09/22/16 12:28:59,adn534,Impetrant.pc3,Pdf297M,1:1,
C:\Test\Plot\Plot01\Scripts\Empty.dwg,Energis_plot_layout_name,09/22/16 12:29:07,adn534,Impetrant.pc3,Pdf297M,1:1,
C:\Test\Plot\Plot01\Scripts\Empty.dwg,Energis_plot_layout_name,09/22/16 12:29:18,adn534,Impetrant.pc3,Pdf297M,1:1,
C:\Test\Plot\Plot01\Scripts\Empty.dwg,Energis_plot_layout_name,09/22/16 12:29:30,adn534,Impetrant.pc3,Pdf297M,1:1,
C:\Test\Plot\Plot01\Scripts\Empty.dwg,Energis_plot_layout_name,09/22/16 12:29:35,adn534,Impetrant.pc3,Pdf297M,1:1,
C:\Test\Plot\Plot01\Scripts\Empty.dwg,Energis_plot_layout_name,09/22/16 12:29:49,adn534,Impetrant.pc3,Pdf297M,1:1,
C:\Test\Plot\Plot01\Scripts\Empty.dwg,Energis_plot_layout_name,09/22/16 12:29:52,adn534,Impetrant.pc3,Pdf297M,1:1,
C:\Test\plot\PlotService\src\PlotService\bin\Debug\net461\win7-x64\temp\lwburigd.5ov\161167.dwg,Model,09/22/16 12:30:00,adn534,PDF.pc3,ISO full bleed B0 (1000.00 x 1414.00 MM),1:1,
C:\Test\Plot\Plot01\Scripts\Empty.dwg,Energis_plot_layout_name,09/22/16 14:11:30,adn534,Impetrant.pc3,Pdf297M,1:1,
C:\Test\plot\PlotService\src\PlotService\bin\Debug\net461\win7-x64\temp\cwy2lfbb.otz\ATH14-3.dwg,Model,09/22/16 14:13:16,adn534,PDF.pc3,ISO full bleed A0 (841.00 x 1189.00 MM),1:1,
C:\Test\plot\PlotService\src\PlotService\bin\Debug\net461\win7-x64\temp\2c51fsyw.pbg\ATH14-4.dwg,Model,09/22/16 14:13:17,adn534,PDF.pc3,ISO full bleed B0 (1000.00 x 1414.00 MM),1:1,
C:\Test\Plot\Plot01\Scripts\Empty.dwg,Energis_plot_layout_name,09/22/16 14:14:05,adn534,Impetrant.pc3,Pdf297M,1:1,
C:\Test\plot\PlotService\src\PlotService\bin\Debug\net461\win7-x64\temp\ewcssh0g.yts\ATH14-4.dwg,Model,09/22/16 14:14:16,adn534,PDF.pc3,ISO full bleed B0 (1000.00 x 1414.00 MM),1:1,
C:\Test\plot\PlotService\src\PlotService\bin\Debug\net461\win7-x64\temp\i0dfa1ww.anh\ATH14-3.dwg,Model,09/22/16 14:14:16,adn534,PDF.pc3,ISO full bleed A0 (841.00 x 1189.00 MM),1:1,
C:\Test\Plot\Plot01\Scripts\Empty.dwg,Energis_plot_layout_name,09/22/16 14:15:12,adn534,Impetrant.pc3,Pdf297M,1:1,
C:\Test\Plot\Plot01\Scripts\Empty.dwg,Energis_plot_layout_name,09/22/16 14:15:24,adn534,Impetrant.pc3,Pdf297M,1:1,
C:\Test\Plot\Plot01\Scripts\Empty.dwg,Energis_plot_layout_name,09/22/16 14:17:22,adn534,Impetrant.pc3,Pdf297M,1:1,
C:\Test\plot\PlotService\src\PlotService\bin\Debug\net461\win7-x64\temp\wbmytrxl.ppq\ATH14-3.dwg,Model,09/22/16 14:17:32,adn534,PDF.pc3,ISO full bleed A0 (841.00 x 1189.00 MM),1:1,
C:\Test\plot\PlotService\src\PlotService\bin\Debug\net461\win7-x64\temp\tq3kyq44.ii4\ATH14-4.dwg,Model,09/22/16 14:17:32,adn534,PDF.pc3,ISO full bleed B0 (1000.00 x 1414.00 MM),1:1,
C:\Test\Plot\Plot01\Scripts\Empty.dwg,Energis_plot_layout_name,09/22/16 14:17:51,adn534,Impetrant.pc3,Pdf297M,1:1,
C:\Test\Plot\Plot01\Scripts\Empty.dwg,Energis_plot_layout_name,09/22/16 14:17:57,adn534,Impetrant.pc3,Pdf297M,1:1,
C:\Test\Plot\Plot01\Scripts\Empty.dwg,Energis_plot_layout_name,09/22/16 14:17:59,adn534,Impetrant.pc3,Pdf297M,1:1,
C:\Test\Plot\Plot01\Scripts\Empty.dwg,Energis_plot_layout_name,09/22/16 14:18:14,adn534,Impetrant.pc3,Pdf297M,1:1,
C:\Test\Plot\Plot01\Scripts\Empty.dwg,Energis_plot_layout_name,09/22/16 14:18:17,adn534,Impetrant.pc3,Pdf297M,1:1,
