14/06/2016 16:47:59: Configuration Read from: C:\Users\adn534\AppData\Roaming\Autodesk\Autodesk AutoCAD Map 3D 2014\R19.1\enu\Support\infocenter.xml
14/06/2016 16:48:06: ICommunicationCenterConnector.SubAwareServiceUrl does not contain valid URL.
 Attempting to load from registry
14/06/2016 16:48:06: SubStatus: No or Bad URL defined in registry - Using default: http://cadservices.autodesk.com/subscriptionservice/subservice
14/06/2016 16:48:06: Polling:2 threads started
14/06/2016 16:48:06: SubStatus: Polling...
14/06/2016 16:48:07: SubStatus: The server threw an exception. (Exception from HRESULT: 0x80010105 (RPC_E_SERVERFAULT))
14/06/2016 16:48:08: Polling: All threads finished
14/06/2016 16:50:06: Configuration Read from: C:\Users\adn534\AppData\Roaming\Autodesk\Autodesk AutoCAD Map 3D 2014\R19.1\enu\Support\infocenter.xml
14/06/2016 16:50:19: ICommunicationCenterConnector.SubAwareServiceUrl does not contain valid URL.
 Attempting to load from registry
14/06/2016 16:50:19: SubStatus: No or Bad URL defined in registry - Using default: http://cadservices.autodesk.com/subscriptionservice/subservice
14/06/2016 16:50:19: Polling:2 threads started
14/06/2016 16:50:19: SubStatus: Polling...
14/06/2016 16:50:19: SubStatus: The server threw an exception. (Exception from HRESULT: 0x80010105 (RPC_E_SERVERFAULT))
14/06/2016 16:50:21: Polling: All threads finished
14/06/2016 16:52:26: Configuration Read from: C:\Users\adn534\AppData\Roaming\Autodesk\Autodesk AutoCAD Map 3D 2014\R19.1\enu\Support\infocenter.xml
14/06/2016 16:52:32: ICommunicationCenterConnector.SubAwareServiceUrl does not contain valid URL.
 Attempting to load from registry
14/06/2016 16:52:32: SubStatus: No or Bad URL defined in registry - Using default: http://cadservices.autodesk.com/subscriptionservice/subservice
14/06/2016 16:52:32: Polling:2 threads started
14/06/2016 16:52:32: SubStatus: Polling...
14/06/2016 16:52:32: SubStatus: The server threw an exception. (Exception from HRESULT: 0x80010105 (RPC_E_SERVERFAULT))
14/06/2016 16:52:35: Polling: All threads finished
14/06/2016 16:53:59: Configuration Read from: C:\Users\adn534\AppData\Roaming\Autodesk\Autodesk AutoCAD Map 3D 2014\R19.1\enu\Support\infocenter.xml
14/06/2016 16:54:04: ICommunicationCenterConnector.SubAwareServiceUrl does not contain valid URL.
 Attempting to load from registry
14/06/2016 16:54:04: SubStatus: No or Bad URL defined in registry - Using default: http://cadservices.autodesk.com/subscriptionservice/subservice
14/06/2016 16:54:05: Polling:2 threads started
14/06/2016 16:54:05: SubStatus: Polling...
14/06/2016 16:54:05: SubStatus: The server threw an exception. (Exception from HRESULT: 0x80010105 (RPC_E_SERVERFAULT))
14/06/2016 16:54:07: Polling: All threads finished
14/06/2016 16:57:43: Configuration Read from: C:\Users\adn534\AppData\Roaming\Autodesk\Autodesk AutoCAD Map 3D 2014\R19.1\enu\Support\infocenter.xml
14/06/2016 16:58:27: ICommunicationCenterConnector.SubAwareServiceUrl does not contain valid URL.
 Attempting to load from registry
14/06/2016 16:58:27: SubStatus: No or Bad URL defined in registry - Using default: http://cadservices.autodesk.com/subscriptionservice/subservice
14/06/2016 16:58:27: Polling:2 threads started
14/06/2016 16:58:27: SubStatus: Polling...
14/06/2016 16:58:27: SubStatus: The server threw an exception. (Exception from HRESULT: 0x80010105 (RPC_E_SERVERFAULT))
14/06/2016 16:58:29: Polling: All threads finished
14/06/2016 17:00:23: Configuration Read from: C:\Users\adn534\AppData\Roaming\Autodesk\Autodesk AutoCAD Map 3D 2014\R19.1\enu\Support\infocenter.xml
14/06/2016 17:00:41: ICommunicationCenterConnector.SubAwareServiceUrl does not contain valid URL.
 Attempting to load from registry
14/06/2016 17:00:41: SubStatus: No or Bad URL defined in registry - Using default: http://cadservices.autodesk.com/subscriptionservice/subservice
14/06/2016 17:00:41: Polling:2 threads started
14/06/2016 17:00:41: SubStatus: Polling...
14/06/2016 17:00:41: SubStatus: The server threw an exception. (Exception from HRESULT: 0x80010105 (RPC_E_SERVERFAULT))
14/06/2016 17:00:41: Polling: All threads finished
14/06/2016 17:01:17: Configuration Read from: C:\Users\adn534\AppData\Roaming\Autodesk\Autodesk AutoCAD Map 3D 2014\R19.1\enu\Support\infocenter.xml
14/06/2016 17:01:58: ICommunicationCenterConnector.SubAwareServiceUrl does not contain valid URL.
 Attempting to load from registry
14/06/2016 17:01:58: SubStatus: No or Bad URL defined in registry - Using default: http://cadservices.autodesk.com/subscriptionservice/subservice
14/06/2016 17:01:58: Polling:2 threads started
14/06/2016 17:01:58: SubStatus: Polling...
14/06/2016 17:01:58: SubStatus: The server threw an exception. (Exception from HRESULT: 0x80010105 (RPC_E_SERVERFAULT))
14/06/2016 17:02:01: Polling: All threads finished
14/06/2016 17:03:50: Configuration Read from: C:\Users\adn534\AppData\Roaming\Autodesk\Autodesk AutoCAD Map 3D 2014\R19.1\enu\Support\infocenter.xml
14/06/2016 17:04:34: ICommunicationCenterConnector.SubAwareServiceUrl does not contain valid URL.
 Attempting to load from registry
14/06/2016 17:04:34: SubStatus: No or Bad URL defined in registry - Using default: http://cadservices.autodesk.com/subscriptionservice/subservice
14/06/2016 17:04:34: Polling:2 threads started
14/06/2016 17:04:34: SubStatus: Polling...
14/06/2016 17:04:34: SubStatus: The server threw an exception. (Exception from HRESULT: 0x80010105 (RPC_E_SERVERFAULT))
14/06/2016 17:04:36: Polling: All threads finished
14/06/2016 17:21:54: Configuration Read from: C:\Users\adn534\AppData\Roaming\Autodesk\Autodesk AutoCAD Map 3D 2014\R19.1\enu\Support\infocenter.xml
14/06/2016 17:22:12: ICommunicationCenterConnector.SubAwareServiceUrl does not contain valid URL.
 Attempting to load from registry
14/06/2016 17:22:12: SubStatus: No or Bad URL defined in registry - Using default: http://cadservices.autodesk.com/subscriptionservice/subservice
14/06/2016 17:22:12: Polling:2 threads started
14/06/2016 17:22:12: SubStatus: Polling...
14/06/2016 17:22:12: SubStatus: The server threw an exception. (Exception from HRESULT: 0x80010105 (RPC_E_SERVERFAULT))
14/06/2016 17:22:14: Polling: All threads finished
14/06/2016 17:24:10: Configuration Read from: C:\Users\adn534\AppData\Roaming\Autodesk\Autodesk AutoCAD Map 3D 2014\R19.1\enu\Support\infocenter.xml
14/06/2016 17:24:52: ICommunicationCenterConnector.SubAwareServiceUrl does not contain valid URL.
 Attempting to load from registry
14/06/2016 17:24:52: SubStatus: No or Bad URL defined in registry - Using default: http://cadservices.autodesk.com/subscriptionservice/subservice
14/06/2016 17:24:52: Polling:2 threads started
14/06/2016 17:24:52: SubStatus: Polling...
14/06/2016 17:24:52: SubStatus: The server threw an exception. (Exception from HRESULT: 0x80010105 (RPC_E_SERVERFAULT))
14/06/2016 17:24:54: Polling: All threads finished
14/06/2016 17:25:34: Configuration Read from: C:\Users\adn534\AppData\Roaming\Autodesk\Autodesk AutoCAD Map 3D 2014\R19.1\enu\Support\infocenter.xml
14/06/2016 17:25:56: ICommunicationCenterConnector.SubAwareServiceUrl does not contain valid URL.
 Attempting to load from registry
14/06/2016 17:25:56: SubStatus: No or Bad URL defined in registry - Using default: http://cadservices.autodesk.com/subscriptionservice/subservice
14/06/2016 17:25:56: Polling:2 threads started
14/06/2016 17:25:56: SubStatus: Polling...
14/06/2016 17:25:56: SubStatus: The server threw an exception. (Exception from HRESULT: 0x80010105 (RPC_E_SERVERFAULT))
14/06/2016 17:25:59: Polling: All threads finished
14/06/2016 17:27:17: Configuration Read from: C:\Users\adn534\AppData\Roaming\Autodesk\Autodesk AutoCAD Map 3D 2014\R19.1\enu\Support\infocenter.xml
14/06/2016 17:27:20: ICommunicationCenterConnector.SubAwareServiceUrl does not contain valid URL.
 Attempting to load from registry
14/06/2016 17:27:20: SubStatus: No or Bad URL defined in registry - Using default: http://cadservices.autodesk.com/subscriptionservice/subservice
14/06/2016 17:27:20: Polling:2 threads started
14/06/2016 17:27:20: SubStatus: Polling...
14/06/2016 17:27:22: Polling: All threads finished
14/06/2016 17:45:06: Configuration Read from: C:\Users\adn534\AppData\Roaming\Autodesk\Autodesk AutoCAD Map 3D 2014\R19.1\enu\Support\infocenter.xml
14/06/2016 17:45:47: ICommunicationCenterConnector.SubAwareServiceUrl does not contain valid URL.
 Attempting to load from registry
14/06/2016 17:45:47: SubStatus: No or Bad URL defined in registry - Using default: http://cadservices.autodesk.com/subscriptionservice/subservice
14/06/2016 17:45:47: Polling:2 threads started
14/06/2016 17:45:47: SubStatus: Polling...
14/06/2016 17:45:49: Polling: All threads finished
15/06/2016 08:57:13: Configuration Read from: C:\Users\adn534\AppData\Roaming\Autodesk\Autodesk AutoCAD Map 3D 2014\R19.1\enu\Support\infocenter.xml
15/06/2016 08:57:33: ICommunicationCenterConnector.SubAwareServiceUrl does not contain valid URL.
 Attempting to load from registry
15/06/2016 08:57:33: SubStatus: No or Bad URL defined in registry - Using default: http://cadservices.autodesk.com/subscriptionservice/subservice
15/06/2016 08:57:33: Polling:2 threads started
15/06/2016 08:57:33: SubStatus: Polling...
15/06/2016 08:57:36: Polling: All threads finished
15/06/2016 09:00:29: Configuration Read from: C:\Users\adn534\AppData\Roaming\Autodesk\Autodesk AutoCAD Map 3D 2014\R19.1\enu\Support\infocenter.xml
15/06/2016 09:01:04: ICommunicationCenterConnector.SubAwareServiceUrl does not contain valid URL.
 Attempting to load from registry
15/06/2016 09:01:04: SubStatus: No or Bad URL defined in registry - Using default: http://cadservices.autodesk.com/subscriptionservice/subservice
15/06/2016 09:01:04: Polling:2 threads started
15/06/2016 09:01:04: SubStatus: Polling...
15/06/2016 09:01:07: SubStatus: The server threw an exception. (Exception from HRESULT: 0x80010105 (RPC_E_SERVERFAULT))
15/06/2016 09:01:07: Polling: All threads finished
15/06/2016 09:08:15: Configuration Read from: C:\Users\adn534\AppData\Roaming\Autodesk\Autodesk AutoCAD Map 3D 2014\R19.1\enu\Support\infocenter.xml
15/06/2016 09:08:51: ICommunicationCenterConnector.SubAwareServiceUrl does not contain valid URL.
 Attempting to load from registry
15/06/2016 09:08:51: SubStatus: No or Bad URL defined in registry - Using default: http://cadservices.autodesk.com/subscriptionservice/subservice
15/06/2016 09:08:51: Polling:2 threads started
15/06/2016 09:08:51: SubStatus: Polling...
15/06/2016 09:08:51: SubStatus: The server threw an exception. (Exception from HRESULT: 0x80010105 (RPC_E_SERVERFAULT))
15/06/2016 09:08:53: Polling: All threads finished
15/06/2016 10:04:05: Configuration Read from: C:\Users\adn534\AppData\Roaming\Autodesk\Autodesk AutoCAD Map 3D 2014\R19.1\enu\Support\infocenter.xml
15/06/2016 10:04:50: ICommunicationCenterConnector.SubAwareServiceUrl does not contain valid URL.
 Attempting to load from registry
15/06/2016 10:04:50: SubStatus: No or Bad URL defined in registry - Using default: http://cadservices.autodesk.com/subscriptionservice/subservice
15/06/2016 10:04:50: Polling:2 threads started
15/06/2016 10:04:50: SubStatus: Polling...
15/06/2016 10:04:50: SubStatus: The server threw an exception. (Exception from HRESULT: 0x80010105 (RPC_E_SERVERFAULT))
15/06/2016 10:04:52: Polling: All threads finished
15/06/2016 10:08:15: Configuration Read from: C:\Users\adn534\AppData\Roaming\Autodesk\Autodesk AutoCAD Map 3D 2014\R19.1\enu\Support\infocenter.xml
15/06/2016 10:09:33: ICommunicationCenterConnector.SubAwareServiceUrl does not contain valid URL.
 Attempting to load from registry
15/06/2016 10:09:33: SubStatus: No or Bad URL defined in registry - Using default: http://cadservices.autodesk.com/subscriptionservice/subservice
15/06/2016 10:09:33: Polling:2 threads started
15/06/2016 10:09:33: SubStatus: Polling...
15/06/2016 10:09:33: SubStatus: The server threw an exception. (Exception from HRESULT: 0x80010105 (RPC_E_SERVERFAULT))
15/06/2016 10:09:35: Polling: All threads finished
15/06/2016 10:22:57: Configuration Read from: C:\Users\adn534\AppData\Roaming\Autodesk\Autodesk AutoCAD Map 3D 2014\R19.1\enu\Support\infocenter.xml
15/06/2016 10:23:14: ICommunicationCenterConnector.SubAwareServiceUrl does not contain valid URL.
 Attempting to load from registry
15/06/2016 10:23:14: SubStatus: No or Bad URL defined in registry - Using default: http://cadservices.autodesk.com/subscriptionservice/subservice
15/06/2016 10:23:14: Polling:2 threads started
15/06/2016 10:23:14: SubStatus: Polling...
15/06/2016 10:23:14: SubStatus: The server threw an exception. (Exception from HRESULT: 0x80010105 (RPC_E_SERVERFAULT))
15/06/2016 10:23:16: Polling: All threads finished
15/06/2016 10:35:56: Configuration Read from: C:\Users\adn534\AppData\Roaming\Autodesk\Autodesk AutoCAD Map 3D 2014\R19.1\enu\Support\infocenter.xml
15/06/2016 10:36:37: ICommunicationCenterConnector.SubAwareServiceUrl does not contain valid URL.
 Attempting to load from registry
15/06/2016 10:36:37: SubStatus: No or Bad URL defined in registry - Using default: http://cadservices.autodesk.com/subscriptionservice/subservice
15/06/2016 10:36:37: Polling:2 threads started
15/06/2016 10:36:37: SubStatus: Polling...
15/06/2016 10:36:37: SubStatus: The server threw an exception. (Exception from HRESULT: 0x80010105 (RPC_E_SERVERFAULT))
15/06/2016 10:36:39: Polling: All threads finished
15/06/2016 12:05:35: Configuration Read from: C:\Users\adn534\AppData\Roaming\Autodesk\Autodesk AutoCAD Map 3D 2014\R19.1\enu\Support\infocenter.xml
15/06/2016 12:05:38: ICommunicationCenterConnector.SubAwareServiceUrl does not contain valid URL.
 Attempting to load from registry
15/06/2016 12:05:38: SubStatus: No or Bad URL defined in registry - Using default: http://cadservices.autodesk.com/subscriptionservice/subservice
15/06/2016 12:05:38: Polling:2 threads started
15/06/2016 12:05:38: SubStatus: Polling...
15/06/2016 12:05:39: Polling: All threads finished
16/06/2016 08:09:35: Configuration Read from: C:\Users\adn534\AppData\Roaming\Autodesk\Autodesk AutoCAD Map 3D 2014\R19.1\enu\Support\infocenter.xml
16/06/2016 08:09:36: ICommunicationCenterConnector.SubAwareServiceUrl does not contain valid URL.
 Attempting to load from registry
16/06/2016 08:09:36: SubStatus: No or Bad URL defined in registry - Using default: http://cadservices.autodesk.com/subscriptionservice/subservice
16/06/2016 08:09:36: Polling:2 threads started
16/06/2016 08:09:36: SubStatus: Polling...
16/06/2016 08:09:37: Polling: All threads finished
16/06/2016 08:10:27: Configuration Read from: C:\Users\adn534\AppData\Roaming\Autodesk\Autodesk AutoCAD Map 3D 2014\R19.1\enu\Support\infocenter.xml
16/06/2016 08:10:30: ICommunicationCenterConnector.SubAwareServiceUrl does not contain valid URL.
 Attempting to load from registry
16/06/2016 08:10:30: SubStatus: No or Bad URL defined in registry - Using default: http://cadservices.autodesk.com/subscriptionservice/subservice
16/06/2016 08:10:30: Polling:2 threads started
16/06/2016 08:10:30: SubStatus: Polling...
16/06/2016 08:10:32: Polling: All threads finished
16/06/2016 08:18:40: Configuration Read from: C:\Users\adn534\AppData\Roaming\Autodesk\Autodesk AutoCAD Map 3D 2014\R19.1\enu\Support\infocenter.xml
16/06/2016 08:18:43: ICommunicationCenterConnector.SubAwareServiceUrl does not contain valid URL.
 Attempting to load from registry
16/06/2016 08:18:43: SubStatus: No or Bad URL defined in registry - Using default: http://cadservices.autodesk.com/subscriptionservice/subservice
16/06/2016 08:18:44: Polling:2 threads started
16/06/2016 08:18:44: SubStatus: Polling...
16/06/2016 08:18:45: Polling: All threads finished
16/06/2016 08:19:55: Configuration Read from: C:\Users\adn534\AppData\Roaming\Autodesk\Autodesk AutoCAD Map 3D 2014\R19.1\enu\Support\infocenter.xml
16/06/2016 08:19:56: ICommunicationCenterConnector.SubAwareServiceUrl does not contain valid URL.
 Attempting to load from registry
16/06/2016 08:19:56: SubStatus: No or Bad URL defined in registry - Using default: http://cadservices.autodesk.com/subscriptionservice/subservice
16/06/2016 08:19:56: Polling:2 threads started
16/06/2016 08:19:56: SubStatus: Polling...
16/06/2016 08:19:56: Polling: All threads finished
16/06/2016 08:24:23: Configuration Read from: C:\Users\adn534\AppData\Roaming\Autodesk\Autodesk AutoCAD Map 3D 2014\R19.1\enu\Support\infocenter.xml
16/06/2016 08:24:24: ICommunicationCenterConnector.SubAwareServiceUrl does not contain valid URL.
 Attempting to load from registry
16/06/2016 08:24:24: SubStatus: No or Bad URL defined in registry - Using default: http://cadservices.autodesk.com/subscriptionservice/subservice
16/06/2016 08:24:24: Polling:2 threads started
16/06/2016 08:24:24: SubStatus: Polling...
16/06/2016 08:24:25: SubStatus: The server threw an exception. (Exception from HRESULT: 0x80010105 (RPC_E_SERVERFAULT))
16/06/2016 08:24:25: Polling: All threads finished
16/06/2016 09:36:57: Configuration Read from: C:\Users\adn534\AppData\Roaming\Autodesk\Autodesk AutoCAD Map 3D 2014\R19.1\enu\Support\infocenter.xml
16/06/2016 09:37:05: ICommunicationCenterConnector.SubAwareServiceUrl does not contain valid URL.
 Attempting to load from registry
16/06/2016 09:37:05: SubStatus: No or Bad URL defined in registry - Using default: http://cadservices.autodesk.com/subscriptionservice/subservice
16/06/2016 09:37:05: Polling:2 threads started
16/06/2016 09:37:05: SubStatus: Polling...
16/06/2016 09:37:05: SubStatus: The server threw an exception. (Exception from HRESULT: 0x80010105 (RPC_E_SERVERFAULT))
16/06/2016 09:37:08: Polling: All threads finished
16/06/2016 17:38:57: Configuration Read from: C:\Users\adn534\AppData\Roaming\Autodesk\Autodesk AutoCAD Map 3D 2014\R19.1\enu\Support\infocenter.xml
16/06/2016 17:38:58: ICommunicationCenterConnector.SubAwareServiceUrl does not contain valid URL.
 Attempting to load from registry
16/06/2016 17:38:58: SubStatus: No or Bad URL defined in registry - Using default: http://cadservices.autodesk.com/subscriptionservice/subservice
16/06/2016 17:38:58: Polling:2 threads started
16/06/2016 17:38:58: SubStatus: Polling...
16/06/2016 17:38:58: SubStatus: The server threw an exception. (Exception from HRESULT: 0x80010105 (RPC_E_SERVERFAULT))
16/06/2016 17:38:58: Polling: All threads finished
23/06/2016 15:55:46: Configuration Read from: C:\Users\adn534\AppData\Roaming\Autodesk\Autodesk AutoCAD Map 3D 2014\R19.1\enu\Support\infocenter.xml
23/06/2016 15:55:54: ICommunicationCenterConnector.SubAwareServiceUrl does not contain valid URL.
 Attempting to load from registry
23/06/2016 15:55:54: SubStatus: No or Bad URL defined in registry - Using default: http://cadservices.autodesk.com/subscriptionservice/subservice
23/06/2016 15:55:54: Polling:2 threads started
23/06/2016 15:55:54: SubStatus: Polling...
23/06/2016 15:55:57: Polling: All threads finished
23/06/2016 17:17:29: Configuration Read from: C:\Users\adn534\AppData\Roaming\Autodesk\Autodesk AutoCAD Map 3D 2014\R19.1\enu\Support\infocenter.xml
23/06/2016 17:18:04: ICommunicationCenterConnector.SubAwareServiceUrl does not contain valid URL.
 Attempting to load from registry
23/06/2016 17:18:04: SubStatus: No or Bad URL defined in registry - Using default: http://cadservices.autodesk.com/subscriptionservice/subservice
23/06/2016 17:18:05: Polling:2 threads started
23/06/2016 17:18:05: SubStatus: Polling...
23/06/2016 17:18:05: Polling: All threads finished
23/06/2016 17:20:47: Configuration Read from: C:\Users\adn534\AppData\Roaming\Autodesk\Autodesk AutoCAD Map 3D 2014\R19.1\enu\Support\infocenter.xml
23/06/2016 17:21:20: ICommunicationCenterConnector.SubAwareServiceUrl does not contain valid URL.
 Attempting to load from registry
23/06/2016 17:21:20: SubStatus: No or Bad URL defined in registry - Using default: http://cadservices.autodesk.com/subscriptionservice/subservice
23/06/2016 17:21:20: Polling:2 threads started
23/06/2016 17:21:20: SubStatus: Polling...
23/06/2016 17:21:21: Polling: All threads finished
23/06/2016 20:10:37: Configuration Read from: C:\Users\adn534\AppData\Roaming\Autodesk\Autodesk AutoCAD Map 3D 2014\R19.1\enu\Support\infocenter.xml
23/06/2016 20:57:34: ICommunicationCenterConnector.SubAwareServiceUrl does not contain valid URL.
 Attempting to load from registry
23/06/2016 20:57:34: SubStatus: No or Bad URL defined in registry - Using default: http://cadservices.autodesk.com/subscriptionservice/subservice
23/06/2016 20:57:34: Polling:2 threads started
23/06/2016 20:57:34: SubStatus: Polling...
23/06/2016 20:57:34: Polling: All threads finished
24/06/2016 12:07:17: Configuration Read from: C:\Users\adn534\AppData\Roaming\Autodesk\Autodesk AutoCAD Map 3D 2014\R19.1\enu\Support\infocenter.xml
24/06/2016 12:07:51: ICommunicationCenterConnector.SubAwareServiceUrl does not contain valid URL.
 Attempting to load from registry
24/06/2016 12:07:51: SubStatus: No or Bad URL defined in registry - Using default: http://cadservices.autodesk.com/subscriptionservice/subservice
24/06/2016 12:07:51: Polling:2 threads started
24/06/2016 12:07:51: SubStatus: Polling...
24/06/2016 12:07:52: Polling: All threads finished
24/06/2016 12:54:59: Configuration Read from: C:\Users\adn534\AppData\Roaming\Autodesk\Autodesk AutoCAD Map 3D 2014\R19.1\enu\Support\infocenter.xml
24/06/2016 12:55:39: ICommunicationCenterConnector.SubAwareServiceUrl does not contain valid URL.
 Attempting to load from registry
24/06/2016 12:55:39: SubStatus: No or Bad URL defined in registry - Using default: http://cadservices.autodesk.com/subscriptionservice/subservice
24/06/2016 12:55:40: Polling:2 threads started
24/06/2016 12:55:40: SubStatus: Polling...
24/06/2016 12:55:40: Polling: All threads finished
24/06/2016 13:30:02: Configuration Read from: C:\Users\adn534\AppData\Roaming\Autodesk\Autodesk AutoCAD Map 3D 2014\R19.1\enu\Support\infocenter.xml
24/06/2016 13:30:38: ICommunicationCenterConnector.SubAwareServiceUrl does not contain valid URL.
 Attempting to load from registry
24/06/2016 13:30:38: SubStatus: No or Bad URL defined in registry - Using default: http://cadservices.autodesk.com/subscriptionservice/subservice
24/06/2016 13:30:38: Polling:2 threads started
24/06/2016 13:30:38: SubStatus: Polling...
24/06/2016 13:30:41: SubStatus: The server threw an exception. (Exception from HRESULT: 0x80010105 (RPC_E_SERVERFAULT))
24/06/2016 13:30:41: Polling: All threads finished
24/06/2016 13:35:00: Configuration Read from: C:\Users\adn534\AppData\Roaming\Autodesk\Autodesk AutoCAD Map 3D 2014\R19.1\enu\Support\infocenter.xml
24/06/2016 13:35:32: ICommunicationCenterConnector.SubAwareServiceUrl does not contain valid URL.
 Attempting to load from registry
24/06/2016 13:35:32: SubStatus: No or Bad URL defined in registry - Using default: http://cadservices.autodesk.com/subscriptionservice/subservice
24/06/2016 13:35:32: Polling:2 threads started
24/06/2016 13:35:32: SubStatus: Polling...
24/06/2016 13:35:32: SubStatus: The server threw an exception. (Exception from HRESULT: 0x80010105 (RPC_E_SERVERFAULT))
24/06/2016 13:35:32: Polling: All threads finished
24/06/2016 13:41:14: Configuration Read from: C:\Users\adn534\AppData\Roaming\Autodesk\Autodesk AutoCAD Map 3D 2014\R19.1\enu\Support\infocenter.xml
24/06/2016 13:41:59: ICommunicationCenterConnector.SubAwareServiceUrl does not contain valid URL.
 Attempting to load from registry
24/06/2016 13:41:59: SubStatus: No or Bad URL defined in registry - Using default: http://cadservices.autodesk.com/subscriptionservice/subservice
24/06/2016 13:41:59: Polling:2 threads started
24/06/2016 13:42:00: SubStatus: Polling...
24/06/2016 13:42:00: SubStatus: The server threw an exception. (Exception from HRESULT: 0x80010105 (RPC_E_SERVERFAULT))
24/06/2016 13:42:00: Polling: All threads finished
24/06/2016 15:04:49: Configuration Read from: C:\Users\adn534\AppData\Roaming\Autodesk\Autodesk AutoCAD Map 3D 2014\R19.1\enu\Support\infocenter.xml
24/06/2016 15:05:22: ICommunicationCenterConnector.SubAwareServiceUrl does not contain valid URL.
 Attempting to load from registry
24/06/2016 15:05:22: SubStatus: No or Bad URL defined in registry - Using default: http://cadservices.autodesk.com/subscriptionservice/subservice
24/06/2016 15:05:22: Polling:2 threads started
24/06/2016 15:05:22: SubStatus: Polling...
24/06/2016 15:05:22: SubStatus: The server threw an exception. (Exception from HRESULT: 0x80010105 (RPC_E_SERVERFAULT))
24/06/2016 15:05:22: Polling: All threads finished
24/06/2016 15:08:32: Configuration Read from: C:\Users\adn534\AppData\Roaming\Autodesk\Autodesk AutoCAD Map 3D 2014\R19.1\enu\Support\infocenter.xml
24/06/2016 15:09:04: ICommunicationCenterConnector.SubAwareServiceUrl does not contain valid URL.
 Attempting to load from registry
24/06/2016 15:09:04: SubStatus: No or Bad URL defined in registry - Using default: http://cadservices.autodesk.com/subscriptionservice/subservice
24/06/2016 15:09:04: Polling:2 threads started
24/06/2016 15:09:04: SubStatus: Polling...
24/06/2016 15:09:04: SubStatus: The server threw an exception. (Exception from HRESULT: 0x80010105 (RPC_E_SERVERFAULT))
24/06/2016 15:09:04: Polling: All threads finished
29/06/2016 13:04:43: Configuration Read from: C:\Users\adn534\AppData\Roaming\Autodesk\Autodesk AutoCAD Map 3D 2014\R19.1\enu\Support\infocenter.xml
29/06/2016 13:05:11: ICommunicationCenterConnector.SubAwareServiceUrl does not contain valid URL.
 Attempting to load from registry
29/06/2016 13:05:11: SubStatus: No or Bad URL defined in registry - Using default: http://cadservices.autodesk.com/subscriptionservice/subservice
29/06/2016 13:05:11: Polling:2 threads started
29/06/2016 13:05:11: SubStatus: Polling...
29/06/2016 13:05:12: Polling: All threads finished
29/06/2016 13:09:54: Configuration Read from: C:\Users\adn534\AppData\Roaming\Autodesk\Autodesk AutoCAD Map 3D 2014\R19.1\enu\Support\infocenter.xml
29/06/2016 13:10:01: ICommunicationCenterConnector.SubAwareServiceUrl does not contain valid URL.
 Attempting to load from registry
29/06/2016 13:10:01: SubStatus: No or Bad URL defined in registry - Using default: http://cadservices.autodesk.com/subscriptionservice/subservice
29/06/2016 13:10:01: Polling:2 threads started
29/06/2016 13:10:01: SubStatus: Polling...
29/06/2016 13:10:06: Polling: All threads finished
29/06/2016 16:42:27: Configuration Read from: C:\Users\adn534\AppData\Roaming\Autodesk\Autodesk AutoCAD Map 3D 2014\R19.1\enu\Support\infocenter.xml
29/06/2016 16:42:32: ICommunicationCenterConnector.SubAwareServiceUrl does not contain valid URL.
 Attempting to load from registry
29/06/2016 16:42:32: SubStatus: No or Bad URL defined in registry - Using default: http://cadservices.autodesk.com/subscriptionservice/subservice
29/06/2016 16:42:32: Polling:2 threads started
29/06/2016 16:42:32: SubStatus: Polling...
29/06/2016 16:42:32: Polling: All threads finished
1/07/2016 10:51:51: Configuration Read from: C:\Users\adn534\AppData\Roaming\Autodesk\Autodesk AutoCAD Map 3D 2014\R19.1\enu\Support\infocenter.xml
1/07/2016 10:52:32: ICommunicationCenterConnector.SubAwareServiceUrl does not contain valid URL.
 Attempting to load from registry
1/07/2016 10:52:32: SubStatus: No or Bad URL defined in registry - Using default: http://cadservices.autodesk.com/subscriptionservice/subservice
1/07/2016 10:52:32: Polling:2 threads started
1/07/2016 10:52:32: SubStatus: Polling...
1/07/2016 10:52:34: Polling: All threads finished
1/07/2016 10:53:20: Configuration Read from: C:\Users\adn534\AppData\Roaming\Autodesk\Autodesk AutoCAD Map 3D 2014\R19.1\enu\Support\infocenter.xml
1/07/2016 10:53:59: ICommunicationCenterConnector.SubAwareServiceUrl does not contain valid URL.
 Attempting to load from registry
1/07/2016 10:53:59: SubStatus: No or Bad URL defined in registry - Using default: http://cadservices.autodesk.com/subscriptionservice/subservice
1/07/2016 10:54:00: Polling:2 threads started
1/07/2016 10:54:00: SubStatus: Polling...
1/07/2016 10:54:01: SubStatus: The server threw an exception. (Exception from HRESULT: 0x80010105 (RPC_E_SERVERFAULT))
1/07/2016 10:54:01: Polling: All threads finished
1/07/2016 22:23:34: Configuration Read from: C:\Users\adn534\AppData\Roaming\Autodesk\Autodesk AutoCAD Map 3D 2014\R19.1\enu\Support\infocenter.xml
1/07/2016 22:23:40: ICommunicationCenterConnector.SubAwareServiceUrl does not contain valid URL.
 Attempting to load from registry
1/07/2016 22:23:40: SubStatus: No or Bad URL defined in registry - Using default: http://cadservices.autodesk.com/subscriptionservice/subservice
5/07/2016 14:40:47: Configuration Read from: C:\Users\adn534\AppData\Roaming\Autodesk\Autodesk AutoCAD Map 3D 2014\R19.1\enu\Support\infocenter.xml
5/07/2016 14:40:54: ICommunicationCenterConnector.SubAwareServiceUrl does not contain valid URL.
 Attempting to load from registry
5/07/2016 14:40:54: SubStatus: No or Bad URL defined in registry - Using default: http://cadservices.autodesk.com/subscriptionservice/subservice
5/07/2016 14:40:54: Polling:2 threads started
5/07/2016 14:40:54: SubStatus: Polling...
5/07/2016 14:40:54: Polling: All threads finished
7/07/2016 11:17:42: Configuration Read from: C:\Users\adn534\AppData\Roaming\Autodesk\Autodesk AutoCAD Map 3D 2014\R19.1\enu\Support\infocenter.xml
7/07/2016 11:18:06: ICommunicationCenterConnector.SubAwareServiceUrl does not contain valid URL.
 Attempting to load from registry
7/07/2016 11:18:06: SubStatus: No or Bad URL defined in registry - Using default: http://cadservices.autodesk.com/subscriptionservice/subservice
7/07/2016 11:18:06: Polling:2 threads started
7/07/2016 11:18:06: SubStatus: Polling...
7/07/2016 11:18:07: Polling: All threads finished
7/07/2016 12:24:01: Configuration Read from: C:\Users\adn534\AppData\Roaming\Autodesk\Autodesk AutoCAD Map 3D 2014\R19.1\enu\Support\infocenter.xml
7/07/2016 12:24:28: ICommunicationCenterConnector.SubAwareServiceUrl does not contain valid URL.
 Attempting to load from registry
7/07/2016 12:24:28: SubStatus: No or Bad URL defined in registry - Using default: http://cadservices.autodesk.com/subscriptionservice/subservice
7/07/2016 12:24:28: Polling:2 threads started
7/07/2016 12:24:28: SubStatus: Polling...
7/07/2016 12:24:29: Polling: All threads finished
7/07/2016 12:33:51: Configuration Read from: C:\Users\adn534\AppData\Roaming\Autodesk\Autodesk AutoCAD Map 3D 2014\R19.1\enu\Support\infocenter.xml
7/07/2016 12:34:11: ICommunicationCenterConnector.SubAwareServiceUrl does not contain valid URL.
 Attempting to load from registry
7/07/2016 12:34:11: SubStatus: No or Bad URL defined in registry - Using default: http://cadservices.autodesk.com/subscriptionservice/subservice
7/07/2016 12:34:11: Polling:2 threads started
7/07/2016 12:34:11: SubStatus: Polling...
7/07/2016 12:34:11: SubStatus: Server Response not defined
7/07/2016 12:34:11: Polling: All threads finished
7/07/2016 12:50:34: Configuration Read from: C:\Users\adn534\AppData\Roaming\Autodesk\Autodesk AutoCAD Map 3D 2014\R19.1\enu\Support\infocenter.xml
7/07/2016 12:50:38: ICommunicationCenterConnector.SubAwareServiceUrl does not contain valid URL.
 Attempting to load from registry
7/07/2016 12:50:38: SubStatus: No or Bad URL defined in registry - Using default: http://cadservices.autodesk.com/subscriptionservice/subservice
7/07/2016 12:50:38: Polling:2 threads started
7/07/2016 12:50:38: SubStatus: Polling...
7/07/2016 12:50:39: Polling: All threads finished
7/07/2016 12:59:05: Configuration Read from: C:\Users\adn534\AppData\Roaming\Autodesk\Autodesk AutoCAD Map 3D 2014\R19.1\enu\Support\infocenter.xml
7/07/2016 12:59:09: ICommunicationCenterConnector.SubAwareServiceUrl does not contain valid URL.
 Attempting to load from registry
7/07/2016 12:59:09: SubStatus: No or Bad URL defined in registry - Using default: http://cadservices.autodesk.com/subscriptionservice/subservice
7/07/2016 12:59:09: Polling:2 threads started
7/07/2016 12:59:09: SubStatus: Polling...
7/07/2016 12:59:10: SubStatus: The server threw an exception. (Exception from HRESULT: 0x80010105 (RPC_E_SERVERFAULT))
7/07/2016 12:59:10: Polling: All threads finished
7/07/2016 13:19:13: Configuration Read from: C:\Users\adn534\AppData\Roaming\Autodesk\Autodesk AutoCAD Map 3D 2014\R19.1\enu\Support\infocenter.xml
7/07/2016 13:19:17: ICommunicationCenterConnector.SubAwareServiceUrl does not contain valid URL.
 Attempting to load from registry
7/07/2016 13:19:17: SubStatus: No or Bad URL defined in registry - Using default: http://cadservices.autodesk.com/subscriptionservice/subservice
7/07/2016 13:19:17: Polling:2 threads started
7/07/2016 13:19:17: SubStatus: Polling...
7/07/2016 13:19:17: SubStatus: The server threw an exception. (Exception from HRESULT: 0x80010105 (RPC_E_SERVERFAULT))
7/07/2016 13:19:18: Polling: All threads finished
12/07/2016 11:25:33: Configuration Read from: C:\Users\adn534\AppData\Roaming\Autodesk\Autodesk AutoCAD Map 3D 2014\R19.1\enu\Support\infocenter.xml
12/07/2016 11:25:43: ICommunicationCenterConnector.SubAwareServiceUrl does not contain valid URL.
 Attempting to load from registry
12/07/2016 11:25:43: SubStatus: No or Bad URL defined in registry - Using default: http://cadservices.autodesk.com/subscriptionservice/subservice
12/07/2016 11:25:43: Polling:2 threads started
12/07/2016 11:25:43: SubStatus: Polling...
12/07/2016 11:25:43: SubStatus: The server threw an exception. (Exception from HRESULT: 0x80010105 (RPC_E_SERVERFAULT))
12/07/2016 11:25:45: Polling: All threads finished
12/07/2016 11:30:12: Configuration Read from: C:\Users\adn534\AppData\Roaming\Autodesk\Autodesk AutoCAD Map 3D 2014\R19.1\enu\Support\infocenter.xml
12/07/2016 11:30:19: ICommunicationCenterConnector.SubAwareServiceUrl does not contain valid URL.
 Attempting to load from registry
12/07/2016 11:30:19: SubStatus: No or Bad URL defined in registry - Using default: http://cadservices.autodesk.com/subscriptionservice/subservice
12/07/2016 11:30:19: Polling:2 threads started
12/07/2016 11:30:20: SubStatus: Polling...
12/07/2016 11:30:20: Polling: All threads finished
12/07/2016 11:32:56: Configuration Read from: C:\Users\adn534\AppData\Roaming\Autodesk\Autodesk AutoCAD Map 3D 2014\R19.1\enu\Support\infocenter.xml
12/07/2016 11:33:31: ICommunicationCenterConnector.SubAwareServiceUrl does not contain valid URL.
 Attempting to load from registry
12/07/2016 11:33:31: SubStatus: No or Bad URL defined in registry - Using default: http://cadservices.autodesk.com/subscriptionservice/subservice
12/07/2016 11:33:31: Polling:2 threads started
12/07/2016 11:33:31: SubStatus: Polling...
12/07/2016 11:33:32: Polling: All threads finished
12/07/2016 11:35:00: Configuration Read from: C:\Users\adn534\AppData\Roaming\Autodesk\Autodesk AutoCAD Map 3D 2014\R19.1\enu\Support\infocenter.xml
12/07/2016 11:35:35: ICommunicationCenterConnector.SubAwareServiceUrl does not contain valid URL.
 Attempting to load from registry
12/07/2016 11:35:35: SubStatus: No or Bad URL defined in registry - Using default: http://cadservices.autodesk.com/subscriptionservice/subservice
12/07/2016 11:35:35: Polling:2 threads started
12/07/2016 11:35:35: SubStatus: Polling...
12/07/2016 11:35:37: SubStatus: The server threw an exception. (Exception from HRESULT: 0x80010105 (RPC_E_SERVERFAULT))
12/07/2016 11:35:37: Polling: All threads finished
12/07/2016 11:40:08: Configuration Read from: C:\Users\adn534\AppData\Roaming\Autodesk\Autodesk AutoCAD Map 3D 2014\R19.1\enu\Support\infocenter.xml
12/07/2016 11:40:28: ICommunicationCenterConnector.SubAwareServiceUrl does not contain valid URL.
 Attempting to load from registry
12/07/2016 11:40:28: SubStatus: No or Bad URL defined in registry - Using default: http://cadservices.autodesk.com/subscriptionservice/subservice
12/07/2016 11:40:28: Polling:2 threads started
12/07/2016 11:40:28: SubStatus: Polling...
12/07/2016 11:40:28: SubStatus: The server threw an exception. (Exception from HRESULT: 0x80010105 (RPC_E_SERVERFAULT))
12/07/2016 11:40:30: Polling: All threads finished
12/07/2016 11:47:16: Configuration Read from: C:\Users\adn534\AppData\Roaming\Autodesk\Autodesk AutoCAD Map 3D 2014\R19.1\enu\Support\infocenter.xml
12/07/2016 11:47:52: ICommunicationCenterConnector.SubAwareServiceUrl does not contain valid URL.
 Attempting to load from registry
12/07/2016 11:47:52: SubStatus: No or Bad URL defined in registry - Using default: http://cadservices.autodesk.com/subscriptionservice/subservice
12/07/2016 11:47:52: Polling:2 threads started
12/07/2016 11:47:52: SubStatus: Polling...
12/07/2016 11:47:52: SubStatus: The server threw an exception. (Exception from HRESULT: 0x80010105 (RPC_E_SERVERFAULT))
12/07/2016 11:47:54: Polling: All threads finished
12/07/2016 11:52:13: Configuration Read from: C:\Users\adn534\AppData\Roaming\Autodesk\Autodesk AutoCAD Map 3D 2014\R19.1\enu\Support\infocenter.xml
12/07/2016 11:52:48: ICommunicationCenterConnector.SubAwareServiceUrl does not contain valid URL.
 Attempting to load from registry
12/07/2016 11:52:48: SubStatus: No or Bad URL defined in registry - Using default: http://cadservices.autodesk.com/subscriptionservice/subservice
12/07/2016 11:52:48: Polling:2 threads started
12/07/2016 11:52:48: SubStatus: Polling...
12/07/2016 11:52:48: SubStatus: The server threw an exception. (Exception from HRESULT: 0x80010105 (RPC_E_SERVERFAULT))
12/07/2016 11:52:50: Polling: All threads finished
12/07/2016 11:59:51: Configuration Read from: C:\Users\adn534\AppData\Roaming\Autodesk\Autodesk AutoCAD Map 3D 2014\R19.1\enu\Support\infocenter.xml
12/07/2016 12:00:30: ICommunicationCenterConnector.SubAwareServiceUrl does not contain valid URL.
 Attempting to load from registry
12/07/2016 12:00:30: SubStatus: No or Bad URL defined in registry - Using default: http://cadservices.autodesk.com/subscriptionservice/subservice
12/07/2016 12:00:30: Polling:2 threads started
12/07/2016 12:00:30: SubStatus: Polling...
12/07/2016 12:00:30: SubStatus: The server threw an exception. (Exception from HRESULT: 0x80010105 (RPC_E_SERVERFAULT))
12/07/2016 12:00:31: Polling: All threads finished
19/07/2016 14:47:35: Configuration Read from: C:\Users\adn534\AppData\Roaming\Autodesk\Autodesk AutoCAD Map 3D 2014\R19.1\enu\Support\infocenter.xml
19/07/2016 14:47:51: ICommunicationCenterConnector.SubAwareServiceUrl does not contain valid URL.
 Attempting to load from registry
19/07/2016 14:47:51: SubStatus: No or Bad URL defined in registry - Using default: http://cadservices.autodesk.com/subscriptionservice/subservice
19/07/2016 14:47:52: Polling:2 threads started
19/07/2016 14:47:52: SubStatus: Polling...
19/07/2016 14:47:52: SubStatus: Server Response not defined
19/07/2016 14:47:59: Polling: All threads finished
19/07/2016 14:51:08: Configuration Read from: C:\Users\adn534\AppData\Roaming\Autodesk\Autodesk AutoCAD Map 3D 2014\R19.1\enu\Support\infocenter.xml
19/07/2016 14:51:17: ICommunicationCenterConnector.SubAwareServiceUrl does not contain valid URL.
 Attempting to load from registry
19/07/2016 14:51:17: SubStatus: No or Bad URL defined in registry - Using default: http://cadservices.autodesk.com/subscriptionservice/subservice
19/07/2016 14:51:17: Polling:2 threads started
19/07/2016 14:51:17: SubStatus: Polling...
19/07/2016 14:51:20: SubStatus: The server threw an exception. (Exception from HRESULT: 0x80010105 (RPC_E_SERVERFAULT))
19/07/2016 14:51:20: Polling: All threads finished
19/07/2016 14:54:26: Configuration Read from: C:\Users\adn534\AppData\Roaming\Autodesk\Autodesk AutoCAD Map 3D 2014\R19.1\enu\Support\infocenter.xml
19/07/2016 14:54:34: ICommunicationCenterConnector.SubAwareServiceUrl does not contain valid URL.
 Attempting to load from registry
19/07/2016 14:54:34: SubStatus: No or Bad URL defined in registry - Using default: http://cadservices.autodesk.com/subscriptionservice/subservice
19/07/2016 14:54:35: Polling:2 threads started
19/07/2016 14:54:35: SubStatus: Polling...
19/07/2016 14:54:37: Polling: All threads finished
19/07/2016 14:58:37: Configuration Read from: C:\Users\adn534\AppData\Roaming\Autodesk\Autodesk AutoCAD Map 3D 2014\R19.1\enu\Support\infocenter.xml
19/07/2016 14:59:14: ICommunicationCenterConnector.SubAwareServiceUrl does not contain valid URL.
 Attempting to load from registry
19/07/2016 14:59:14: SubStatus: No or Bad URL defined in registry - Using default: http://cadservices.autodesk.com/subscriptionservice/subservice
19/07/2016 14:59:15: Polling:2 threads started
19/07/2016 14:59:15: SubStatus: Polling...
19/07/2016 14:59:18: SubStatus: The server threw an exception. (Exception from HRESULT: 0x80010105 (RPC_E_SERVERFAULT))
19/07/2016 14:59:18: Polling: All threads finished
19/07/2016 15:00:04: Configuration Read from: C:\Users\adn534\AppData\Roaming\Autodesk\Autodesk AutoCAD Map 3D 2014\R19.1\enu\Support\infocenter.xml
19/07/2016 15:00:43: ICommunicationCenterConnector.SubAwareServiceUrl does not contain valid URL.
 Attempting to load from registry
19/07/2016 15:00:43: SubStatus: No or Bad URL defined in registry - Using default: http://cadservices.autodesk.com/subscriptionservice/subservice
19/07/2016 15:00:43: Polling:2 threads started
19/07/2016 15:00:43: SubStatus: Polling...
19/07/2016 15:00:43: SubStatus: The server threw an exception. (Exception from HRESULT: 0x80010105 (RPC_E_SERVERFAULT))
19/07/2016 15:00:43: Polling: All threads finished
19/07/2016 15:19:17: Configuration Read from: C:\Users\adn534\AppData\Roaming\Autodesk\Autodesk AutoCAD Map 3D 2014\R19.1\enu\Support\infocenter.xml
19/07/2016 15:20:15: ICommunicationCenterConnector.SubAwareServiceUrl does not contain valid URL.
 Attempting to load from registry
19/07/2016 15:20:15: SubStatus: No or Bad URL defined in registry - Using default: http://cadservices.autodesk.com/subscriptionservice/subservice
19/07/2016 15:20:16: Polling:2 threads started
19/07/2016 15:20:16: SubStatus: Polling...
19/07/2016 15:20:16: SubStatus: The server threw an exception. (Exception from HRESULT: 0x80010105 (RPC_E_SERVERFAULT))
19/07/2016 15:20:16: Polling: All threads finished
19/07/2016 15:51:04: Configuration Read from: C:\Users\adn534\AppData\Roaming\Autodesk\Autodesk AutoCAD Map 3D 2014\R19.1\enu\Support\infocenter.xml
19/07/2016 15:51:40: ICommunicationCenterConnector.SubAwareServiceUrl does not contain valid URL.
 Attempting to load from registry
19/07/2016 15:51:40: SubStatus: No or Bad URL defined in registry - Using default: http://cadservices.autodesk.com/subscriptionservice/subservice
19/07/2016 15:51:41: Polling:2 threads started
19/07/2016 15:51:41: SubStatus: Polling...
19/07/2016 15:51:41: SubStatus: The server threw an exception. (Exception from HRESULT: 0x80010105 (RPC_E_SERVERFAULT))
19/07/2016 15:51:41: Polling: All threads finished
19/07/2016 15:54:28: Configuration Read from: C:\Users\adn534\AppData\Roaming\Autodesk\Autodesk AutoCAD Map 3D 2014\R19.1\enu\Support\infocenter.xml
19/07/2016 15:55:25: ICommunicationCenterConnector.SubAwareServiceUrl does not contain valid URL.
 Attempting to load from registry
19/07/2016 15:55:25: SubStatus: No or Bad URL defined in registry - Using default: http://cadservices.autodesk.com/subscriptionservice/subservice
19/07/2016 15:55:26: Polling:2 threads started
19/07/2016 15:55:26: SubStatus: Polling...
19/07/2016 15:55:26: SubStatus: The server threw an exception. (Exception from HRESULT: 0x80010105 (RPC_E_SERVERFAULT))
19/07/2016 15:55:26: Polling: All threads finished
4/08/2016 10:02:16: Configuration Read from: C:\Users\adn534\AppData\Roaming\Autodesk\Autodesk AutoCAD Map 3D 2014\R19.1\enu\Support\infocenter.xml
4/08/2016 10:02:20: ICommunicationCenterConnector.SubAwareServiceUrl does not contain valid URL.
 Attempting to load from registry
4/08/2016 10:02:20: SubStatus: No or Bad URL defined in registry - Using default: http://cadservices.autodesk.com/subscriptionservice/subservice
4/08/2016 10:02:20: Polling:2 threads started
4/08/2016 10:02:20: SubStatus: Polling...
4/08/2016 10:02:21: Polling: All threads finished
4/08/2016 10:04:17: Configuration Read from: C:\Users\adn534\AppData\Roaming\Autodesk\Autodesk AutoCAD Map 3D 2014\R19.1\enu\Support\infocenter.xml
4/08/2016 10:04:19: ICommunicationCenterConnector.SubAwareServiceUrl does not contain valid URL.
 Attempting to load from registry
4/08/2016 10:04:19: SubStatus: No or Bad URL defined in registry - Using default: http://cadservices.autodesk.com/subscriptionservice/subservice
4/08/2016 10:04:19: Polling:2 threads started
4/08/2016 10:04:19: SubStatus: Polling...
4/08/2016 10:04:21: SubStatus: The server threw an exception. (Exception from HRESULT: 0x80010105 (RPC_E_SERVERFAULT))
4/08/2016 10:04:21: Polling: All threads finished
4/08/2016 10:05:26: Configuration Read from: C:\Users\adn534\AppData\Roaming\Autodesk\Autodesk AutoCAD Map 3D 2014\R19.1\enu\Support\infocenter.xml
4/08/2016 10:05:29: ICommunicationCenterConnector.SubAwareServiceUrl does not contain valid URL.
 Attempting to load from registry
4/08/2016 10:05:29: SubStatus: No or Bad URL defined in registry - Using default: http://cadservices.autodesk.com/subscriptionservice/subservice
4/08/2016 10:05:29: Polling:2 threads started
4/08/2016 10:05:29: SubStatus: Polling...
4/08/2016 10:05:29: SubStatus: The server threw an exception. (Exception from HRESULT: 0x80010105 (RPC_E_SERVERFAULT))
4/08/2016 10:05:29: Polling: All threads finished
4/08/2016 10:08:50: Configuration Read from: C:\Users\adn534\AppData\Roaming\Autodesk\Autodesk AutoCAD Map 3D 2014\R19.1\enu\Support\infocenter.xml
4/08/2016 10:08:53: ICommunicationCenterConnector.SubAwareServiceUrl does not contain valid URL.
 Attempting to load from registry
4/08/2016 10:08:53: SubStatus: No or Bad URL defined in registry - Using default: http://cadservices.autodesk.com/subscriptionservice/subservice
4/08/2016 10:08:53: Polling:2 threads started
4/08/2016 10:08:53: SubStatus: Polling...
4/08/2016 10:08:53: SubStatus: The server threw an exception. (Exception from HRESULT: 0x80010105 (RPC_E_SERVERFAULT))
4/08/2016 10:08:53: Polling: All threads finished
4/08/2016 10:14:38: Configuration Read from: C:\Users\adn534\AppData\Roaming\Autodesk\Autodesk AutoCAD Map 3D 2014\R19.1\enu\Support\infocenter.xml
4/08/2016 10:14:40: ICommunicationCenterConnector.SubAwareServiceUrl does not contain valid URL.
 Attempting to load from registry
4/08/2016 10:14:40: SubStatus: No or Bad URL defined in registry - Using default: http://cadservices.autodesk.com/subscriptionservice/subservice
4/08/2016 10:14:40: Polling:2 threads started
4/08/2016 10:14:40: SubStatus: Polling...
4/08/2016 10:14:40: SubStatus: The server threw an exception. (Exception from HRESULT: 0x80010105 (RPC_E_SERVERFAULT))
4/08/2016 10:14:40: Polling: All threads finished
4/08/2016 13:54:11: Configuration Read from: C:\Users\adn534\AppData\Roaming\Autodesk\Autodesk AutoCAD Map 3D 2014\R19.1\enu\Support\infocenter.xml
4/08/2016 13:54:43: ICommunicationCenterConnector.SubAwareServiceUrl does not contain valid URL.
 Attempting to load from registry
4/08/2016 13:54:43: SubStatus: No or Bad URL defined in registry - Using default: http://cadservices.autodesk.com/subscriptionservice/subservice
4/08/2016 13:54:43: Polling:2 threads started
4/08/2016 13:54:43: SubStatus: Polling...
4/08/2016 13:54:43: SubStatus: The server threw an exception. (Exception from HRESULT: 0x80010105 (RPC_E_SERVERFAULT))
4/08/2016 13:54:43: Polling: All threads finished
4/08/2016 14:00:47: Configuration Read from: C:\Users\adn534\AppData\Roaming\Autodesk\Autodesk AutoCAD Map 3D 2014\R19.1\enu\Support\infocenter.xml
4/08/2016 14:01:27: ICommunicationCenterConnector.SubAwareServiceUrl does not contain valid URL.
 Attempting to load from registry
4/08/2016 14:01:27: SubStatus: No or Bad URL defined in registry - Using default: http://cadservices.autodesk.com/subscriptionservice/subservice
4/08/2016 14:01:27: Polling:2 threads started
4/08/2016 14:01:27: SubStatus: Polling...
4/08/2016 14:01:27: SubStatus: The server threw an exception. (Exception from HRESULT: 0x80010105 (RPC_E_SERVERFAULT))
4/08/2016 14:01:27: Polling: All threads finished
4/08/2016 14:09:36: Configuration Read from: C:\Users\adn534\AppData\Roaming\Autodesk\Autodesk AutoCAD Map 3D 2014\R19.1\enu\Support\infocenter.xml
4/08/2016 14:09:47: ICommunicationCenterConnector.SubAwareServiceUrl does not contain valid URL.
 Attempting to load from registry
4/08/2016 14:09:47: SubStatus: No or Bad URL defined in registry - Using default: http://cadservices.autodesk.com/subscriptionservice/subservice
4/08/2016 14:09:47: Polling:2 threads started
4/08/2016 14:09:47: SubStatus: Polling...
4/08/2016 14:09:47: SubStatus: The server threw an exception. (Exception from HRESULT: 0x80010105 (RPC_E_SERVERFAULT))
4/08/2016 14:09:47: Polling: All threads finished
4/08/2016 14:44:58: Configuration Read from: C:\Users\adn534\AppData\Roaming\Autodesk\Autodesk AutoCAD Map 3D 2014\R19.1\enu\Support\infocenter.xml
4/08/2016 14:45:20: ICommunicationCenterConnector.SubAwareServiceUrl does not contain valid URL.
 Attempting to load from registry
4/08/2016 14:45:20: SubStatus: No or Bad URL defined in registry - Using default: http://cadservices.autodesk.com/subscriptionservice/subservice
4/08/2016 14:45:21: Polling:2 threads started
4/08/2016 14:45:21: SubStatus: Polling...
4/08/2016 14:45:21: SubStatus: The server threw an exception. (Exception from HRESULT: 0x80010105 (RPC_E_SERVERFAULT))
4/08/2016 14:45:21: Polling: All threads finished
4/08/2016 14:47:14: Configuration Read from: C:\Users\adn534\AppData\Roaming\Autodesk\Autodesk AutoCAD Map 3D 2014\R19.1\enu\Support\infocenter.xml
4/08/2016 14:47:53: ICommunicationCenterConnector.SubAwareServiceUrl does not contain valid URL.
 Attempting to load from registry
4/08/2016 14:47:53: SubStatus: No or Bad URL defined in registry - Using default: http://cadservices.autodesk.com/subscriptionservice/subservice
4/08/2016 14:47:53: Polling:2 threads started
4/08/2016 14:47:53: SubStatus: Polling...
4/08/2016 14:47:53: SubStatus: The server threw an exception. (Exception from HRESULT: 0x80010105 (RPC_E_SERVERFAULT))
4/08/2016 14:47:53: Polling: All threads finished
4/08/2016 14:58:06: Configuration Read from: C:\Users\adn534\AppData\Roaming\Autodesk\Autodesk AutoCAD Map 3D 2014\R19.1\enu\Support\infocenter.xml
4/08/2016 14:58:38: ICommunicationCenterConnector.SubAwareServiceUrl does not contain valid URL.
 Attempting to load from registry
4/08/2016 14:58:38: SubStatus: No or Bad URL defined in registry - Using default: http://cadservices.autodesk.com/subscriptionservice/subservice
4/08/2016 14:58:38: Polling:2 threads started
4/08/2016 14:58:38: SubStatus: Polling...
4/08/2016 14:58:38: SubStatus: The server threw an exception. (Exception from HRESULT: 0x80010105 (RPC_E_SERVERFAULT))
4/08/2016 14:58:38: Polling: All threads finished
4/08/2016 15:08:15: Configuration Read from: C:\Users\adn534\AppData\Roaming\Autodesk\Autodesk AutoCAD Map 3D 2014\R19.1\enu\Support\infocenter.xml
4/08/2016 15:08:47: ICommunicationCenterConnector.SubAwareServiceUrl does not contain valid URL.
 Attempting to load from registry
4/08/2016 15:08:47: SubStatus: No or Bad URL defined in registry - Using default: http://cadservices.autodesk.com/subscriptionservice/subservice
4/08/2016 15:08:47: Polling:2 threads started
4/08/2016 15:08:47: SubStatus: Polling...
4/08/2016 15:08:47: SubStatus: The server threw an exception. (Exception from HRESULT: 0x80010105 (RPC_E_SERVERFAULT))
4/08/2016 15:08:47: Polling: All threads finished
4/08/2016 15:10:51: Configuration Read from: C:\Users\adn534\AppData\Roaming\Autodesk\Autodesk AutoCAD Map 3D 2014\R19.1\enu\Support\infocenter.xml
4/08/2016 15:11:00: ICommunicationCenterConnector.SubAwareServiceUrl does not contain valid URL.
 Attempting to load from registry
4/08/2016 15:11:00: SubStatus: No or Bad URL defined in registry - Using default: http://cadservices.autodesk.com/subscriptionservice/subservice
4/08/2016 15:11:00: Polling:2 threads started
4/08/2016 15:11:00: SubStatus: Polling...
4/08/2016 15:11:00: SubStatus: The server threw an exception. (Exception from HRESULT: 0x80010105 (RPC_E_SERVERFAULT))
4/08/2016 15:11:00: Polling: All threads finished
4/08/2016 15:12:58: Configuration Read from: C:\Users\adn534\AppData\Roaming\Autodesk\Autodesk AutoCAD Map 3D 2014\R19.1\enu\Support\infocenter.xml
4/08/2016 15:13:17: ICommunicationCenterConnector.SubAwareServiceUrl does not contain valid URL.
 Attempting to load from registry
4/08/2016 15:13:17: SubStatus: No or Bad URL defined in registry - Using default: http://cadservices.autodesk.com/subscriptionservice/subservice
4/08/2016 15:13:17: Polling:2 threads started
4/08/2016 15:13:17: SubStatus: Polling...
4/08/2016 15:13:17: SubStatus: The server threw an exception. (Exception from HRESULT: 0x80010105 (RPC_E_SERVERFAULT))
4/08/2016 15:13:17: Polling: All threads finished
4/08/2016 16:21:07: Configuration Read from: C:\Users\adn534\AppData\Roaming\Autodesk\Autodesk AutoCAD Map 3D 2014\R19.1\enu\Support\infocenter.xml
4/08/2016 16:21:49: ICommunicationCenterConnector.SubAwareServiceUrl does not contain valid URL.
 Attempting to load from registry
4/08/2016 16:21:49: SubStatus: No or Bad URL defined in registry - Using default: http://cadservices.autodesk.com/subscriptionservice/subservice
4/08/2016 16:21:49: Polling:2 threads started
4/08/2016 16:21:49: SubStatus: Polling...
4/08/2016 16:21:49: SubStatus: The server threw an exception. (Exception from HRESULT: 0x80010105 (RPC_E_SERVERFAULT))
4/08/2016 16:21:49: Polling: All threads finished
4/08/2016 16:29:42: Configuration Read from: C:\Users\adn534\AppData\Roaming\Autodesk\Autodesk AutoCAD Map 3D 2014\R19.1\enu\Support\infocenter.xml
4/08/2016 16:29:47: ICommunicationCenterConnector.SubAwareServiceUrl does not contain valid URL.
 Attempting to load from registry
4/08/2016 16:29:47: SubStatus: No or Bad URL defined in registry - Using default: http://cadservices.autodesk.com/subscriptionservice/subservice
4/08/2016 16:29:47: Polling:2 threads started
4/08/2016 16:29:47: SubStatus: Polling...
4/08/2016 16:29:47: SubStatus: The server threw an exception. (Exception from HRESULT: 0x80010105 (RPC_E_SERVERFAULT))
4/08/2016 16:29:47: Polling: All threads finished
4/08/2016 16:31:46: Configuration Read from: C:\Users\adn534\AppData\Roaming\Autodesk\Autodesk AutoCAD Map 3D 2014\R19.1\enu\Support\infocenter.xml
4/08/2016 16:32:15: ICommunicationCenterConnector.SubAwareServiceUrl does not contain valid URL.
 Attempting to load from registry
4/08/2016 16:32:15: SubStatus: No or Bad URL defined in registry - Using default: http://cadservices.autodesk.com/subscriptionservice/subservice
4/08/2016 16:32:15: Polling:2 threads started
4/08/2016 16:32:15: SubStatus: Polling...
4/08/2016 16:32:15: SubStatus: The server threw an exception. (Exception from HRESULT: 0x80010105 (RPC_E_SERVERFAULT))
4/08/2016 16:32:15: Polling: All threads finished
4/08/2016 16:40:55: Configuration Read from: C:\Users\adn534\AppData\Roaming\Autodesk\Autodesk AutoCAD Map 3D 2014\R19.1\enu\Support\infocenter.xml
4/08/2016 16:41:36: ICommunicationCenterConnector.SubAwareServiceUrl does not contain valid URL.
 Attempting to load from registry
4/08/2016 16:41:36: SubStatus: No or Bad URL defined in registry - Using default: http://cadservices.autodesk.com/subscriptionservice/subservice
4/08/2016 16:41:36: Polling:2 threads started
4/08/2016 16:41:36: SubStatus: Polling...
4/08/2016 16:41:36: SubStatus: The server threw an exception. (Exception from HRESULT: 0x80010105 (RPC_E_SERVERFAULT))
4/08/2016 16:41:36: Polling: All threads finished
4/08/2016 16:46:06: Configuration Read from: C:\Users\adn534\AppData\Roaming\Autodesk\Autodesk AutoCAD Map 3D 2014\R19.1\enu\Support\infocenter.xml
4/08/2016 16:46:46: ICommunicationCenterConnector.SubAwareServiceUrl does not contain valid URL.
 Attempting to load from registry
4/08/2016 16:46:46: SubStatus: No or Bad URL defined in registry - Using default: http://cadservices.autodesk.com/subscriptionservice/subservice
4/08/2016 16:46:46: Polling:2 threads started
4/08/2016 16:46:46: SubStatus: Polling...
4/08/2016 16:46:46: SubStatus: The server threw an exception. (Exception from HRESULT: 0x80010105 (RPC_E_SERVERFAULT))
4/08/2016 16:46:47: Polling: All threads finished
4/08/2016 16:53:14: Configuration Read from: C:\Users\adn534\AppData\Roaming\Autodesk\Autodesk AutoCAD Map 3D 2014\R19.1\enu\Support\infocenter.xml
4/08/2016 16:53:47: ICommunicationCenterConnector.SubAwareServiceUrl does not contain valid URL.
 Attempting to load from registry
4/08/2016 16:53:47: SubStatus: No or Bad URL defined in registry - Using default: http://cadservices.autodesk.com/subscriptionservice/subservice
4/08/2016 16:53:47: Polling:2 threads started
4/08/2016 16:53:47: SubStatus: Polling...
4/08/2016 16:53:47: SubStatus: The server threw an exception. (Exception from HRESULT: 0x80010105 (RPC_E_SERVERFAULT))
4/08/2016 16:53:47: Polling: All threads finished
4/08/2016 17:12:34: Configuration Read from: C:\Users\adn534\AppData\Roaming\Autodesk\Autodesk AutoCAD Map 3D 2014\R19.1\enu\Support\infocenter.xml
4/08/2016 17:13:15: ICommunicationCenterConnector.SubAwareServiceUrl does not contain valid URL.
 Attempting to load from registry
4/08/2016 17:13:15: SubStatus: No or Bad URL defined in registry - Using default: http://cadservices.autodesk.com/subscriptionservice/subservice
4/08/2016 17:13:15: Polling:2 threads started
4/08/2016 17:13:15: SubStatus: Polling...
4/08/2016 17:13:15: SubStatus: The server threw an exception. (Exception from HRESULT: 0x80010105 (RPC_E_SERVERFAULT))
4/08/2016 17:13:15: Polling: All threads finished
4/08/2016 17:17:42: Configuration Read from: C:\Users\adn534\AppData\Roaming\Autodesk\Autodesk AutoCAD Map 3D 2014\R19.1\enu\Support\infocenter.xml
4/08/2016 17:18:07: ICommunicationCenterConnector.SubAwareServiceUrl does not contain valid URL.
 Attempting to load from registry
4/08/2016 17:18:07: SubStatus: No or Bad URL defined in registry - Using default: http://cadservices.autodesk.com/subscriptionservice/subservice
4/08/2016 17:18:07: Polling:2 threads started
4/08/2016 17:18:07: SubStatus: Polling...
4/08/2016 17:18:07: SubStatus: The server threw an exception. (Exception from HRESULT: 0x80010105 (RPC_E_SERVERFAULT))
4/08/2016 17:18:07: Polling: All threads finished
4/08/2016 17:21:55: Configuration Read from: C:\Users\adn534\AppData\Roaming\Autodesk\Autodesk AutoCAD Map 3D 2014\R19.1\enu\Support\infocenter.xml
4/08/2016 17:22:28: ICommunicationCenterConnector.SubAwareServiceUrl does not contain valid URL.
 Attempting to load from registry
4/08/2016 17:22:28: SubStatus: No or Bad URL defined in registry - Using default: http://cadservices.autodesk.com/subscriptionservice/subservice
4/08/2016 17:22:28: Polling:2 threads started
4/08/2016 17:22:28: SubStatus: Polling...
4/08/2016 17:22:28: SubStatus: The server threw an exception. (Exception from HRESULT: 0x80010105 (RPC_E_SERVERFAULT))
4/08/2016 17:22:28: Polling: All threads finished
5/08/2016 09:05:20: Configuration Read from: C:\Users\adn534\AppData\Roaming\Autodesk\Autodesk AutoCAD Map 3D 2014\R19.1\enu\Support\infocenter.xml
5/08/2016 09:06:01: ICommunicationCenterConnector.SubAwareServiceUrl does not contain valid URL.
 Attempting to load from registry
5/08/2016 09:06:01: SubStatus: No or Bad URL defined in registry - Using default: http://cadservices.autodesk.com/subscriptionservice/subservice
5/08/2016 09:06:01: Polling:2 threads started
5/08/2016 09:06:01: SubStatus: Polling...
5/08/2016 09:06:01: SubStatus: The server threw an exception. (Exception from HRESULT: 0x80010105 (RPC_E_SERVERFAULT))
5/08/2016 09:06:01: Polling: All threads finished
18/08/2016 09:59:31: Configuration Read from: C:\Users\adn534\AppData\Roaming\Autodesk\Autodesk AutoCAD Map 3D 2014\R19.1\enu\Support\infocenter.xml
18/08/2016 10:00:29: ICommunicationCenterConnector.SubAwareServiceUrl does not contain valid URL.
 Attempting to load from registry
18/08/2016 10:00:29: SubStatus: No or Bad URL defined in registry - Using default: http://cadservices.autodesk.com/subscriptionservice/subservice
18/08/2016 10:00:30: Polling:2 threads started
18/08/2016 10:00:30: SubStatus: Polling...
18/08/2016 10:00:47: Polling: All threads finished
18/08/2016 10:05:27: Configuration Read from: C:\Users\adn534\AppData\Roaming\Autodesk\Autodesk AutoCAD Map 3D 2014\R19.1\enu\Support\infocenter.xml
18/08/2016 10:05:51: ICommunicationCenterConnector.SubAwareServiceUrl does not contain valid URL.
 Attempting to load from registry
18/08/2016 10:05:51: SubStatus: No or Bad URL defined in registry - Using default: http://cadservices.autodesk.com/subscriptionservice/subservice
18/08/2016 10:05:51: Polling:2 threads started
18/08/2016 10:05:51: SubStatus: Polling...
18/08/2016 10:05:56: Polling: All threads finished
18/08/2016 10:15:48: Configuration Read from: C:\Users\adn534\AppData\Roaming\Autodesk\Autodesk AutoCAD Map 3D 2014\R19.1\enu\Support\infocenter.xml
18/08/2016 10:17:10: ICommunicationCenterConnector.SubAwareServiceUrl does not contain valid URL.
 Attempting to load from registry
18/08/2016 10:17:10: SubStatus: No or Bad URL defined in registry - Using default: http://cadservices.autodesk.com/subscriptionservice/subservice
18/08/2016 10:17:10: Polling:2 threads started
18/08/2016 10:17:10: SubStatus: Polling...
18/08/2016 10:17:12: SubStatus: The server threw an exception. (Exception from HRESULT: 0x80010105 (RPC_E_SERVERFAULT))
18/08/2016 10:17:41: Polling: All threads finished
27/08/2016 10:29:01: Configuration Read from: C:\Users\adn534\AppData\Roaming\Autodesk\Autodesk AutoCAD Map 3D 2014\R19.1\enu\Support\infocenter.xml
27/08/2016 10:29:16: ICommunicationCenterConnector.SubAwareServiceUrl does not contain valid URL.
 Attempting to load from registry
27/08/2016 10:29:16: SubStatus: No or Bad URL defined in registry - Using default: http://cadservices.autodesk.com/subscriptionservice/subservice
27/08/2016 10:29:17: Polling:2 threads started
27/08/2016 10:29:17: SubStatus: Polling...
27/08/2016 10:29:23: Polling: All threads finished
27/08/2016 10:29:56: Configuration Read from: C:\Users\adn534\AppData\Roaming\Autodesk\Autodesk AutoCAD Map 3D 2014\R19.1\enu\Support\infocenter.xml
27/08/2016 10:30:07: ICommunicationCenterConnector.SubAwareServiceUrl does not contain valid URL.
 Attempting to load from registry
27/08/2016 10:30:07: SubStatus: No or Bad URL defined in registry - Using default: http://cadservices.autodesk.com/subscriptionservice/subservice
27/08/2016 10:30:07: Polling:2 threads started
27/08/2016 10:30:07: SubStatus: Polling...
27/08/2016 10:30:11: Polling: All threads finished
27/08/2016 10:49:08: Configuration Read from: C:\Users\adn534\AppData\Roaming\Autodesk\Autodesk AutoCAD Map 3D 2014\R19.1\enu\Support\infocenter.xml
27/08/2016 10:49:18: ICommunicationCenterConnector.SubAwareServiceUrl does not contain valid URL.
 Attempting to load from registry
27/08/2016 10:49:18: SubStatus: No or Bad URL defined in registry - Using default: http://cadservices.autodesk.com/subscriptionservice/subservice
27/08/2016 10:49:18: Polling:2 threads started
27/08/2016 10:49:18: SubStatus: Polling...
27/08/2016 10:49:18: SubStatus: Server Response not defined
27/08/2016 10:49:21: Polling: All threads finished
28/08/2016 10:14:37: Configuration Read from: C:\Users\adn534\AppData\Roaming\Autodesk\Autodesk AutoCAD Map 3D 2014\R19.1\enu\Support\infocenter.xml
28/08/2016 10:14:51: ICommunicationCenterConnector.SubAwareServiceUrl does not contain valid URL.
 Attempting to load from registry
28/08/2016 10:14:51: SubStatus: No or Bad URL defined in registry - Using default: http://cadservices.autodesk.com/subscriptionservice/subservice
28/08/2016 10:14:51: Polling:2 threads started
28/08/2016 10:14:51: SubStatus: Polling...
28/08/2016 10:14:55: Polling: All threads finished
29/08/2016 14:24:16: Configuration Read from: C:\Users\adn534\AppData\Roaming\Autodesk\Autodesk AutoCAD Map 3D 2014\R19.1\enu\Support\infocenter.xml
29/08/2016 14:24:22: ICommunicationCenterConnector.SubAwareServiceUrl does not contain valid URL.
 Attempting to load from registry
29/08/2016 14:24:22: SubStatus: No or Bad URL defined in registry - Using default: http://cadservices.autodesk.com/subscriptionservice/subservice
29/08/2016 14:24:23: Polling:2 threads started
29/08/2016 14:24:23: SubStatus: Polling...
29/08/2016 14:24:25: Polling: All threads finished
29/08/2016 14:51:46: Configuration Read from: C:\Users\adn534\AppData\Roaming\Autodesk\Autodesk AutoCAD Map 3D 2014\R19.1\enu\Support\infocenter.xml
29/08/2016 14:51:50: ICommunicationCenterConnector.SubAwareServiceUrl does not contain valid URL.
 Attempting to load from registry
29/08/2016 14:51:50: SubStatus: No or Bad URL defined in registry - Using default: http://cadservices.autodesk.com/subscriptionservice/subservice
29/08/2016 14:51:50: Polling:2 threads started
29/08/2016 14:51:50: SubStatus: Polling...
29/08/2016 14:51:50: SubStatus: Server Response not defined
29/08/2016 14:51:51: Polling: All threads finished
29/08/2016 15:46:27: Configuration Read from: C:\Users\adn534\AppData\Roaming\Autodesk\Autodesk AutoCAD Map 3D 2014\R19.1\enu\Support\infocenter.xml
29/08/2016 15:46:36: ICommunicationCenterConnector.SubAwareServiceUrl does not contain valid URL.
 Attempting to load from registry
29/08/2016 15:46:36: SubStatus: No or Bad URL defined in registry - Using default: http://cadservices.autodesk.com/subscriptionservice/subservice
29/08/2016 15:46:36: Polling:2 threads started
29/08/2016 15:46:36: SubStatus: Polling...
29/08/2016 15:46:36: SubStatus: Server Response not defined
29/08/2016 15:46:38: Polling: All threads finished
30/08/2016 10:34:06: Configuration Read from: C:\Users\adn534\AppData\Roaming\Autodesk\Autodesk AutoCAD Map 3D 2014\R19.1\enu\Support\infocenter.xml
30/08/2016 10:34:13: ICommunicationCenterConnector.SubAwareServiceUrl does not contain valid URL.
 Attempting to load from registry
30/08/2016 10:34:13: SubStatus: No or Bad URL defined in registry - Using default: http://cadservices.autodesk.com/subscriptionservice/subservice
30/08/2016 10:34:13: Polling:2 threads started
30/08/2016 10:34:13: SubStatus: Polling...
30/08/2016 10:34:16: Polling: All threads finished
6/09/2016 11:38:23: Configuration Read from: C:\Users\adn534\AppData\Roaming\Autodesk\Autodesk AutoCAD Map 3D 2014\R19.1\enu\Support\infocenter.xml
6/09/2016 11:38:30: ICommunicationCenterConnector.SubAwareServiceUrl does not contain valid URL.
 Attempting to load from registry
6/09/2016 11:38:30: SubStatus: No or Bad URL defined in registry - Using default: http://cadservices.autodesk.com/subscriptionservice/subservice
6/09/2016 11:38:30: Polling:2 threads started
6/09/2016 11:38:30: SubStatus: Polling...
6/09/2016 11:38:30: SubStatus: Server Response not defined
6/09/2016 11:38:33: Polling: All threads finished
6/09/2016 11:40:21: Configuration Read from: C:\Users\adn534\AppData\Roaming\Autodesk\Autodesk AutoCAD Map 3D 2014\R19.1\enu\Support\infocenter.xml
6/09/2016 11:40:25: ICommunicationCenterConnector.SubAwareServiceUrl does not contain valid URL.
 Attempting to load from registry
6/09/2016 11:40:25: SubStatus: No or Bad URL defined in registry - Using default: http://cadservices.autodesk.com/subscriptionservice/subservice
6/09/2016 11:40:25: Polling:2 threads started
6/09/2016 11:40:25: SubStatus: Polling...
6/09/2016 11:40:26: SubStatus: The server threw an exception. (Exception from HRESULT: 0x80010105 (RPC_E_SERVERFAULT))
6/09/2016 11:40:26: Polling: All threads finished
6/09/2016 11:43:28: Configuration Read from: C:\Users\adn534\AppData\Roaming\Autodesk\Autodesk AutoCAD Map 3D 2014\R19.1\enu\Support\infocenter.xml
6/09/2016 11:43:32: ICommunicationCenterConnector.SubAwareServiceUrl does not contain valid URL.
 Attempting to load from registry
6/09/2016 11:43:32: SubStatus: No or Bad URL defined in registry - Using default: http://cadservices.autodesk.com/subscriptionservice/subservice
6/09/2016 11:43:32: Polling:2 threads started
6/09/2016 11:43:32: SubStatus: Polling...
6/09/2016 11:43:32: SubStatus: The server threw an exception. (Exception from HRESULT: 0x80010105 (RPC_E_SERVERFAULT))
6/09/2016 11:43:34: Polling: All threads finished
6/09/2016 11:49:02: Configuration Read from: C:\Users\adn534\AppData\Roaming\Autodesk\Autodesk AutoCAD Map 3D 2014\R19.1\enu\Support\infocenter.xml
6/09/2016 11:49:06: ICommunicationCenterConnector.SubAwareServiceUrl does not contain valid URL.
 Attempting to load from registry
6/09/2016 11:49:06: SubStatus: No or Bad URL defined in registry - Using default: http://cadservices.autodesk.com/subscriptionservice/subservice
6/09/2016 11:49:06: Polling:2 threads started
6/09/2016 11:49:06: SubStatus: Polling...
6/09/2016 11:49:06: SubStatus: The server threw an exception. (Exception from HRESULT: 0x80010105 (RPC_E_SERVERFAULT))
6/09/2016 11:49:07: Polling: All threads finished
6/09/2016 11:50:36: Configuration Read from: C:\Users\adn534\AppData\Roaming\Autodesk\Autodesk AutoCAD Map 3D 2014\R19.1\enu\Support\infocenter.xml
6/09/2016 11:50:40: ICommunicationCenterConnector.SubAwareServiceUrl does not contain valid URL.
 Attempting to load from registry
6/09/2016 11:50:40: SubStatus: No or Bad URL defined in registry - Using default: http://cadservices.autodesk.com/subscriptionservice/subservice
6/09/2016 11:50:40: Polling:2 threads started
6/09/2016 11:50:40: SubStatus: Polling...
6/09/2016 11:50:40: SubStatus: The server threw an exception. (Exception from HRESULT: 0x80010105 (RPC_E_SERVERFAULT))
6/09/2016 11:50:41: Polling: All threads finished
6/09/2016 13:05:42: Configuration Read from: C:\Users\adn534\AppData\Roaming\Autodesk\Autodesk AutoCAD Map 3D 2014\R19.1\enu\Support\infocenter.xml
6/09/2016 13:05:46: ICommunicationCenterConnector.SubAwareServiceUrl does not contain valid URL.
 Attempting to load from registry
6/09/2016 13:05:46: SubStatus: No or Bad URL defined in registry - Using default: http://cadservices.autodesk.com/subscriptionservice/subservice
6/09/2016 13:05:46: Polling:2 threads started
6/09/2016 13:05:46: SubStatus: Polling...
6/09/2016 13:05:46: SubStatus: The server threw an exception. (Exception from HRESULT: 0x80010105 (RPC_E_SERVERFAULT))
6/09/2016 13:05:48: Polling: All threads finished
6/09/2016 15:16:46: Configuration Read from: C:\Users\adn534\AppData\Roaming\Autodesk\Autodesk AutoCAD Map 3D 2014\R19.1\enu\Support\infocenter.xml
6/09/2016 15:16:53: ICommunicationCenterConnector.SubAwareServiceUrl does not contain valid URL.
 Attempting to load from registry
6/09/2016 15:16:53: SubStatus: No or Bad URL defined in registry - Using default: http://cadservices.autodesk.com/subscriptionservice/subservice
6/09/2016 15:16:54: Polling:2 threads started
6/09/2016 15:16:54: SubStatus: Polling...
6/09/2016 15:16:54: SubStatus: The server threw an exception. (Exception from HRESULT: 0x80010105 (RPC_E_SERVERFAULT))
6/09/2016 15:16:57: Polling: All threads finished
6/09/2016 15:37:10: Configuration Read from: C:\Users\adn534\AppData\Roaming\Autodesk\Autodesk AutoCAD Map 3D 2014\R19.1\enu\Support\infocenter.xml
6/09/2016 15:41:18: Configuration Read from: C:\Users\adn534\AppData\Roaming\Autodesk\Autodesk AutoCAD Map 3D 2014\R19.1\enu\Support\infocenter.xml
6/09/2016 15:41:22: ICommunicationCenterConnector.SubAwareServiceUrl does not contain valid URL.
 Attempting to load from registry
6/09/2016 15:41:22: SubStatus: No or Bad URL defined in registry - Using default: http://cadservices.autodesk.com/subscriptionservice/subservice
6/09/2016 15:41:22: Polling:2 threads started
6/09/2016 15:41:22: SubStatus: Polling...
6/09/2016 15:41:22: SubStatus: The server threw an exception. (Exception from HRESULT: 0x80010105 (RPC_E_SERVERFAULT))
6/09/2016 15:41:24: Polling: All threads finished
6/09/2016 15:45:00: Configuration Read from: C:\Users\adn534\AppData\Roaming\Autodesk\Autodesk AutoCAD Map 3D 2014\R19.1\enu\Support\infocenter.xml
6/09/2016 15:45:07: ICommunicationCenterConnector.SubAwareServiceUrl does not contain valid URL.
 Attempting to load from registry
6/09/2016 15:45:07: SubStatus: No or Bad URL defined in registry - Using default: http://cadservices.autodesk.com/subscriptionservice/subservice
6/09/2016 15:45:07: Polling:2 threads started
6/09/2016 15:45:07: SubStatus: Polling...
6/09/2016 15:45:07: SubStatus: The server threw an exception. (Exception from HRESULT: 0x80010105 (RPC_E_SERVERFAULT))
6/09/2016 15:45:11: Polling: All threads finished
6/09/2016 15:48:23: Configuration Read from: C:\Users\adn534\AppData\Roaming\Autodesk\Autodesk AutoCAD Map 3D 2014\R19.1\enu\Support\infocenter.xml
6/09/2016 15:48:30: ICommunicationCenterConnector.SubAwareServiceUrl does not contain valid URL.
 Attempting to load from registry
6/09/2016 15:48:30: SubStatus: No or Bad URL defined in registry - Using default: http://cadservices.autodesk.com/subscriptionservice/subservice
6/09/2016 15:48:30: Polling:2 threads started
6/09/2016 15:48:30: SubStatus: Polling...
6/09/2016 15:48:30: SubStatus: The server threw an exception. (Exception from HRESULT: 0x80010105 (RPC_E_SERVERFAULT))
6/09/2016 15:48:34: Polling: All threads finished
6/09/2016 15:49:48: Configuration Read from: C:\Users\adn534\AppData\Roaming\Autodesk\Autodesk AutoCAD Map 3D 2014\R19.1\enu\Support\infocenter.xml
6/09/2016 15:49:55: ICommunicationCenterConnector.SubAwareServiceUrl does not contain valid URL.
 Attempting to load from registry
6/09/2016 15:49:55: SubStatus: No or Bad URL defined in registry - Using default: http://cadservices.autodesk.com/subscriptionservice/subservice
6/09/2016 15:49:55: Polling:2 threads started
6/09/2016 15:49:55: SubStatus: Polling...
6/09/2016 15:49:55: SubStatus: The server threw an exception. (Exception from HRESULT: 0x80010105 (RPC_E_SERVERFAULT))
6/09/2016 15:49:59: Polling: All threads finished
6/09/2016 15:51:41: Configuration Read from: C:\Users\adn534\AppData\Roaming\Autodesk\Autodesk AutoCAD Map 3D 2014\R19.1\enu\Support\infocenter.xml
6/09/2016 15:51:47: ICommunicationCenterConnector.SubAwareServiceUrl does not contain valid URL.
 Attempting to load from registry
6/09/2016 15:51:47: SubStatus: No or Bad URL defined in registry - Using default: http://cadservices.autodesk.com/subscriptionservice/subservice
6/09/2016 15:51:47: Polling:2 threads started
6/09/2016 15:51:47: SubStatus: Polling...
6/09/2016 15:51:47: SubStatus: The server threw an exception. (Exception from HRESULT: 0x80010105 (RPC_E_SERVERFAULT))
6/09/2016 15:51:49: Polling: All threads finished
6/09/2016 15:53:30: Configuration Read from: C:\Users\adn534\AppData\Roaming\Autodesk\Autodesk AutoCAD Map 3D 2014\R19.1\enu\Support\infocenter.xml
6/09/2016 15:53:34: ICommunicationCenterConnector.SubAwareServiceUrl does not contain valid URL.
 Attempting to load from registry
6/09/2016 15:53:34: SubStatus: No or Bad URL defined in registry - Using default: http://cadservices.autodesk.com/subscriptionservice/subservice
6/09/2016 15:53:34: Polling:2 threads started
6/09/2016 15:53:34: SubStatus: Polling...
6/09/2016 15:53:34: SubStatus: The server threw an exception. (Exception from HRESULT: 0x80010105 (RPC_E_SERVERFAULT))
6/09/2016 15:53:36: Polling: All threads finished
6/09/2016 16:00:34: Configuration Read from: C:\Users\adn534\AppData\Roaming\Autodesk\Autodesk AutoCAD Map 3D 2014\R19.1\enu\Support\infocenter.xml
6/09/2016 16:00:46: ICommunicationCenterConnector.SubAwareServiceUrl does not contain valid URL.
 Attempting to load from registry
6/09/2016 16:00:46: SubStatus: No or Bad URL defined in registry - Using default: http://cadservices.autodesk.com/subscriptionservice/subservice
6/09/2016 16:00:46: Polling:2 threads started
6/09/2016 16:00:46: SubStatus: Polling...
6/09/2016 16:00:46: SubStatus: The server threw an exception. (Exception from HRESULT: 0x80010105 (RPC_E_SERVERFAULT))
6/09/2016 16:00:50: Polling: All threads finished
9/09/2016 10:07:42: Configuration Read from: C:\Users\adn534\AppData\Roaming\Autodesk\Autodesk AutoCAD Map 3D 2014\R19.1\enu\Support\infocenter.xml
9/09/2016 10:07:49: ICommunicationCenterConnector.SubAwareServiceUrl does not contain valid URL.
 Attempting to load from registry
9/09/2016 10:07:49: SubStatus: No or Bad URL defined in registry - Using default: http://cadservices.autodesk.com/subscriptionservice/subservice
9/09/2016 10:07:49: Polling:2 threads started
9/09/2016 10:07:49: SubStatus: Polling...
9/09/2016 10:07:49: SubStatus: The server threw an exception. (Exception from HRESULT: 0x80010105 (RPC_E_SERVERFAULT))
9/09/2016 10:07:52: Polling: All threads finished
11/09/2016 12:05:09: Configuration Read from: C:\Users\adn534\AppData\Roaming\Autodesk\Autodesk AutoCAD Map 3D 2014\R19.1\enu\Support\infocenter.xml
11/09/2016 12:05:24: ICommunicationCenterConnector.SubAwareServiceUrl does not contain valid URL.
 Attempting to load from registry
11/09/2016 12:05:24: SubStatus: No or Bad URL defined in registry - Using default: http://cadservices.autodesk.com/subscriptionservice/subservice
11/09/2016 12:05:24: Polling:2 threads started
11/09/2016 12:05:24: SubStatus: Polling...
11/09/2016 12:05:24: SubStatus: The server threw an exception. (Exception from HRESULT: 0x80010105 (RPC_E_SERVERFAULT))
11/09/2016 12:05:29: Polling: All threads finished
12/09/2016 11:59:53: Configuration Read from: C:\Users\adn534\AppData\Roaming\Autodesk\Autodesk AutoCAD Map 3D 2014\R19.1\enu\Support\infocenter.xml
12/09/2016 11:59:59: ICommunicationCenterConnector.SubAwareServiceUrl does not contain valid URL.
 Attempting to load from registry
12/09/2016 11:59:59: SubStatus: No or Bad URL defined in registry - Using default: http://cadservices.autodesk.com/subscriptionservice/subservice
12/09/2016 12:00:00: Polling:2 threads started
12/09/2016 12:00:00: SubStatus: Polling...
12/09/2016 12:00:00: SubStatus: Server Response not defined
12/09/2016 12:00:02: Polling: All threads finished
12/09/2016 12:06:32: Configuration Read from: C:\Users\adn534\AppData\Roaming\Autodesk\Autodesk AutoCAD Map 3D 2014\R19.1\enu\Support\infocenter.xml
12/09/2016 12:06:36: ICommunicationCenterConnector.SubAwareServiceUrl does not contain valid URL.
 Attempting to load from registry
12/09/2016 12:06:36: SubStatus: No or Bad URL defined in registry - Using default: http://cadservices.autodesk.com/subscriptionservice/subservice
12/09/2016 12:06:36: Polling:2 threads started
12/09/2016 12:06:36: SubStatus: Polling...
12/09/2016 12:06:38: Polling: All threads finished
12/09/2016 12:52:43: Configuration Read from: C:\Users\adn534\AppData\Roaming\Autodesk\Autodesk AutoCAD Map 3D 2014\R19.1\enu\Support\infocenter.xml
12/09/2016 12:52:47: ICommunicationCenterConnector.SubAwareServiceUrl does not contain valid URL.
 Attempting to load from registry
12/09/2016 12:52:47: SubStatus: No or Bad URL defined in registry - Using default: http://cadservices.autodesk.com/subscriptionservice/subservice
12/09/2016 12:52:47: Polling:2 threads started
12/09/2016 12:52:47: SubStatus: Polling...
12/09/2016 12:52:47: SubStatus: Server Response not defined
12/09/2016 12:52:49: Polling: All threads finished
13/09/2016 11:07:05: Configuration Read from: C:\Users\adn534\AppData\Roaming\Autodesk\Autodesk AutoCAD Map 3D 2014\R19.1\enu\Support\infocenter.xml
13/09/2016 11:07:11: ICommunicationCenterConnector.SubAwareServiceUrl does not contain valid URL.
 Attempting to load from registry
13/09/2016 11:07:11: SubStatus: No or Bad URL defined in registry - Using default: http://cadservices.autodesk.com/subscriptionservice/subservice
13/09/2016 11:07:11: Polling:2 threads started
13/09/2016 11:07:11: SubStatus: Polling...
13/09/2016 11:07:14: Polling: All threads finished
13/09/2016 12:58:30: Configuration Read from: C:\Users\adn534\AppData\Roaming\Autodesk\Autodesk AutoCAD Map 3D 2014\R19.1\enu\Support\infocenter.xml
13/09/2016 12:58:34: ICommunicationCenterConnector.SubAwareServiceUrl does not contain valid URL.
 Attempting to load from registry
13/09/2016 12:58:34: SubStatus: No or Bad URL defined in registry - Using default: http://cadservices.autodesk.com/subscriptionservice/subservice
13/09/2016 12:58:34: Polling:2 threads started
13/09/2016 12:58:34: SubStatus: Polling...
13/09/2016 12:58:35: Polling: All threads finished
13/09/2016 13:09:12: Configuration Read from: C:\Users\adn534\AppData\Roaming\Autodesk\Autodesk AutoCAD Map 3D 2014\R19.1\enu\Support\infocenter.xml
13/09/2016 13:09:16: ICommunicationCenterConnector.SubAwareServiceUrl does not contain valid URL.
 Attempting to load from registry
13/09/2016 13:09:16: SubStatus: No or Bad URL defined in registry - Using default: http://cadservices.autodesk.com/subscriptionservice/subservice
13/09/2016 13:09:16: Polling:2 threads started
13/09/2016 13:09:16: SubStatus: Polling...
13/09/2016 13:09:17: SubStatus: The server threw an exception. (Exception from HRESULT: 0x80010105 (RPC_E_SERVERFAULT))
13/09/2016 13:09:18: Polling: All threads finished
13/09/2016 13:54:08: Configuration Read from: C:\Users\adn534\AppData\Roaming\Autodesk\Autodesk AutoCAD Map 3D 2014\R19.1\enu\Support\infocenter.xml
13/09/2016 13:54:11: ICommunicationCenterConnector.SubAwareServiceUrl does not contain valid URL.
 Attempting to load from registry
13/09/2016 13:54:11: SubStatus: No or Bad URL defined in registry - Using default: http://cadservices.autodesk.com/subscriptionservice/subservice
13/09/2016 13:54:11: Polling:2 threads started
13/09/2016 13:54:11: SubStatus: Polling...
13/09/2016 13:54:13: Polling: All threads finished
13/09/2016 15:03:07: Configuration Read from: C:\Users\adn534\AppData\Roaming\Autodesk\Autodesk AutoCAD Map 3D 2014\R19.1\enu\Support\infocenter.xml
13/09/2016 15:03:11: ICommunicationCenterConnector.SubAwareServiceUrl does not contain valid URL.
 Attempting to load from registry
13/09/2016 15:03:11: SubStatus: No or Bad URL defined in registry - Using default: http://cadservices.autodesk.com/subscriptionservice/subservice
13/09/2016 15:03:11: Polling:2 threads started
13/09/2016 15:03:11: SubStatus: Polling...
13/09/2016 15:03:13: Polling: All threads finished
13/09/2016 15:42:57: Configuration Read from: C:\Users\adn534\AppData\Roaming\Autodesk\Autodesk AutoCAD Map 3D 2014\R19.1\enu\Support\infocenter.xml
13/09/2016 15:43:00: ICommunicationCenterConnector.SubAwareServiceUrl does not contain valid URL.
 Attempting to load from registry
13/09/2016 15:43:00: SubStatus: No or Bad URL defined in registry - Using default: http://cadservices.autodesk.com/subscriptionservice/subservice
13/09/2016 15:43:01: Polling:2 threads started
13/09/2016 15:43:01: SubStatus: Polling...
13/09/2016 15:43:01: SubStatus: Server Response not defined
13/09/2016 15:43:02: Polling: All threads finished
15/09/2016 16:12:20: Configuration Read from: C:\Users\adn534\AppData\Roaming\Autodesk\Autodesk AutoCAD Map 3D 2014\R19.1\enu\Support\infocenter.xml
15/09/2016 16:12:29: ICommunicationCenterConnector.SubAwareServiceUrl does not contain valid URL.
 Attempting to load from registry
15/09/2016 16:12:29: SubStatus: No or Bad URL defined in registry - Using default: http://cadservices.autodesk.com/subscriptionservice/subservice
15/09/2016 16:12:29: Polling:2 threads started
15/09/2016 16:12:29: SubStatus: Polling...
15/09/2016 16:12:32: Polling: All threads finished
16/09/2016 15:18:43: Configuration Read from: C:\Users\adn534\AppData\Roaming\Autodesk\Autodesk AutoCAD Map 3D 2014\R19.1\enu\Support\infocenter.xml
16/09/2016 15:18:58: ICommunicationCenterConnector.SubAwareServiceUrl does not contain valid URL.
 Attempting to load from registry
16/09/2016 15:18:58: SubStatus: No or Bad URL defined in registry - Using default: http://cadservices.autodesk.com/subscriptionservice/subservice
16/09/2016 15:18:58: Polling:2 threads started
16/09/2016 15:18:58: SubStatus: Polling...
16/09/2016 15:19:00: Polling: All threads finished
18/09/2016 12:40:43: Configuration Read from: C:\Users\adn534\AppData\Roaming\Autodesk\Autodesk AutoCAD Map 3D 2014\R19.1\enu\Support\infocenter.xml
18/09/2016 12:40:49: ICommunicationCenterConnector.SubAwareServiceUrl does not contain valid URL.
 Attempting to load from registry
18/09/2016 12:40:49: SubStatus: No or Bad URL defined in registry - Using default: http://cadservices.autodesk.com/subscriptionservice/subservice
18/09/2016 12:40:49: Polling:2 threads started
18/09/2016 12:40:49: SubStatus: Polling...
18/09/2016 12:40:52: Polling: All threads finished
20/09/2016 17:54:10: Configuration Read from: C:\Users\adn534\AppData\Roaming\Autodesk\Autodesk AutoCAD Map 3D 2014\R19.1\enu\Support\infocenter.xml
20/09/2016 17:54:18: ICommunicationCenterConnector.SubAwareServiceUrl does not contain valid URL.
 Attempting to load from registry
20/09/2016 17:54:18: SubStatus: No or Bad URL defined in registry - Using default: http://cadservices.autodesk.com/subscriptionservice/subservice
20/09/2016 17:54:18: Polling:2 threads started
20/09/2016 17:54:18: SubStatus: Polling...
20/09/2016 17:54:20: Polling: All threads finished
20/09/2016 18:00:28: Configuration Read from: C:\Users\adn534\AppData\Roaming\Autodesk\Autodesk AutoCAD Map 3D 2014\R19.1\enu\Support\infocenter.xml
20/09/2016 18:00:33: ICommunicationCenterConnector.SubAwareServiceUrl does not contain valid URL.
 Attempting to load from registry
20/09/2016 18:00:33: SubStatus: No or Bad URL defined in registry - Using default: http://cadservices.autodesk.com/subscriptionservice/subservice
20/09/2016 18:00:33: Polling:2 threads started
20/09/2016 18:00:33: SubStatus: Polling...
20/09/2016 18:00:36: SubStatus: The server threw an exception. (Exception from HRESULT: 0x80010105 (RPC_E_SERVERFAULT))
20/09/2016 18:00:36: Polling: All threads finished
