Plotter Configuration Editor - DWF6.pc3: You have modified this configuration, would you like to save it before exiting?

Plotter Configuration Editor - DWF6 ePlot.pc3: You have modified this configuration, would you like to save it before exiting?

Plotter Configuration Editor - DWF6 2.pc3: You have modified this configuration, would you like to save it before exiting?

Plotter Configuration Editor - DWF6.pc3: You have modified this configuration, would you like to save it before exiting?

Warning: Properties for this printer can be modified in your Windows
control panel.

Plotter Configuration Editor - DWF6.pc3: You have modified this configuration, would you like to save it before exiting?

Plotter Configuration Editor - PDF.pc3: You have modified this configuration, would you like to save it before exiting?

Error: gdipldef.cpp
Printer name is invalid. Failed to open printer $Workfile: gdipldef.cpp $ $Revision: #1 $

Error: gdipldef.cpp
Printer name is invalid. Failed to open printer $Workfile: gdipldef.cpp $ $Revision: #1 $

Error: gdipldef.cpp
Printer name is invalid. Failed to open printer $Workfile: gdipldef.cpp $ $Revision: #1 $

Warning: Properties for this printer can be modified in your Windows
control panel.

Error: There was an error opening the file U:\local\current\Debug\bin\acad\drv\PublishToWeb PNG.pmp.  The PMP file has been set to None.

Error: There was an error opening the file M:\ACAD2000\drv\PublishToWeb JPG.pmp.  The PMP file has been set to None.

Error: There was an error opening the file U:\local\current\Debug\bin\acad\drv\PublishToWeb PNG.pmp.  The PMP file has been set to None.

Error: There was an error opening the file M:\ACAD2000\drv\PublishToWeb JPG.pmp.  The PMP file has been set to None.

Error: gdipldef.cpp
Printer name is invalid. Failed to open printer $Workfile: gdipldef.cpp $ $Revision: #1 $

Error: There was an error opening the file M:\ACAD2000\drv\PublishToWeb JPG.pmp.  The PMP file has been set to None.

Plotter Configuration Editor - Impetrant.pc3: You have modified this configuration, would you like to save it before exiting?

Plotter Configuration Editor - PDF.PC3: You have modified this configuration, would you like to save it before exiting?

