2016-09-23 12:01:25,912 DEBUG DEBUGid DEBUG - ARGUMENTS: /i C:\Test\Plot\Plot01\Scripts\Empty.dwg /s C:\Test\Plot\Plot01\Scripts\PlotPlanchette.scr /id 157126D /r 1000 /z O /c MAP /e MP /f C:\Home\EnerGis\West\201609\1_2_1665609_31048172\1_1_157126D_MP.pdf /st 1665609-31048172 /t 24 /n 20 /u BZT /imp /d /isolate
2016-09-23 12:01:25,978 DEBUG DEBUGid DEBUG - ARGUMENTS: /i C:\Test\Plot\Plot01\Scripts\Empty.dwg /s C:\Test\Plot\Plot01\Scripts\PlotPlanchette.scr /id 156126H /r 1000 /z O /c MAP /e GAZ,,BP,MP /f C:\Home\EnerGis\West\201609\1_2_1665609_31048172\1_1_156126H_GAZBPMP.pdf /st 1665609-31048172 /t 24 /n 21 /u BZT /imp /d /isolate
2016-09-23 12:01:26,131 DEBUG DEBUGid DEBUG - ARGUMENTS: /i C:\Test\Plot\Plot01\Scripts\Empty.dwg /s C:\Test\Plot\Plot01\Scripts\PlotPlanchette.scr /id 157126C /r 1000 /z O /c MAP /e MP /f C:\Home\EnerGis\West\201609\1_2_1665609_31048172\1_1_157126C_MP.pdf /st 1665609-31048172 /t 24 /n 19 /u BZT /imp /d /isolate
2016-09-23 12:01:27,419 DEBUG DEBUGid DEBUG - Query table DESSIN: SELECT path, fileName FROM dessin WHERE serveur = 'RWA005' AND categorie = 'MAP' AND energie IN('','BP','GAZ','MP','PC','TOPO','TPCB','TPDV','TPMA','TPMD','TPPC','TPRC','TPWL') AND path NOT LIKE '%#%' AND xmax >= 156490 AND xmin <= 157010 AND ymax >= 126740 AND ymin <= 127010 
2016-09-23 12:01:27,419 DEBUG DEBUGid DEBUG - Number OF file found: 13
2016-09-23 12:01:27,466 DEBUG DEBUGid DEBUG - OPEN FILE 1/13   W:/RWA005/ENERGIS/DATA/DWG/MP/MAP\G156126.DWG
2016-09-23 12:01:27,519 DEBUG DEBUGid DEBUG - Query table DESSIN: SELECT path, fileName FROM dessin WHERE serveur = 'RWA005' AND categorie = 'MAP' AND energie IN('MP','TOPO','TPCB','TPDV','TPMA','TPMD','TPPC','TPRC','TPWL') AND path NOT LIKE '%#%' AND xmax >= 156990 AND xmin <= 157510 AND ymax >= 126740 AND ymin <= 127010 
2016-09-23 12:01:27,520 DEBUG DEBUGid DEBUG - Number OF file found: 10
2016-09-23 12:01:27,530 DEBUG DEBUGid DEBUG - OPEN FILE 1/10   W:/RWA005/ENERGIS/DATA/DWG/MP/MAP\G156126.DWG
2016-09-23 12:01:27,557 DEBUG DEBUGid DEBUG - Query table DESSIN: SELECT path, fileName FROM dessin WHERE serveur = 'RWA005' AND categorie = 'MAP' AND energie IN('MP','TOPO','TPCB','TPDV','TPMA','TPMD','TPPC','TPRC','TPWL') AND path NOT LIKE '%#%' AND xmax >= 156990 AND xmin <= 157510 AND ymax >= 126490 AND ymin <= 126760 
2016-09-23 12:01:27,557 DEBUG DEBUGid DEBUG - Number OF file found: 7
2016-09-23 12:01:27,569 DEBUG DEBUGid DEBUG - OPEN FILE 1/7   W:/RWA005/ENERGIS/DATA/DWG/MP/MAP\G156126.DWG
2016-09-23 12:01:28,169 DEBUG DEBUGid DEBUG - OPEN FILE 2/7   W:/RWA005/ENERGIS/DATA/DWG/MP/MAP\G157126.DWG
2016-09-23 12:01:28,211 DEBUG DEBUGid DEBUG - OPEN FILE 2/13   W:/RWA005/ENERGIS/DATA/DWG/MP/MAP\G156127.DWG
2016-09-23 12:01:28,212 DEBUG DEBUGid DEBUG - OPEN FILE 2/10   W:/RWA005/ENERGIS/DATA/DWG/MP/MAP\G156127.DWG
2016-09-23 12:01:28,479 DEBUG DEBUGid DEBUG - OPEN FILE 3/10   W:/RWA005/ENERGIS/DATA/DWG/MP/MAP\G157126.DWG
2016-09-23 12:01:28,519 DEBUG DEBUGid DEBUG - OPEN FILE 3/13   W:/RWA005/ENERGIS/DATA/DWG/MP/MAP\G157126.DWG
2016-09-23 12:01:28,798 DEBUG DEBUGid DEBUG - OPEN FILE 3/7   W:/RWA005/ENERGIS/DATA/DWG/TOPO/MAP/MAN\F157126C.DWG
2016-09-23 12:01:28,895 DEBUG DEBUGid DEBUG - OPEN FILE 4/10   W:/RWA005/ENERGIS/DATA/DWG/TOPO/MAP/MAN\F157126C.DWG
2016-09-23 12:01:28,919 DEBUG DEBUGid DEBUG - OPEN FILE 4/13   W:/RWA005/ENERGIS/DATA/DWG/TOPO/MAP/MAN\F156126C.DWG
2016-09-23 12:01:29,015 DEBUG DEBUGid DEBUG - OPEN FILE 4/7   W:/RWA005/ENERGIS/TOPO/MAP/CAR\F156126.DWG
2016-09-23 12:01:29,033 DEBUG DEBUGid DEBUG - OPEN FILE 5/10   W:/RWA005/ENERGIS/TOPO/MAP/CAR\F156126.DWG
2016-09-23 12:01:29,144 DEBUG DEBUGid DEBUG - OPEN FILE 5/13   W:/RWA005/ENERGIS/TOPO/MAP/CAR\F156126.DWG
2016-09-23 12:01:29,256 DEBUG DEBUGid DEBUG - OPEN FILE 6/10   W:/RWA005/ENERGIS/TOPO/MAP/CAR\F156127.DWG
2016-09-23 12:01:29,288 DEBUG DEBUGid DEBUG - OPEN FILE 5/7   W:/RWA005/ENERGIS/TOPO/MAP/CAR\F157126.DWG
2016-09-23 12:01:29,394 DEBUG DEBUGid DEBUG - OPEN FILE 6/13   W:/RWA005/ENERGIS/TOPO/MAP/CAR\F156127.DWG
2016-09-23 12:01:29,573 DEBUG DEBUGid DEBUG - OPEN FILE 7/10   W:/RWA005/ENERGIS/TOPO/MAP/CAR\F157126.DWG
2016-09-23 12:01:29,647 DEBUG DEBUGid DEBUG - OPEN FILE 7/13   W:/RWA005/ENERGIS/TOPO/MAP/CAR\F157126.DWG
2016-09-23 12:01:29,738 DEBUG DEBUGid DEBUG - OPEN FILE 6/7   W:/RWA005/ENERGIS/TOPO/MAP/PIC\F157126P.DWG
2016-09-23 12:01:29,826 DEBUG DEBUGid DEBUG - OPEN FILE 7/7   W:/RWA005/ENERGIS/TOPO/MAP/PIC\F156126P.DWG
2016-09-23 12:01:29,974 DEBUG DEBUGid DEBUG - OPEN FILE 8/10   W:/RWA005/ENERGIS/TOPO/MAP/CAR\F157127.DWG
2016-09-23 12:01:30,060 DEBUG DEBUGid DEBUG - OPEN FILE 8/13   W:/RWA005/ENERGIS/TOPO/MAP/CAR\F157127.DWG
2016-09-23 12:01:30,272 DEBUG DEBUGid DEBUG - OPEN FILE 9/10   W:/RWA005/ENERGIS/TOPO/MAP/PIC\F157126P.DWG
2016-09-23 12:01:30,282 DEBUG DEBUGid DEBUG - OPEN FILE 9/13   W:/RWA005/ENERGIS/TOPO/MAP/PIC\F156126P.DWG
2016-09-23 12:01:30,308 DEBUG DEBUGid DEBUG - OPEN FILE 10/10   W:/RWA005/ENERGIS/TOPO/MAP/PIC\F156126P.DWG
2016-09-23 12:01:30,339 DEBUG DEBUGid DEBUG - OPEN FILE 10/13   W:/RWA005/ENERGIS/DATA/DWG/BP/MAP\L156126.DWG
2016-09-23 12:01:30,586 DEBUG DEBUGid DEBUG - OPEN FILE 11/13   W:/RWA005/ENERGIS/DATA/DWG/BP/MAP\L156127.DWG
2016-09-23 12:01:30,892 DEBUG DEBUGid DEBUG - OPEN FILE 12/13   W:/RWA005/ENERGIS/DATA/DWG/BP/MAP\L157126.DWG
2016-09-23 12:01:31,300 DEBUG DEBUGid DEBUG - _document.Database.Extmin: (155999.99999999,125998.094731124,-1E-08)
2016-09-23 12:01:31,301 DEBUG DEBUGid DEBUG - _document.Database.Extmax: (158001.038994104,127000.338142624,1E-08)
2016-09-23 12:01:31,301 DEBUG DEBUGid DEBUG - _document.Database.Pextmin: (1E+20,1E+20,1E+20)
2016-09-23 12:01:31,301 DEBUG DEBUGid DEBUG - _document.Database.Pextmin: (1E+20,1E+20,1E+20)
2016-09-23 12:01:31,302 DEBUG DEBUGid DEBUG - Drawing size: 740,280
2016-09-23 12:01:31,306 DEBUG DEBUGid DEBUG - Selected paper format: UserDefinedMetric (297.00 x 740.00MM)
2016-09-23 12:01:31,359 DEBUG DEBUGid DEBUG - OPEN FILE 13/13   W:/RWA005/ENERGIS/DATA/DWG/BP/MAP\L157127.DWG
2016-09-23 12:01:32,212 DEBUG DEBUGid DEBUG - _document.Database.Extmin: (155999.99999999,125998.094731124,-2E-08)
2016-09-23 12:01:32,212 DEBUG DEBUGid DEBUG - _document.Database.Extmax: (158001.038994104,128004.803663704,2E-08)
2016-09-23 12:01:32,213 DEBUG DEBUGid DEBUG - _document.Database.Pextmin: (1E+20,1E+20,1E+20)
2016-09-23 12:01:32,213 DEBUG DEBUGid DEBUG - _document.Database.Pextmin: (1E+20,1E+20,1E+20)
2016-09-23 12:01:32,214 DEBUG DEBUGid DEBUG - Drawing size: 740,280
2016-09-23 12:01:32,220 DEBUG DEBUGid DEBUG - Selected paper format: UserDefinedMetric (297.00 x 740.00MM)
2016-09-23 12:01:34,064 DEBUG DEBUGid DEBUG - _document.Database.Extmin: (155999.99999999,125992.726036863,-2E-08)
2016-09-23 12:01:34,064 DEBUG DEBUGid DEBUG - _document.Database.Extmax: (158001.964539153,128011.162733119,2E-08)
2016-09-23 12:01:34,064 DEBUG DEBUGid DEBUG - _document.Database.Pextmin: (1E+20,1E+20,1E+20)
2016-09-23 12:01:34,064 DEBUG DEBUGid DEBUG - _document.Database.Pextmin: (1E+20,1E+20,1E+20)
2016-09-23 12:01:34,066 DEBUG DEBUGid DEBUG - Drawing size: 740,280
2016-09-23 12:01:34,070 DEBUG DEBUGid DEBUG - Selected paper format: UserDefinedMetric (297.00 x 740.00MM)
2016-09-23 12:01:39,871 DEBUG DEBUGid DEBUG - PLOT SUCCESSFUL
2016-09-23 12:01:41,171 DEBUG DEBUGid DEBUG - PLOT SUCCESSFUL
2016-09-23 12:01:42,506 DEBUG DEBUGid DEBUG - ARGUMENTS: /i C:\Test\Plot\Plot01\Scripts\Empty.dwg /s C:\Test\Plot\Plot01\Scripts\PlotPlanchette.scr /id 156127E /r 1000 /z O /c MAP /e BT /f C:\Home\EnerGis\West\201609\1_2_1665609_31048172\1_1_156127E_BT.pdf /st 1665609-31048172 /t 24 /n 22 /u BZT /imp /d /isolate
2016-09-23 12:01:43,898 DEBUG DEBUGid DEBUG - ARGUMENTS: /i C:\Test\Plot\Plot01\Scripts\Empty.dwg /s C:\Test\Plot\Plot01\Scripts\PlotPlanchette.scr /id 157126C /r 1000 /z O /c MAP /e BT /f C:\Home\EnerGis\West\201609\1_2_1665609_31048172\1_1_157126C_BT.pdf /st 1665609-31048172 /t 24 /n 23 /u BZT /imp /d /isolate
2016-09-23 12:01:44,017 DEBUG DEBUGid DEBUG - Query table DESSIN: SELECT path, fileName FROM dessin WHERE serveur = 'RWA005' AND categorie = 'MAP' AND energie IN('BT','TOPO','TPCB','TPDV','TPMA','TPMD','TPPC','TPRC','TPWL') AND path NOT LIKE '%#%' AND xmax >= 156490 AND xmin <= 157010 AND ymax >= 126990 AND ymin <= 127260 
2016-09-23 12:01:44,017 DEBUG DEBUGid DEBUG - Number OF file found: 10
2016-09-23 12:01:44,031 DEBUG DEBUGid DEBUG - OPEN FILE 1/10   W:/RWA005/ENERGIS/DATA/DWG/TOPO/MAP/MAN\F156126C.DWG
2016-09-23 12:01:44,335 DEBUG DEBUGid DEBUG - PLOT SUCCESSFUL
2016-09-23 12:01:44,430 DEBUG DEBUGid DEBUG - OPEN FILE 2/10   W:/RWA005/ENERGIS/DATA/DWG/TOPO/MAP/MAN\F156127C.DWG
2016-09-23 12:01:44,893 DEBUG DEBUGid DEBUG - Query table DESSIN: SELECT path, fileName FROM dessin WHERE serveur = 'RWA005' AND categorie = 'MAP' AND energie IN('BT','TOPO','TPCB','TPDV','TPMA','TPMD','TPPC','TPRC','TPWL') AND path NOT LIKE '%#%' AND xmax >= 156990 AND xmin <= 157510 AND ymax >= 126490 AND ymin <= 126760 
2016-09-23 12:01:44,893 DEBUG DEBUGid DEBUG - Number OF file found: 6
2016-09-23 12:01:44,901 DEBUG DEBUGid DEBUG - OPEN FILE 3/10   W:/RWA005/ENERGIS/TOPO/MAP/CAR\F156126.DWG
2016-09-23 12:01:44,905 DEBUG DEBUGid DEBUG - OPEN FILE 1/6   W:/RWA005/ENERGIS/DATA/DWG/TOPO/MAP/MAN\F157126C.DWG
2016-09-23 12:01:45,179 DEBUG DEBUGid DEBUG - OPEN FILE 4/10   W:/RWA005/ENERGIS/TOPO/MAP/CAR\F156127.DWG
2016-09-23 12:01:45,215 DEBUG DEBUGid DEBUG - OPEN FILE 2/6   W:/RWA005/ENERGIS/TOPO/MAP/CAR\F156126.DWG
2016-09-23 12:01:45,400 DEBUG DEBUGid DEBUG - OPEN FILE 3/6   W:/RWA005/ENERGIS/TOPO/MAP/CAR\F157126.DWG
2016-09-23 12:01:45,445 DEBUG DEBUGid DEBUG - OPEN FILE 5/10   W:/RWA005/ENERGIS/TOPO/MAP/CAR\F157126.DWG
2016-09-23 12:01:45,740 DEBUG DEBUGid DEBUG - OPEN FILE 6/10   W:/RWA005/ENERGIS/TOPO/MAP/CAR\F157127.DWG
2016-09-23 12:01:45,757 DEBUG DEBUGid DEBUG - OPEN FILE 4/6   W:/RWA005/ENERGIS/TOPO/MAP/PIC\F157126P.DWG
2016-09-23 12:01:45,840 DEBUG DEBUGid DEBUG - OPEN FILE 5/6   W:/RWA005/ENERGIS/TOPO/MAP/PIC\F156126P.DWG
2016-09-23 12:01:45,926 DEBUG DEBUGid DEBUG - OPEN FILE 6/6   W:/RWA005/ENERGIS/DATA/DWG/BT/MAP\B157126.DWG
2016-09-23 12:01:45,983 DEBUG DEBUGid DEBUG - OPEN FILE 7/10   W:/RWA005/ENERGIS/TOPO/MAP/PIC\F156126P.DWG
2016-09-23 12:01:46,025 DEBUG DEBUGid DEBUG - OPEN FILE 8/10   W:/RWA005/ENERGIS/TOPO/MAP/PIC\F156127P.DWG
2016-09-23 12:01:46,095 DEBUG DEBUGid DEBUG - OPEN FILE 9/10   W:/RWA005/ENERGIS/DATA/DWG/BT/MAP\B156126.DWG
2016-09-23 12:01:46,356 DEBUG DEBUGid DEBUG - OPEN FILE 10/10   W:/RWA005/ENERGIS/DATA/DWG/BT/MAP\B156127.DWG
2016-09-23 12:01:49,543 DEBUG DEBUGid DEBUG - _document.Database.Extmin: (155999.982551625,125992.726036863,-1E-08)
2016-09-23 12:01:49,543 DEBUG DEBUGid DEBUG - _document.Database.Extmin: (155999.99999999,125999.492848362,-1E-08)
2016-09-23 12:01:49,543 DEBUG DEBUGid DEBUG - _document.Database.Extmax: (158001.038994104,128000.00000001,1E-08)
2016-09-23 12:01:49,543 DEBUG DEBUGid DEBUG - _document.Database.Extmax: (158001.038994104,127000.338142624,1E-08)
2016-09-23 12:01:49,543 DEBUG DEBUGid DEBUG - _document.Database.Pextmin: (1E+20,1E+20,1E+20)
2016-09-23 12:01:49,543 DEBUG DEBUGid DEBUG - _document.Database.Pextmin: (1E+20,1E+20,1E+20)
2016-09-23 12:01:49,543 DEBUG DEBUGid DEBUG - _document.Database.Pextmin: (1E+20,1E+20,1E+20)
2016-09-23 12:01:49,543 DEBUG DEBUGid DEBUG - _document.Database.Pextmin: (1E+20,1E+20,1E+20)
2016-09-23 12:01:49,544 DEBUG DEBUGid DEBUG - Drawing size: 740,280
2016-09-23 12:01:49,545 DEBUG DEBUGid DEBUG - Drawing size: 740,280
2016-09-23 12:01:49,551 DEBUG DEBUGid DEBUG - Selected paper format: UserDefinedMetric (297.00 x 740.00MM)
2016-09-23 12:01:49,551 DEBUG DEBUGid DEBUG - Selected paper format: UserDefinedMetric (297.00 x 740.00MM)
2016-09-23 12:01:54,158 DEBUG DEBUGid DEBUG - PLOT SUCCESSFUL
2016-09-23 12:01:55,376 DEBUG DEBUGid DEBUG - PLOT SUCCESSFUL
